{"/Users/stuarthanberg/dev/Taper/svelte.config.js": {"path":"/Users/stuarthanberg/dev/Taper/svelte.config.js","all":true,"statementMap":{"0":{"start":{"line":1,"column":0},"end":{"line":1,"column":45}},"1":{"start":{"line":2,"column":0},"end":{"line":2,"column":43}},"2":{"start":{"line":3,"column":0},"end":{"line":3,"column":0}},"3":{"start":{"line":4,"column":0},"end":{"line":4,"column":45}},"4":{"start":{"line":5,"column":0},"end":{"line":5,"column":16}},"5":{"start":{"line":6,"column":0},"end":{"line":6,"column":57}},"6":{"start":{"line":7,"column":0},"end":{"line":7,"column":44}},"7":{"start":{"line":8,"column":0},"end":{"line":8,"column":25}},"8":{"start":{"line":9,"column":0},"end":{"line":9,"column":18}},"9":{"start":{"line":10,"column":0},"end":{"line":10,"column":4}},"10":{"start":{"line":11,"column":0},"end":{"line":11,"column":0}},"11":{"start":{"line":12,"column":0},"end":{"line":12,"column":7}},"12":{"start":{"line":13,"column":0},"end":{"line":13,"column":20}},"13":{"start":{"line":14,"column":0},"end":{"line":14,"column":2}},"14":{"start":{"line":15,"column":0},"end":{"line":15,"column":2}},"15":{"start":{"line":16,"column":0},"end":{"line":16,"column":0}},"16":{"start":{"line":17,"column":0},"end":{"line":17,"column":22}}},"s":{"0":0,"1":0,"2":0,"3":0,"4":0,"5":0,"6":0,"7":0,"8":0,"9":0,"10":0,"11":0,"12":0,"13":0,"14":0,"15":0,"16":0},"branchMap":{"0":{"type":"branch","line":1,"loc":{"start":{"line":1,"column":0},"end":{"line":17,"column":-108}},"locations":[{"start":{"line":1,"column":0},"end":{"line":17,"column":-108}}]}},"b":{"0":[0]},"fnMap":{"0":{"name":"(empty-report)","decl":{"start":{"line":1,"column":0},"end":{"line":17,"column":-108}},"loc":{"start":{"line":1,"column":0},"end":{"line":17,"column":-108}},"line":1}},"f":{"0":0}}
,"/Users/stuarthanberg/dev/Taper/src/TaperDate.ts": {"path":"/Users/stuarthanberg/dev/Taper/src/TaperDate.ts","all":false,"statementMap":{"0":{"start":{"line":1,"column":0},"end":{"line":1,"column":24}},"1":{"start":{"line":2,"column":0},"end":{"line":2,"column":20}},"2":{"start":{"line":3,"column":0},"end":{"line":3,"column":0}},"3":{"start":{"line":4,"column":0},"end":{"line":4,"column":37}},"4":{"start":{"line":5,"column":0},"end":{"line":5,"column":34}},"5":{"start":{"line":6,"column":0},"end":{"line":6,"column":41}},"6":{"start":{"line":7,"column":0},"end":{"line":7,"column":37}},"7":{"start":{"line":8,"column":0},"end":{"line":8,"column":24}},"8":{"start":{"line":9,"column":0},"end":{"line":9,"column":77}},"9":{"start":{"line":10,"column":0},"end":{"line":10,"column":5}},"10":{"start":{"line":11,"column":0},"end":{"line":11,"column":10}},"11":{"start":{"line":12,"column":0},"end":{"line":12,"column":26}},"12":{"start":{"line":13,"column":0},"end":{"line":13,"column":93}},"13":{"start":{"line":14,"column":0},"end":{"line":14,"column":3}},"14":{"start":{"line":15,"column":0},"end":{"line":15,"column":23}},"15":{"start":{"line":16,"column":0},"end":{"line":16,"column":2}},"16":{"start":{"line":17,"column":0},"end":{"line":17,"column":0}},"17":{"start":{"line":18,"column":0},"end":{"line":18,"column":48}},"18":{"start":{"line":19,"column":0},"end":{"line":19,"column":83}},"19":{"start":{"line":20,"column":0},"end":{"line":20,"column":91}},"20":{"start":{"line":21,"column":0},"end":{"line":21,"column":2}},"21":{"start":{"line":22,"column":0},"end":{"line":22,"column":0}},"22":{"start":{"line":23,"column":0},"end":{"line":23,"column":32}},"23":{"start":{"line":24,"column":0},"end":{"line":24,"column":37}},"24":{"start":{"line":25,"column":0},"end":{"line":25,"column":2}},"25":{"start":{"line":26,"column":0},"end":{"line":26,"column":0}},"26":{"start":{"line":27,"column":0},"end":{"line":27,"column":29}},"27":{"start":{"line":28,"column":0},"end":{"line":28,"column":51}},"28":{"start":{"line":29,"column":0},"end":{"line":29,"column":23}},"29":{"start":{"line":30,"column":0},"end":{"line":30,"column":14}},"30":{"start":{"line":31,"column":0},"end":{"line":31,"column":2}},"31":{"start":{"line":32,"column":0},"end":{"line":32,"column":0}},"32":{"start":{"line":33,"column":0},"end":{"line":33,"column":45}},"33":{"start":{"line":34,"column":0},"end":{"line":34,"column":54}},"34":{"start":{"line":35,"column":0},"end":{"line":35,"column":23}},"35":{"start":{"line":36,"column":0},"end":{"line":36,"column":14}},"36":{"start":{"line":37,"column":0},"end":{"line":37,"column":2}},"37":{"start":{"line":38,"column":0},"end":{"line":38,"column":0}},"38":{"start":{"line":39,"column":0},"end":{"line":39,"column":39}},"39":{"start":{"line":40,"column":0},"end":{"line":40,"column":34}},"40":{"start":{"line":41,"column":0},"end":{"line":41,"column":41}},"41":{"start":{"line":42,"column":0},"end":{"line":42,"column":37}},"42":{"start":{"line":43,"column":0},"end":{"line":43,"column":24}},"43":{"start":{"line":44,"column":0},"end":{"line":44,"column":77}},"44":{"start":{"line":45,"column":0},"end":{"line":45,"column":5}},"45":{"start":{"line":46,"column":0},"end":{"line":46,"column":10}},"46":{"start":{"line":47,"column":0},"end":{"line":47,"column":67}},"47":{"start":{"line":48,"column":0},"end":{"line":48,"column":3}},"48":{"start":{"line":49,"column":0},"end":{"line":49,"column":23}},"49":{"start":{"line":50,"column":0},"end":{"line":50,"column":14}},"50":{"start":{"line":51,"column":0},"end":{"line":51,"column":2}},"51":{"start":{"line":52,"column":0},"end":{"line":52,"column":0}},"52":{"start":{"line":53,"column":0},"end":{"line":53,"column":39}},"53":{"start":{"line":54,"column":0},"end":{"line":54,"column":42}},"54":{"start":{"line":55,"column":0},"end":{"line":55,"column":115}},"55":{"start":{"line":56,"column":0},"end":{"line":56,"column":65}},"56":{"start":{"line":57,"column":0},"end":{"line":57,"column":54}},"57":{"start":{"line":58,"column":0},"end":{"line":58,"column":2}},"58":{"start":{"line":59,"column":0},"end":{"line":59,"column":0}},"59":{"start":{"line":60,"column":0},"end":{"line":60,"column":40}},"60":{"start":{"line":61,"column":0},"end":{"line":61,"column":45}},"61":{"start":{"line":62,"column":0},"end":{"line":62,"column":2}},"62":{"start":{"line":63,"column":0},"end":{"line":63,"column":1}}},"s":{"0":1,"1":1,"2":1,"3":1,"4":141,"5":100,"6":141,"7":35,"8":35,"9":35,"10":36,"11":6,"12":6,"13":6,"14":141,"15":141,"16":1,"17":1,"18":101,"19":101,"20":101,"21":1,"22":1,"23":173,"24":173,"25":1,"26":1,"27":1,"28":1,"29":1,"30":1,"31":1,"32":1,"33":29,"34":29,"35":29,"36":29,"37":1,"38":1,"39":3,"40":1,"41":3,"42":1,"43":1,"44":1,"45":1,"46":1,"47":1,"48":2,"49":2,"50":3,"51":1,"52":1,"53":74,"54":74,"55":74,"56":74,"57":74,"58":1,"59":1,"60":90,"61":90,"62":1},"branchMap":{"0":{"type":"branch","line":4,"loc":{"start":{"line":4,"column":1},"end":{"line":16,"column":2}},"locations":[{"start":{"line":4,"column":1},"end":{"line":16,"column":2}}]},"1":{"type":"branch","line":5,"loc":{"start":{"line":5,"column":33},"end":{"line":7,"column":13}},"locations":[{"start":{"line":5,"column":33},"end":{"line":7,"column":13}}]},"2":{"type":"branch","line":7,"loc":{"start":{"line":7,"column":2},"end":{"line":14,"column":3}},"locations":[{"start":{"line":7,"column":2},"end":{"line":14,"column":3}}]},"3":{"type":"branch","line":7,"loc":{"start":{"line":7,"column":36},"end":{"line":14,"column":3}},"locations":[{"start":{"line":7,"column":36},"end":{"line":14,"column":3}}]},"4":{"type":"branch","line":7,"loc":{"start":{"line":7,"column":36},"end":{"line":11,"column":9}},"locations":[{"start":{"line":7,"column":36},"end":{"line":11,"column":9}}]},"5":{"type":"branch","line":11,"loc":{"start":{"line":11,"column":2},"end":{"line":14,"column":3}},"locations":[{"start":{"line":11,"column":2},"end":{"line":14,"column":3}}]},"6":{"type":"branch","line":18,"loc":{"start":{"line":18,"column":9},"end":{"line":21,"column":2}},"locations":[{"start":{"line":18,"column":9},"end":{"line":21,"column":2}}]},"7":{"type":"branch","line":19,"loc":{"start":{"line":19,"column":53},"end":{"line":19,"column":81}},"locations":[{"start":{"line":19,"column":53},"end":{"line":19,"column":81}}]},"8":{"type":"branch","line":23,"loc":{"start":{"line":23,"column":9},"end":{"line":25,"column":2}},"locations":[{"start":{"line":23,"column":9},"end":{"line":25,"column":2}}]},"9":{"type":"branch","line":27,"loc":{"start":{"line":27,"column":8},"end":{"line":31,"column":2}},"locations":[{"start":{"line":27,"column":8},"end":{"line":31,"column":2}}]},"10":{"type":"branch","line":33,"loc":{"start":{"line":33,"column":8},"end":{"line":37,"column":2}},"locations":[{"start":{"line":33,"column":8},"end":{"line":37,"column":2}}]},"11":{"type":"branch","line":39,"loc":{"start":{"line":39,"column":8},"end":{"line":51,"column":2}},"locations":[{"start":{"line":39,"column":8},"end":{"line":51,"column":2}}]},"12":{"type":"branch","line":40,"loc":{"start":{"line":40,"column":33},"end":{"line":42,"column":13}},"locations":[{"start":{"line":40,"column":33},"end":{"line":42,"column":13}}]},"13":{"type":"branch","line":42,"loc":{"start":{"line":42,"column":2},"end":{"line":50,"column":14}},"locations":[{"start":{"line":42,"column":2},"end":{"line":50,"column":14}}]},"14":{"type":"branch","line":42,"loc":{"start":{"line":42,"column":36},"end":{"line":48,"column":3}},"locations":[{"start":{"line":42,"column":36},"end":{"line":48,"column":3}}]},"15":{"type":"branch","line":53,"loc":{"start":{"line":53,"column":8},"end":{"line":58,"column":2}},"locations":[{"start":{"line":53,"column":8},"end":{"line":58,"column":2}}]},"16":{"type":"branch","line":60,"loc":{"start":{"line":60,"column":8},"end":{"line":62,"column":2}},"locations":[{"start":{"line":60,"column":8},"end":{"line":62,"column":2}}]}},"b":{"0":[141],"1":[100],"2":[41],"3":[36],"4":[35],"5":[6],"6":[101],"7":[303],"8":[173],"9":[1],"10":[29],"11":[3],"12":[1],"13":[2],"14":[1],"15":[74],"16":[90]},"fnMap":{"0":{"name":"TaperDate","decl":{"start":{"line":4,"column":1},"end":{"line":16,"column":2}},"loc":{"start":{"line":4,"column":1},"end":{"line":16,"column":2}},"line":4},"1":{"name":"parseYYYYMMDD","decl":{"start":{"line":18,"column":9},"end":{"line":21,"column":2}},"loc":{"start":{"line":18,"column":9},"end":{"line":21,"column":2}},"line":18},"2":{"name":"setTo12thHour","decl":{"start":{"line":23,"column":9},"end":{"line":25,"column":2}},"loc":{"start":{"line":23,"column":9},"end":{"line":25,"column":2}},"line":23},"3":{"name":"incrementByOneDay","decl":{"start":{"line":27,"column":8},"end":{"line":31,"column":2}},"loc":{"start":{"line":27,"column":8},"end":{"line":31,"column":2}},"line":27},"4":{"name":"incrementByDays","decl":{"start":{"line":33,"column":8},"end":{"line":37,"column":2}},"loc":{"start":{"line":33,"column":8},"end":{"line":37,"column":2}},"line":33},"5":{"name":"setDate","decl":{"start":{"line":39,"column":8},"end":{"line":51,"column":2}},"loc":{"start":{"line":39,"column":8},"end":{"line":51,"column":2}},"line":39},"6":{"name":"toYYYYMMDD","decl":{"start":{"line":53,"column":8},"end":{"line":58,"column":2}},"loc":{"start":{"line":53,"column":8},"end":{"line":58,"column":2}},"line":53},"7":{"name":"toScheduleDate","decl":{"start":{"line":60,"column":8},"end":{"line":62,"column":2}},"loc":{"start":{"line":60,"column":8},"end":{"line":62,"column":2}},"line":60}},"f":{"0":141,"1":101,"2":173,"3":1,"4":29,"5":3,"6":74,"7":90}}
,"/Users/stuarthanberg/dev/Taper/src/consts.ts": {"path":"/Users/stuarthanberg/dev/Taper/src/consts.ts","all":false,"statementMap":{"0":{"start":{"line":1,"column":0},"end":{"line":1,"column":54}},"1":{"start":{"line":2,"column":0},"end":{"line":2,"column":11}},"2":{"start":{"line":3,"column":0},"end":{"line":3,"column":31}},"3":{"start":{"line":4,"column":0},"end":{"line":4,"column":31}},"4":{"start":{"line":5,"column":0},"end":{"line":5,"column":31}},"5":{"start":{"line":6,"column":0},"end":{"line":6,"column":29}},"6":{"start":{"line":7,"column":0},"end":{"line":7,"column":3}},"7":{"start":{"line":8,"column":0},"end":{"line":8,"column":26}},"8":{"start":{"line":9,"column":0},"end":{"line":9,"column":31}},"9":{"start":{"line":10,"column":0},"end":{"line":10,"column":31}},"10":{"start":{"line":11,"column":0},"end":{"line":11,"column":31}},"11":{"start":{"line":12,"column":0},"end":{"line":12,"column":31}},"12":{"start":{"line":13,"column":0},"end":{"line":13,"column":31}},"13":{"start":{"line":14,"column":0},"end":{"line":14,"column":31}},"14":{"start":{"line":15,"column":0},"end":{"line":15,"column":31}},"15":{"start":{"line":16,"column":0},"end":{"line":16,"column":31}},"16":{"start":{"line":17,"column":0},"end":{"line":17,"column":34}},"17":{"start":{"line":18,"column":0},"end":{"line":18,"column":31}},"18":{"start":{"line":19,"column":0},"end":{"line":19,"column":30}},"19":{"start":{"line":20,"column":0},"end":{"line":20,"column":30}},"20":{"start":{"line":21,"column":0},"end":{"line":21,"column":30}},"21":{"start":{"line":22,"column":0},"end":{"line":22,"column":31}},"22":{"start":{"line":23,"column":0},"end":{"line":23,"column":31}},"23":{"start":{"line":24,"column":0},"end":{"line":24,"column":31}},"24":{"start":{"line":25,"column":0},"end":{"line":25,"column":31}},"25":{"start":{"line":26,"column":0},"end":{"line":26,"column":31}},"26":{"start":{"line":27,"column":0},"end":{"line":27,"column":30}},"27":{"start":{"line":28,"column":0},"end":{"line":28,"column":3}},"28":{"start":{"line":29,"column":0},"end":{"line":29,"column":27}},"29":{"start":{"line":30,"column":0},"end":{"line":30,"column":31}},"30":{"start":{"line":31,"column":0},"end":{"line":31,"column":31}},"31":{"start":{"line":32,"column":0},"end":{"line":32,"column":31}},"32":{"start":{"line":33,"column":0},"end":{"line":33,"column":31}},"33":{"start":{"line":34,"column":0},"end":{"line":34,"column":31}},"34":{"start":{"line":35,"column":0},"end":{"line":35,"column":31}},"35":{"start":{"line":36,"column":0},"end":{"line":36,"column":31}},"36":{"start":{"line":37,"column":0},"end":{"line":37,"column":34}},"37":{"start":{"line":38,"column":0},"end":{"line":38,"column":32}},"38":{"start":{"line":39,"column":0},"end":{"line":39,"column":33}},"39":{"start":{"line":40,"column":0},"end":{"line":40,"column":32}},"40":{"start":{"line":41,"column":0},"end":{"line":41,"column":31}},"41":{"start":{"line":42,"column":0},"end":{"line":42,"column":31}},"42":{"start":{"line":43,"column":0},"end":{"line":43,"column":31}},"43":{"start":{"line":44,"column":0},"end":{"line":44,"column":31}},"44":{"start":{"line":45,"column":0},"end":{"line":45,"column":31}},"45":{"start":{"line":46,"column":0},"end":{"line":46,"column":31}},"46":{"start":{"line":47,"column":0},"end":{"line":47,"column":31}},"47":{"start":{"line":48,"column":0},"end":{"line":48,"column":31}},"48":{"start":{"line":49,"column":0},"end":{"line":49,"column":30}},"49":{"start":{"line":50,"column":0},"end":{"line":50,"column":3}},"50":{"start":{"line":51,"column":0},"end":{"line":51,"column":15}},"51":{"start":{"line":52,"column":0},"end":{"line":52,"column":32}},"52":{"start":{"line":53,"column":0},"end":{"line":53,"column":34}},"53":{"start":{"line":54,"column":0},"end":{"line":54,"column":32}},"54":{"start":{"line":55,"column":0},"end":{"line":55,"column":31}},"55":{"start":{"line":56,"column":0},"end":{"line":56,"column":31}},"56":{"start":{"line":57,"column":0},"end":{"line":57,"column":31}},"57":{"start":{"line":58,"column":0},"end":{"line":58,"column":31}},"58":{"start":{"line":59,"column":0},"end":{"line":59,"column":31}},"59":{"start":{"line":60,"column":0},"end":{"line":60,"column":31}},"60":{"start":{"line":61,"column":0},"end":{"line":61,"column":31}},"61":{"start":{"line":62,"column":0},"end":{"line":62,"column":31}},"62":{"start":{"line":63,"column":0},"end":{"line":63,"column":30}},"63":{"start":{"line":64,"column":0},"end":{"line":64,"column":2}},"64":{"start":{"line":65,"column":0},"end":{"line":65,"column":2}},"65":{"start":{"line":66,"column":0},"end":{"line":66,"column":0}},"66":{"start":{"line":67,"column":0},"end":{"line":67,"column":70}},"67":{"start":{"line":68,"column":0},"end":{"line":68,"column":0}},"68":{"start":{"line":69,"column":0},"end":{"line":69,"column":38}},"69":{"start":{"line":70,"column":0},"end":{"line":70,"column":67}},"70":{"start":{"line":71,"column":0},"end":{"line":71,"column":64}},"71":{"start":{"line":72,"column":0},"end":{"line":72,"column":66}},"72":{"start":{"line":73,"column":0},"end":{"line":73,"column":72}},"73":{"start":{"line":74,"column":0},"end":{"line":74,"column":65}},"74":{"start":{"line":75,"column":0},"end":{"line":75,"column":63}},"75":{"start":{"line":76,"column":0},"end":{"line":76,"column":2}},"76":{"start":{"line":77,"column":0},"end":{"line":77,"column":0}},"77":{"start":{"line":78,"column":0},"end":{"line":78,"column":62}},"78":{"start":{"line":79,"column":0},"end":{"line":79,"column":0}},"79":{"start":{"line":80,"column":0},"end":{"line":80,"column":72}}},"s":{"0":1,"1":1,"2":1,"3":1,"4":1,"5":1,"6":1,"7":1,"8":1,"9":1,"10":1,"11":1,"12":1,"13":1,"14":1,"15":1,"16":1,"17":1,"18":1,"19":1,"20":1,"21":1,"22":1,"23":1,"24":1,"25":1,"26":1,"27":1,"28":1,"29":1,"30":1,"31":1,"32":1,"33":1,"34":1,"35":1,"36":1,"37":1,"38":1,"39":1,"40":1,"41":1,"42":1,"43":1,"44":1,"45":1,"46":1,"47":1,"48":1,"49":1,"50":1,"51":1,"52":1,"53":1,"54":1,"55":1,"56":1,"57":1,"58":1,"59":1,"60":1,"61":1,"62":1,"63":1,"64":1,"65":1,"66":1,"67":1,"68":1,"69":1,"70":1,"71":1,"72":1,"73":1,"74":1,"75":1,"76":1,"77":1,"78":1,"79":1},"branchMap":{},"b":{},"fnMap":{},"f":{}}
,"/Users/stuarthanberg/dev/Taper/src/stores.ts": {"path":"/Users/stuarthanberg/dev/Taper/src/stores.ts","all":false,"statementMap":{"0":{"start":{"line":1,"column":0},"end":{"line":1,"column":55}},"1":{"start":{"line":2,"column":0},"end":{"line":2,"column":8}},"2":{"start":{"line":3,"column":0},"end":{"line":3,"column":23}},"3":{"start":{"line":4,"column":0},"end":{"line":4,"column":22}},"4":{"start":{"line":5,"column":0},"end":{"line":5,"column":19}},"5":{"start":{"line":6,"column":0},"end":{"line":6,"column":20}},"6":{"start":{"line":7,"column":0},"end":{"line":7,"column":17}},"7":{"start":{"line":8,"column":0},"end":{"line":8,"column":58}},"8":{"start":{"line":9,"column":0},"end":{"line":9,"column":40}},"9":{"start":{"line":10,"column":0},"end":{"line":10,"column":0}},"10":{"start":{"line":11,"column":0},"end":{"line":11,"column":48}},"11":{"start":{"line":12,"column":0},"end":{"line":12,"column":26}},"12":{"start":{"line":13,"column":0},"end":{"line":13,"column":0}},"13":{"start":{"line":14,"column":0},"end":{"line":14,"column":46}},"14":{"start":{"line":15,"column":0},"end":{"line":15,"column":27}},"15":{"start":{"line":16,"column":0},"end":{"line":16,"column":15}},"16":{"start":{"line":17,"column":0},"end":{"line":17,"column":15}},"17":{"start":{"line":18,"column":0},"end":{"line":18,"column":75}},"18":{"start":{"line":19,"column":0},"end":{"line":19,"column":2}},"19":{"start":{"line":20,"column":0},"end":{"line":20,"column":0}},"20":{"start":{"line":21,"column":0},"end":{"line":21,"column":45}},"21":{"start":{"line":22,"column":0},"end":{"line":22,"column":70}},"22":{"start":{"line":23,"column":0},"end":{"line":23,"column":68}},"23":{"start":{"line":24,"column":0},"end":{"line":24,"column":53}},"24":{"start":{"line":25,"column":0},"end":{"line":25,"column":62}},"25":{"start":{"line":26,"column":0},"end":{"line":26,"column":50}},"26":{"start":{"line":27,"column":0},"end":{"line":27,"column":47}},"27":{"start":{"line":28,"column":0},"end":{"line":28,"column":19}},"28":{"start":{"line":29,"column":0},"end":{"line":29,"column":18}},"29":{"start":{"line":30,"column":0},"end":{"line":30,"column":18}},"30":{"start":{"line":31,"column":0},"end":{"line":31,"column":2}},"31":{"start":{"line":32,"column":0},"end":{"line":32,"column":0}},"32":{"start":{"line":33,"column":0},"end":{"line":33,"column":44}},"33":{"start":{"line":34,"column":0},"end":{"line":34,"column":76}},"34":{"start":{"line":35,"column":0},"end":{"line":35,"column":0}},"35":{"start":{"line":36,"column":0},"end":{"line":36,"column":62}},"36":{"start":{"line":37,"column":0},"end":{"line":37,"column":63}},"37":{"start":{"line":38,"column":0},"end":{"line":38,"column":87}},"38":{"start":{"line":39,"column":0},"end":{"line":39,"column":62}},"39":{"start":{"line":40,"column":0},"end":{"line":40,"column":3}},"40":{"start":{"line":41,"column":0},"end":{"line":41,"column":0}},"41":{"start":{"line":42,"column":0},"end":{"line":42,"column":9}},"42":{"start":{"line":43,"column":0},"end":{"line":43,"column":12}},"43":{"start":{"line":44,"column":0},"end":{"line":44,"column":6}},"44":{"start":{"line":45,"column":0},"end":{"line":45,"column":9}},"45":{"start":{"line":46,"column":0},"end":{"line":46,"column":20}},"46":{"start":{"line":47,"column":0},"end":{"line":47,"column":23}},"47":{"start":{"line":48,"column":0},"end":{"line":48,"column":13}},"48":{"start":{"line":49,"column":0},"end":{"line":49,"column":43}},"49":{"start":{"line":50,"column":0},"end":{"line":50,"column":18}},"50":{"start":{"line":51,"column":0},"end":{"line":51,"column":18}},"51":{"start":{"line":52,"column":0},"end":{"line":52,"column":64}},"52":{"start":{"line":53,"column":0},"end":{"line":53,"column":7}},"53":{"start":{"line":54,"column":0},"end":{"line":54,"column":71}},"54":{"start":{"line":55,"column":0},"end":{"line":55,"column":22}},"55":{"start":{"line":56,"column":0},"end":{"line":56,"column":54}},"56":{"start":{"line":57,"column":0},"end":{"line":57,"column":49}},"57":{"start":{"line":58,"column":0},"end":{"line":58,"column":40}},"58":{"start":{"line":59,"column":0},"end":{"line":59,"column":0}},"59":{"start":{"line":60,"column":0},"end":{"line":60,"column":50}},"60":{"start":{"line":61,"column":0},"end":{"line":61,"column":64}},"61":{"start":{"line":62,"column":0},"end":{"line":62,"column":0}},"62":{"start":{"line":63,"column":0},"end":{"line":63,"column":40}},"63":{"start":{"line":64,"column":0},"end":{"line":64,"column":0}},"64":{"start":{"line":65,"column":0},"end":{"line":65,"column":79}},"65":{"start":{"line":66,"column":0},"end":{"line":66,"column":0}},"66":{"start":{"line":67,"column":0},"end":{"line":67,"column":58}},"67":{"start":{"line":68,"column":0},"end":{"line":68,"column":64}},"68":{"start":{"line":69,"column":0},"end":{"line":69,"column":5}},"69":{"start":{"line":70,"column":0},"end":{"line":70,"column":0}},"70":{"start":{"line":71,"column":0},"end":{"line":71,"column":79}},"71":{"start":{"line":72,"column":0},"end":{"line":72,"column":0}},"72":{"start":{"line":73,"column":0},"end":{"line":73,"column":86}},"73":{"start":{"line":74,"column":0},"end":{"line":74,"column":6}},"74":{"start":{"line":75,"column":0},"end":{"line":75,"column":69}},"75":{"start":{"line":76,"column":0},"end":{"line":76,"column":22}},"76":{"start":{"line":77,"column":0},"end":{"line":77,"column":49}},"77":{"start":{"line":78,"column":0},"end":{"line":78,"column":24}},"78":{"start":{"line":79,"column":0},"end":{"line":79,"column":83}},"79":{"start":{"line":80,"column":0},"end":{"line":80,"column":12}},"80":{"start":{"line":81,"column":0},"end":{"line":81,"column":17}},"81":{"start":{"line":82,"column":0},"end":{"line":82,"column":82}},"82":{"start":{"line":83,"column":0},"end":{"line":83,"column":51}},"83":{"start":{"line":84,"column":0},"end":{"line":84,"column":6}},"84":{"start":{"line":85,"column":0},"end":{"line":85,"column":6}},"85":{"start":{"line":86,"column":0},"end":{"line":86,"column":56}},"86":{"start":{"line":87,"column":0},"end":{"line":87,"column":22}},"87":{"start":{"line":88,"column":0},"end":{"line":88,"column":49}},"88":{"start":{"line":89,"column":0},"end":{"line":89,"column":12}},"89":{"start":{"line":90,"column":0},"end":{"line":90,"column":17}},"90":{"start":{"line":91,"column":0},"end":{"line":91,"column":68}},"91":{"start":{"line":92,"column":0},"end":{"line":92,"column":6}},"92":{"start":{"line":93,"column":0},"end":{"line":93,"column":6}},"93":{"start":{"line":94,"column":0},"end":{"line":94,"column":4}},"94":{"start":{"line":95,"column":0},"end":{"line":95,"column":63}},"95":{"start":{"line":96,"column":0},"end":{"line":96,"column":22}},"96":{"start":{"line":97,"column":0},"end":{"line":97,"column":49}},"97":{"start":{"line":98,"column":0},"end":{"line":98,"column":51}},"98":{"start":{"line":99,"column":0},"end":{"line":99,"column":55}},"99":{"start":{"line":100,"column":0},"end":{"line":100,"column":75}},"100":{"start":{"line":101,"column":0},"end":{"line":101,"column":28}},"101":{"start":{"line":102,"column":0},"end":{"line":102,"column":6}},"102":{"start":{"line":103,"column":0},"end":{"line":103,"column":0}},"103":{"start":{"line":104,"column":0},"end":{"line":104,"column":45}},"104":{"start":{"line":105,"column":0},"end":{"line":105,"column":42}},"105":{"start":{"line":106,"column":0},"end":{"line":106,"column":62}},"106":{"start":{"line":107,"column":0},"end":{"line":107,"column":87}},"107":{"start":{"line":108,"column":0},"end":{"line":108,"column":5}},"108":{"start":{"line":109,"column":0},"end":{"line":109,"column":0}},"109":{"start":{"line":110,"column":0},"end":{"line":110,"column":91}},"110":{"start":{"line":111,"column":0},"end":{"line":111,"column":86}},"111":{"start":{"line":112,"column":0},"end":{"line":112,"column":0}},"112":{"start":{"line":113,"column":0},"end":{"line":113,"column":88}},"113":{"start":{"line":114,"column":0},"end":{"line":114,"column":50}},"114":{"start":{"line":115,"column":0},"end":{"line":115,"column":50}},"115":{"start":{"line":116,"column":0},"end":{"line":116,"column":5}},"116":{"start":{"line":117,"column":0},"end":{"line":117,"column":0}},"117":{"start":{"line":118,"column":0},"end":{"line":118,"column":47}},"118":{"start":{"line":119,"column":0},"end":{"line":119,"column":75}},"119":{"start":{"line":120,"column":0},"end":{"line":120,"column":12}},"120":{"start":{"line":121,"column":0},"end":{"line":121,"column":66}},"121":{"start":{"line":122,"column":0},"end":{"line":122,"column":5}},"122":{"start":{"line":123,"column":0},"end":{"line":123,"column":86}},"123":{"start":{"line":124,"column":0},"end":{"line":124,"column":6}},"124":{"start":{"line":125,"column":0},"end":{"line":125,"column":51}},"125":{"start":{"line":126,"column":0},"end":{"line":126,"column":22}},"126":{"start":{"line":127,"column":0},"end":{"line":127,"column":49}},"127":{"start":{"line":128,"column":0},"end":{"line":128,"column":12}},"128":{"start":{"line":129,"column":0},"end":{"line":129,"column":17}},"129":{"start":{"line":130,"column":0},"end":{"line":130,"column":16}},"130":{"start":{"line":131,"column":0},"end":{"line":131,"column":27}},"131":{"start":{"line":132,"column":0},"end":{"line":132,"column":75}},"132":{"start":{"line":133,"column":0},"end":{"line":133,"column":33}},"133":{"start":{"line":134,"column":0},"end":{"line":134,"column":6}},"134":{"start":{"line":135,"column":0},"end":{"line":135,"column":6}},"135":{"start":{"line":136,"column":0},"end":{"line":136,"column":6}},"136":{"start":{"line":137,"column":0},"end":{"line":137,"column":48}},"137":{"start":{"line":138,"column":0},"end":{"line":138,"column":22}},"138":{"start":{"line":139,"column":0},"end":{"line":139,"column":49}},"139":{"start":{"line":140,"column":0},"end":{"line":140,"column":56}},"140":{"start":{"line":141,"column":0},"end":{"line":141,"column":33}},"141":{"start":{"line":142,"column":0},"end":{"line":142,"column":86}},"142":{"start":{"line":143,"column":0},"end":{"line":143,"column":6}},"143":{"start":{"line":144,"column":0},"end":{"line":144,"column":19}},"144":{"start":{"line":145,"column":0},"end":{"line":145,"column":22}},"145":{"start":{"line":146,"column":0},"end":{"line":146,"column":37}},"146":{"start":{"line":147,"column":0},"end":{"line":147,"column":47}},"147":{"start":{"line":148,"column":0},"end":{"line":148,"column":82}},"148":{"start":{"line":149,"column":0},"end":{"line":149,"column":66}},"149":{"start":{"line":150,"column":0},"end":{"line":150,"column":82}},"150":{"start":{"line":151,"column":0},"end":{"line":151,"column":5}},"151":{"start":{"line":152,"column":0},"end":{"line":152,"column":17}},"152":{"start":{"line":153,"column":0},"end":{"line":153,"column":6}},"153":{"start":{"line":154,"column":0},"end":{"line":154,"column":19}},"154":{"start":{"line":155,"column":0},"end":{"line":155,"column":22}},"155":{"start":{"line":156,"column":0},"end":{"line":156,"column":37}},"156":{"start":{"line":157,"column":0},"end":{"line":157,"column":47}},"157":{"start":{"line":158,"column":0},"end":{"line":158,"column":82}},"158":{"start":{"line":159,"column":0},"end":{"line":159,"column":66}},"159":{"start":{"line":160,"column":0},"end":{"line":160,"column":0}},"160":{"start":{"line":161,"column":0},"end":{"line":161,"column":82}},"161":{"start":{"line":162,"column":0},"end":{"line":162,"column":5}},"162":{"start":{"line":163,"column":0},"end":{"line":163,"column":17}},"163":{"start":{"line":164,"column":0},"end":{"line":164,"column":5}},"164":{"start":{"line":165,"column":0},"end":{"line":165,"column":3}},"165":{"start":{"line":166,"column":0},"end":{"line":166,"column":1}},"166":{"start":{"line":167,"column":0},"end":{"line":167,"column":0}},"167":{"start":{"line":168,"column":0},"end":{"line":168,"column":41}}},"s":{"0":1,"1":1,"2":1,"3":1,"4":1,"5":1,"6":1,"7":1,"8":1,"9":1,"10":1,"11":1,"12":1,"13":1,"14":1,"15":1,"16":1,"17":1,"18":1,"19":1,"20":1,"21":1,"22":1,"23":1,"24":1,"25":1,"26":1,"27":1,"28":1,"29":1,"30":1,"31":1,"32":1,"33":5,"34":5,"35":5,"36":31,"37":31,"38":31,"39":31,"40":5,"41":5,"42":5,"43":5,"44":5,"45":5,"46":17,"47":17,"48":17,"49":17,"50":17,"51":17,"52":17,"53":5,"54":16,"55":16,"56":16,"57":16,"58":16,"59":16,"60":16,"61":16,"62":16,"63":16,"64":16,"65":16,"66":16,"67":1,"68":1,"69":16,"70":16,"71":16,"72":16,"73":16,"74":5,"75":2,"76":2,"77":2,"78":2,"79":2,"80":2,"81":2,"82":2,"83":2,"84":2,"85":5,"86":1,"87":1,"88":1,"89":1,"90":1,"91":1,"92":1,"93":1,"94":5,"95":7,"96":7,"97":7,"98":7,"99":7,"100":24,"101":7,"102":7,"103":7,"104":4,"105":4,"106":4,"107":4,"108":3,"109":3,"110":3,"111":3,"112":3,"113":3,"114":3,"115":3,"116":3,"117":7,"118":1,"119":7,"120":2,"121":2,"122":3,"123":7,"124":5,"125":2,"126":2,"127":2,"128":2,"129":2,"130":2,"131":2,"132":2,"133":2,"134":2,"135":2,"136":5,"137":3,"138":3,"139":3,"140":3,"141":3,"142":3,"143":5,"144":16,"145":16,"146":15,"147":15,"148":15,"149":15,"150":15,"151":1,"152":16,"153":5,"154":7,"155":7,"156":6,"157":6,"158":6,"159":6,"160":6,"161":6,"162":1,"163":7,"164":5,"165":5,"166":1,"167":1},"branchMap":{"0":{"type":"branch","line":33,"loc":{"start":{"line":33,"column":7},"end":{"line":166,"column":1}},"locations":[{"start":{"line":33,"column":7},"end":{"line":166,"column":1}}]},"1":{"type":"branch","line":36,"loc":{"start":{"line":36,"column":30},"end":{"line":40,"column":3}},"locations":[{"start":{"line":36,"column":30},"end":{"line":40,"column":3}}]},"2":{"type":"branch","line":46,"loc":{"start":{"line":46,"column":9},"end":{"line":53,"column":7}},"locations":[{"start":{"line":46,"column":9},"end":{"line":53,"column":7}}]},"3":{"type":"branch","line":47,"loc":{"start":{"line":47,"column":10},"end":{"line":53,"column":5}},"locations":[{"start":{"line":47,"column":10},"end":{"line":53,"column":5}}]},"4":{"type":"branch","line":54,"loc":{"start":{"line":54,"column":22},"end":{"line":74,"column":6}},"locations":[{"start":{"line":54,"column":22},"end":{"line":74,"column":6}}]},"5":{"type":"branch","line":55,"loc":{"start":{"line":55,"column":10},"end":{"line":74,"column":4}},"locations":[{"start":{"line":55,"column":10},"end":{"line":74,"column":4}}]},"6":{"type":"branch","line":60,"loc":{"start":{"line":60,"column":41},"end":{"line":60,"column":50}},"locations":[{"start":{"line":60,"column":41},"end":{"line":60,"column":50}}]},"7":{"type":"branch","line":61,"loc":{"start":{"line":61,"column":48},"end":{"line":61,"column":64}},"locations":[{"start":{"line":61,"column":48},"end":{"line":61,"column":64}}]},"8":{"type":"branch","line":67,"loc":{"start":{"line":67,"column":57},"end":{"line":69,"column":5}},"locations":[{"start":{"line":67,"column":57},"end":{"line":69,"column":5}}]},"9":{"type":"branch","line":67,"loc":{"start":{"line":67,"column":26},"end":{"line":67,"column":54}},"locations":[{"start":{"line":67,"column":26},"end":{"line":67,"column":54}}]},"10":{"type":"branch","line":75,"loc":{"start":{"line":75,"column":19},"end":{"line":85,"column":6}},"locations":[{"start":{"line":75,"column":19},"end":{"line":85,"column":6}}]},"11":{"type":"branch","line":76,"loc":{"start":{"line":76,"column":10},"end":{"line":85,"column":4}},"locations":[{"start":{"line":76,"column":10},"end":{"line":85,"column":4}}]},"12":{"type":"branch","line":79,"loc":{"start":{"line":79,"column":17},"end":{"line":79,"column":60}},"locations":[{"start":{"line":79,"column":17},"end":{"line":79,"column":60}}]},"13":{"type":"branch","line":86,"loc":{"start":{"line":86,"column":21},"end":{"line":94,"column":4}},"locations":[{"start":{"line":86,"column":21},"end":{"line":94,"column":4}}]},"14":{"type":"branch","line":87,"loc":{"start":{"line":87,"column":10},"end":{"line":93,"column":4}},"locations":[{"start":{"line":87,"column":10},"end":{"line":93,"column":4}}]},"15":{"type":"branch","line":95,"loc":{"start":{"line":95,"column":39},"end":{"line":124,"column":6}},"locations":[{"start":{"line":95,"column":39},"end":{"line":124,"column":6}}]},"16":{"type":"branch","line":96,"loc":{"start":{"line":96,"column":10},"end":{"line":124,"column":4}},"locations":[{"start":{"line":96,"column":10},"end":{"line":124,"column":4}}]},"17":{"type":"branch","line":104,"loc":{"start":{"line":104,"column":44},"end":{"line":108,"column":5}},"locations":[{"start":{"line":104,"column":44},"end":{"line":108,"column":5}}]},"18":{"type":"branch","line":108,"loc":{"start":{"line":108,"column":4},"end":{"line":118,"column":46}},"locations":[{"start":{"line":108,"column":4},"end":{"line":118,"column":46}}]},"19":{"type":"branch","line":118,"loc":{"start":{"line":118,"column":46},"end":{"line":120,"column":11}},"locations":[{"start":{"line":118,"column":46},"end":{"line":120,"column":11}}]},"20":{"type":"branch","line":120,"loc":{"start":{"line":120,"column":4},"end":{"line":122,"column":5}},"locations":[{"start":{"line":120,"column":4},"end":{"line":122,"column":5}}]},"21":{"type":"branch","line":122,"loc":{"start":{"line":122,"column":4},"end":{"line":123,"column":86}},"locations":[{"start":{"line":122,"column":4},"end":{"line":123,"column":86}}]},"22":{"type":"branch","line":100,"loc":{"start":{"line":100,"column":69},"end":{"line":101,"column":28}},"locations":[{"start":{"line":100,"column":69},"end":{"line":101,"column":28}}]},"23":{"type":"branch","line":113,"loc":{"start":{"line":113,"column":43},"end":{"line":113,"column":86}},"locations":[{"start":{"line":113,"column":43},"end":{"line":113,"column":86}}]},"24":{"type":"branch","line":125,"loc":{"start":{"line":125,"column":18},"end":{"line":136,"column":6}},"locations":[{"start":{"line":125,"column":18},"end":{"line":136,"column":6}}]},"25":{"type":"branch","line":126,"loc":{"start":{"line":126,"column":10},"end":{"line":136,"column":4}},"locations":[{"start":{"line":126,"column":10},"end":{"line":136,"column":4}}]},"26":{"type":"branch","line":137,"loc":{"start":{"line":137,"column":24},"end":{"line":143,"column":6}},"locations":[{"start":{"line":137,"column":24},"end":{"line":143,"column":6}}]},"27":{"type":"branch","line":138,"loc":{"start":{"line":138,"column":10},"end":{"line":143,"column":4}},"locations":[{"start":{"line":138,"column":10},"end":{"line":143,"column":4}}]},"28":{"type":"branch","line":144,"loc":{"start":{"line":144,"column":8},"end":{"line":153,"column":6}},"locations":[{"start":{"line":144,"column":8},"end":{"line":153,"column":6}}]},"29":{"type":"branch","line":145,"loc":{"start":{"line":145,"column":10},"end":{"line":153,"column":4}},"locations":[{"start":{"line":145,"column":10},"end":{"line":153,"column":4}}]},"30":{"type":"branch","line":146,"loc":{"start":{"line":146,"column":36},"end":{"line":151,"column":5}},"locations":[{"start":{"line":146,"column":36},"end":{"line":151,"column":5}}]},"31":{"type":"branch","line":151,"loc":{"start":{"line":151,"column":4},"end":{"line":152,"column":17}},"locations":[{"start":{"line":151,"column":4},"end":{"line":152,"column":17}}]},"32":{"type":"branch","line":154,"loc":{"start":{"line":154,"column":8},"end":{"line":164,"column":5}},"locations":[{"start":{"line":154,"column":8},"end":{"line":164,"column":5}}]},"33":{"type":"branch","line":155,"loc":{"start":{"line":155,"column":10},"end":{"line":164,"column":4}},"locations":[{"start":{"line":155,"column":10},"end":{"line":164,"column":4}}]},"34":{"type":"branch","line":156,"loc":{"start":{"line":156,"column":36},"end":{"line":162,"column":5}},"locations":[{"start":{"line":156,"column":36},"end":{"line":162,"column":5}}]},"35":{"type":"branch","line":162,"loc":{"start":{"line":162,"column":4},"end":{"line":163,"column":17}},"locations":[{"start":{"line":162,"column":4},"end":{"line":163,"column":17}}]}},"b":{"0":[5],"1":[31],"2":[17],"3":[17],"4":[16],"5":[16],"6":[0],"7":[1],"8":[1],"9":[69],"10":[2],"11":[2],"12":[0],"13":[1],"14":[1],"15":[7],"16":[7],"17":[4],"18":[3],"19":[1],"20":[2],"21":[3],"22":[24],"23":[14],"24":[2],"25":[2],"26":[3],"27":[3],"28":[16],"29":[16],"30":[15],"31":[1],"32":[7],"33":[7],"34":[6],"35":[1]},"fnMap":{"0":{"name":"createAppStore","decl":{"start":{"line":33,"column":7},"end":{"line":166,"column":1}},"loc":{"start":{"line":33,"column":7},"end":{"line":166,"column":1}},"line":33},"1":{"name":"_saveScheduleForUndo","decl":{"start":{"line":36,"column":30},"end":{"line":40,"column":3}},"loc":{"start":{"line":36,"column":30},"end":{"line":40,"column":3}},"line":36},"2":{"name":"reset","decl":{"start":{"line":46,"column":9},"end":{"line":53,"column":7}},"loc":{"start":{"line":46,"column":9},"end":{"line":53,"column":7}},"line":46},"3":{"name":"editSegmentAtIndex","decl":{"start":{"line":54,"column":22},"end":{"line":74,"column":6}},"loc":{"start":{"line":54,"column":22},"end":{"line":74,"column":6}},"line":54},"4":{"name":"changeStartDate","decl":{"start":{"line":75,"column":19},"end":{"line":85,"column":6}},"loc":{"start":{"line":75,"column":19},"end":{"line":85,"column":6}},"line":75},"5":{"name":"changeLanguageKey","decl":{"start":{"line":86,"column":21},"end":{"line":94,"column":4}},"loc":{"start":{"line":86,"column":21},"end":{"line":94,"column":4}},"line":86},"6":{"name":"insertPlaceholderSegmentBeforeIndex","decl":{"start":{"line":95,"column":39},"end":{"line":124,"column":6}},"loc":{"start":{"line":95,"column":39},"end":{"line":124,"column":6}},"line":95},"7":{"name":"switchTemplate","decl":{"start":{"line":125,"column":18},"end":{"line":136,"column":6}},"loc":{"start":{"line":125,"column":18},"end":{"line":136,"column":6}},"line":125},"8":{"name":"deleteSegmentAtIndex","decl":{"start":{"line":137,"column":24},"end":{"line":143,"column":6}},"loc":{"start":{"line":137,"column":24},"end":{"line":143,"column":6}},"line":137},"9":{"name":"undo","decl":{"start":{"line":144,"column":8},"end":{"line":153,"column":6}},"loc":{"start":{"line":144,"column":8},"end":{"line":153,"column":6}},"line":144},"10":{"name":"redo","decl":{"start":{"line":154,"column":8},"end":{"line":164,"column":5}},"loc":{"start":{"line":154,"column":8},"end":{"line":164,"column":5}},"line":154}},"f":{"0":5,"1":31,"2":17,"3":16,"4":2,"5":1,"6":7,"7":2,"8":3,"9":16,"10":7}}
,"/Users/stuarthanberg/dev/Taper/src/utils.ts": {"path":"/Users/stuarthanberg/dev/Taper/src/utils.ts","all":false,"statementMap":{"0":{"start":{"line":1,"column":0},"end":{"line":1,"column":92}},"1":{"start":{"line":2,"column":0},"end":{"line":2,"column":40}},"2":{"start":{"line":3,"column":0},"end":{"line":3,"column":0}},"3":{"start":{"line":4,"column":0},"end":{"line":4,"column":57}},"4":{"start":{"line":5,"column":0},"end":{"line":5,"column":56}},"5":{"start":{"line":6,"column":0},"end":{"line":6,"column":2}},"6":{"start":{"line":7,"column":0},"end":{"line":7,"column":0}},"7":{"start":{"line":8,"column":0},"end":{"line":8,"column":57}},"8":{"start":{"line":9,"column":0},"end":{"line":9,"column":34}},"9":{"start":{"line":10,"column":0},"end":{"line":10,"column":39}},"10":{"start":{"line":11,"column":0},"end":{"line":11,"column":0}},"11":{"start":{"line":12,"column":0},"end":{"line":12,"column":75}},"12":{"start":{"line":13,"column":0},"end":{"line":13,"column":66}},"13":{"start":{"line":14,"column":0},"end":{"line":14,"column":43}},"14":{"start":{"line":15,"column":0},"end":{"line":15,"column":0}},"15":{"start":{"line":16,"column":0},"end":{"line":16,"column":51}},"16":{"start":{"line":17,"column":0},"end":{"line":17,"column":43}},"17":{"start":{"line":18,"column":0},"end":{"line":18,"column":54}},"18":{"start":{"line":19,"column":0},"end":{"line":19,"column":52}},"19":{"start":{"line":20,"column":0},"end":{"line":20,"column":19}},"20":{"start":{"line":21,"column":0},"end":{"line":21,"column":19}},"21":{"start":{"line":22,"column":0},"end":{"line":22,"column":20}},"22":{"start":{"line":23,"column":0},"end":{"line":23,"column":6}},"23":{"start":{"line":24,"column":0},"end":{"line":24,"column":48}},"24":{"start":{"line":25,"column":0},"end":{"line":25,"column":3}},"25":{"start":{"line":26,"column":0},"end":{"line":26,"column":0}},"26":{"start":{"line":27,"column":0},"end":{"line":27,"column":29}},"27":{"start":{"line":28,"column":0},"end":{"line":28,"column":54}},"28":{"start":{"line":29,"column":0},"end":{"line":29,"column":46}},"29":{"start":{"line":30,"column":0},"end":{"line":30,"column":3}},"30":{"start":{"line":31,"column":0},"end":{"line":31,"column":1}},"31":{"start":{"line":32,"column":0},"end":{"line":32,"column":0}},"32":{"start":{"line":33,"column":0},"end":{"line":33,"column":40}},"33":{"start":{"line":34,"column":0},"end":{"line":34,"column":56}},"34":{"start":{"line":35,"column":0},"end":{"line":35,"column":0}},"35":{"start":{"line":36,"column":0},"end":{"line":36,"column":58}},"36":{"start":{"line":37,"column":0},"end":{"line":37,"column":64}},"37":{"start":{"line":38,"column":0},"end":{"line":38,"column":54}},"38":{"start":{"line":39,"column":0},"end":{"line":39,"column":2}},"39":{"start":{"line":40,"column":0},"end":{"line":40,"column":0}},"40":{"start":{"line":41,"column":0},"end":{"line":41,"column":54}},"41":{"start":{"line":42,"column":0},"end":{"line":42,"column":68}},"42":{"start":{"line":43,"column":0},"end":{"line":43,"column":56}},"43":{"start":{"line":44,"column":0},"end":{"line":44,"column":2}},"44":{"start":{"line":45,"column":0},"end":{"line":45,"column":0}},"45":{"start":{"line":46,"column":0},"end":{"line":46,"column":32}},"46":{"start":{"line":47,"column":0},"end":{"line":47,"column":18}},"47":{"start":{"line":48,"column":0},"end":{"line":48,"column":32}},"48":{"start":{"line":49,"column":0},"end":{"line":49,"column":30}},"49":{"start":{"line":50,"column":0},"end":{"line":50,"column":15}},"50":{"start":{"line":51,"column":0},"end":{"line":51,"column":28}},"51":{"start":{"line":52,"column":0},"end":{"line":52,"column":2}},"52":{"start":{"line":53,"column":0},"end":{"line":53,"column":0}},"53":{"start":{"line":54,"column":0},"end":{"line":54,"column":56}},"54":{"start":{"line":55,"column":0},"end":{"line":55,"column":35}},"55":{"start":{"line":56,"column":0},"end":{"line":56,"column":9}},"56":{"start":{"line":57,"column":0},"end":{"line":57,"column":18}},"57":{"start":{"line":58,"column":0},"end":{"line":58,"column":16}},"58":{"start":{"line":59,"column":0},"end":{"line":59,"column":7}},"59":{"start":{"line":60,"column":0},"end":{"line":60,"column":17}},"60":{"start":{"line":61,"column":0},"end":{"line":61,"column":40}},"61":{"start":{"line":62,"column":0},"end":{"line":62,"column":40}},"62":{"start":{"line":63,"column":0},"end":{"line":63,"column":0}},"63":{"start":{"line":64,"column":0},"end":{"line":64,"column":16}},"64":{"start":{"line":65,"column":0},"end":{"line":65,"column":50}},"65":{"start":{"line":66,"column":0},"end":{"line":66,"column":45}},"66":{"start":{"line":67,"column":0},"end":{"line":67,"column":3}},"67":{"start":{"line":68,"column":0},"end":{"line":68,"column":27}},"68":{"start":{"line":69,"column":0},"end":{"line":69,"column":84}},"69":{"start":{"line":70,"column":0},"end":{"line":70,"column":0}},"70":{"start":{"line":71,"column":0},"end":{"line":71,"column":46}},"71":{"start":{"line":72,"column":0},"end":{"line":72,"column":12}},"72":{"start":{"line":73,"column":0},"end":{"line":73,"column":170}},"73":{"start":{"line":74,"column":0},"end":{"line":74,"column":53}},"74":{"start":{"line":75,"column":0},"end":{"line":75,"column":12}},"75":{"start":{"line":76,"column":0},"end":{"line":76,"column":181}},"76":{"start":{"line":77,"column":0},"end":{"line":77,"column":60}},"77":{"start":{"line":78,"column":0},"end":{"line":78,"column":19}},"78":{"start":{"line":79,"column":0},"end":{"line":79,"column":175}},"79":{"start":{"line":80,"column":0},"end":{"line":80,"column":54}},"80":{"start":{"line":81,"column":0},"end":{"line":81,"column":13}},"81":{"start":{"line":82,"column":0},"end":{"line":82,"column":152}},"82":{"start":{"line":83,"column":0},"end":{"line":83,"column":53}},"83":{"start":{"line":84,"column":0},"end":{"line":84,"column":12}},"84":{"start":{"line":85,"column":0},"end":{"line":85,"column":173}},"85":{"start":{"line":86,"column":0},"end":{"line":86,"column":52}},"86":{"start":{"line":87,"column":0},"end":{"line":87,"column":11}},"87":{"start":{"line":88,"column":0},"end":{"line":88,"column":177}},"88":{"start":{"line":89,"column":0},"end":{"line":89,"column":2}},"89":{"start":{"line":90,"column":0},"end":{"line":90,"column":0}},"90":{"start":{"line":91,"column":0},"end":{"line":91,"column":10}},"91":{"start":{"line":92,"column":0},"end":{"line":92,"column":2}},"92":{"start":{"line":93,"column":0},"end":{"line":93,"column":0}},"93":{"start":{"line":94,"column":0},"end":{"line":94,"column":65}},"94":{"start":{"line":95,"column":0},"end":{"line":95,"column":0}},"95":{"start":{"line":96,"column":0},"end":{"line":96,"column":51}},"96":{"start":{"line":97,"column":0},"end":{"line":97,"column":9}},"97":{"start":{"line":98,"column":0},"end":{"line":98,"column":56}},"98":{"start":{"line":99,"column":0},"end":{"line":99,"column":46}},"99":{"start":{"line":100,"column":0},"end":{"line":100,"column":36}},"100":{"start":{"line":101,"column":0},"end":{"line":101,"column":35}},"101":{"start":{"line":102,"column":0},"end":{"line":102,"column":3}},"102":{"start":{"line":103,"column":0},"end":{"line":103,"column":1}},"103":{"start":{"line":104,"column":0},"end":{"line":104,"column":0}},"104":{"start":{"line":105,"column":0},"end":{"line":105,"column":56}},"105":{"start":{"line":106,"column":0},"end":{"line":106,"column":96}},"106":{"start":{"line":107,"column":0},"end":{"line":107,"column":2}},"107":{"start":{"line":108,"column":0},"end":{"line":108,"column":0}},"108":{"start":{"line":109,"column":0},"end":{"line":109,"column":56}},"109":{"start":{"line":110,"column":0},"end":{"line":110,"column":9}},"110":{"start":{"line":111,"column":0},"end":{"line":111,"column":76}},"111":{"start":{"line":112,"column":0},"end":{"line":112,"column":28}},"112":{"start":{"line":113,"column":0},"end":{"line":113,"column":3}},"113":{"start":{"line":114,"column":0},"end":{"line":114,"column":3}},"114":{"start":{"line":115,"column":0},"end":{"line":115,"column":2}},"115":{"start":{"line":116,"column":0},"end":{"line":116,"column":0}},"116":{"start":{"line":117,"column":0},"end":{"line":117,"column":78}},"117":{"start":{"line":118,"column":0},"end":{"line":118,"column":50}},"118":{"start":{"line":119,"column":0},"end":{"line":119,"column":82}},"119":{"start":{"line":120,"column":0},"end":{"line":120,"column":72}},"120":{"start":{"line":121,"column":0},"end":{"line":121,"column":3}},"121":{"start":{"line":122,"column":0},"end":{"line":122,"column":15}},"122":{"start":{"line":123,"column":0},"end":{"line":123,"column":26}},"123":{"start":{"line":124,"column":0},"end":{"line":124,"column":2}},"124":{"start":{"line":125,"column":0},"end":{"line":125,"column":0}},"125":{"start":{"line":126,"column":0},"end":{"line":126,"column":90}},"126":{"start":{"line":127,"column":0},"end":{"line":127,"column":56}},"127":{"start":{"line":128,"column":0},"end":{"line":128,"column":42}},"128":{"start":{"line":129,"column":0},"end":{"line":129,"column":54}},"129":{"start":{"line":130,"column":0},"end":{"line":130,"column":3}},"130":{"start":{"line":131,"column":0},"end":{"line":131,"column":15}},"131":{"start":{"line":132,"column":0},"end":{"line":132,"column":16}},"132":{"start":{"line":133,"column":0},"end":{"line":133,"column":2}},"133":{"start":{"line":134,"column":0},"end":{"line":134,"column":0}},"134":{"start":{"line":135,"column":0},"end":{"line":135,"column":82}},"135":{"start":{"line":136,"column":0},"end":{"line":136,"column":28}},"136":{"start":{"line":137,"column":0},"end":{"line":137,"column":75}},"137":{"start":{"line":138,"column":0},"end":{"line":138,"column":0}},"138":{"start":{"line":139,"column":0},"end":{"line":139,"column":31}},"139":{"start":{"line":140,"column":0},"end":{"line":140,"column":15}},"140":{"start":{"line":141,"column":0},"end":{"line":141,"column":2}},"141":{"start":{"line":142,"column":0},"end":{"line":142,"column":0}},"142":{"start":{"line":143,"column":0},"end":{"line":143,"column":61}},"143":{"start":{"line":144,"column":0},"end":{"line":144,"column":32}},"144":{"start":{"line":145,"column":0},"end":{"line":145,"column":42}},"145":{"start":{"line":146,"column":0},"end":{"line":146,"column":1}},"146":{"start":{"line":147,"column":0},"end":{"line":147,"column":0}},"147":{"start":{"line":148,"column":0},"end":{"line":148,"column":84}},"148":{"start":{"line":149,"column":0},"end":{"line":149,"column":28}},"149":{"start":{"line":150,"column":0},"end":{"line":150,"column":0}},"150":{"start":{"line":151,"column":0},"end":{"line":151,"column":37}},"151":{"start":{"line":152,"column":0},"end":{"line":152,"column":14}},"152":{"start":{"line":153,"column":0},"end":{"line":153,"column":2}},"153":{"start":{"line":154,"column":0},"end":{"line":154,"column":52}},"154":{"start":{"line":155,"column":0},"end":{"line":155,"column":14}},"155":{"start":{"line":156,"column":0},"end":{"line":156,"column":2}},"156":{"start":{"line":157,"column":0},"end":{"line":157,"column":14}},"157":{"start":{"line":158,"column":0},"end":{"line":158,"column":1}},"158":{"start":{"line":159,"column":0},"end":{"line":159,"column":0}},"159":{"start":{"line":160,"column":0},"end":{"line":160,"column":67}},"160":{"start":{"line":161,"column":0},"end":{"line":161,"column":69}},"161":{"start":{"line":162,"column":0},"end":{"line":162,"column":1}}},"s":{"0":1,"1":1,"2":1,"3":1,"4":32,"5":32,"6":1,"7":1,"8":11,"9":11,"10":11,"11":11,"12":32,"13":32,"14":32,"15":32,"16":32,"17":11,"18":11,"19":11,"20":11,"21":11,"22":11,"23":11,"24":11,"25":32,"26":32,"27":32,"28":32,"29":32,"30":11,"31":1,"32":1,"33":1,"34":1,"35":1,"36":1,"37":22,"38":22,"39":1,"40":1,"41":1,"42":180,"43":180,"44":1,"45":1,"46":1,"47":1,"48":1,"49":1,"50":1,"51":1,"52":1,"53":1,"54":1,"55":15,"56":15,"57":15,"58":15,"59":15,"60":15,"61":15,"62":15,"63":15,"64":15,"65":15,"66":15,"67":15,"68":15,"69":15,"70":15,"71":9,"72":9,"73":15,"74":1,"75":1,"76":6,"77":1,"78":1,"79":5,"80":1,"81":1,"82":4,"83":1,"84":1,"85":3,"86":1,"87":1,"88":1,"89":1,"90":1,"91":1,"92":1,"93":1,"94":1,"95":1,"96":4,"97":4,"98":4,"99":4,"100":4,"101":4,"102":4,"103":1,"104":1,"105":3,"106":3,"107":1,"108":1,"109":3,"110":3,"111":3,"112":3,"113":3,"114":3,"115":1,"116":1,"117":56,"118":1160,"119":56,"120":56,"121":1104,"122":56,"123":56,"124":1,"125":1,"126":24,"127":432,"128":24,"129":24,"130":408,"131":24,"132":24,"133":1,"134":1,"135":2,"136":2,"137":2,"138":2,"139":0,"140":0,"141":2,"142":2,"143":2,"144":1,"145":1,"146":1,"147":1,"148":3,"149":3,"150":3,"151":1,"152":1,"153":3,"154":0,"155":0,"156":2,"157":2,"158":1,"159":1,"160":9,"161":9},"branchMap":{"0":{"type":"branch","line":4,"loc":{"start":{"line":4,"column":23},"end":{"line":6,"column":2}},"locations":[{"start":{"line":4,"column":23},"end":{"line":6,"column":2}}]},"1":{"type":"branch","line":9,"loc":{"start":{"line":9,"column":0},"end":{"line":31,"column":1}},"locations":[{"start":{"line":9,"column":0},"end":{"line":31,"column":1}}]},"2":{"type":"branch","line":12,"loc":{"start":{"line":12,"column":8},"end":{"line":30,"column":3}},"locations":[{"start":{"line":12,"column":8},"end":{"line":30,"column":3}}]},"3":{"type":"branch","line":13,"loc":{"start":{"line":13,"column":40},"end":{"line":13,"column":56}},"locations":[{"start":{"line":13,"column":40},"end":{"line":13,"column":56}}]},"4":{"type":"branch","line":13,"loc":{"start":{"line":13,"column":44},"end":{"line":13,"column":66}},"locations":[{"start":{"line":13,"column":44},"end":{"line":13,"column":66}}]},"5":{"type":"branch","line":17,"loc":{"start":{"line":17,"column":42},"end":{"line":25,"column":3}},"locations":[{"start":{"line":17,"column":42},"end":{"line":25,"column":3}}]},"6":{"type":"branch","line":37,"loc":{"start":{"line":37,"column":32},"end":{"line":39,"column":2}},"locations":[{"start":{"line":37,"column":32},"end":{"line":39,"column":2}}]},"7":{"type":"branch","line":38,"loc":{"start":{"line":38,"column":24},"end":{"line":38,"column":54}},"locations":[{"start":{"line":38,"column":24},"end":{"line":38,"column":54}}]},"8":{"type":"branch","line":42,"loc":{"start":{"line":42,"column":36},"end":{"line":44,"column":2}},"locations":[{"start":{"line":42,"column":36},"end":{"line":44,"column":2}}]},"9":{"type":"branch","line":43,"loc":{"start":{"line":43,"column":25},"end":{"line":43,"column":56}},"locations":[{"start":{"line":43,"column":25},"end":{"line":43,"column":56}}]},"10":{"type":"branch","line":55,"loc":{"start":{"line":55,"column":33},"end":{"line":92,"column":2}},"locations":[{"start":{"line":55,"column":33},"end":{"line":92,"column":2}}]},"11":{"type":"branch","line":69,"loc":{"start":{"line":69,"column":10},"end":{"line":69,"column":52}},"locations":[{"start":{"line":69,"column":10},"end":{"line":69,"column":52}}]},"12":{"type":"branch","line":69,"loc":{"start":{"line":69,"column":47},"end":{"line":69,"column":84}},"locations":[{"start":{"line":69,"column":47},"end":{"line":69,"column":84}}]},"13":{"type":"branch","line":71,"loc":{"start":{"line":71,"column":45},"end":{"line":74,"column":12}},"locations":[{"start":{"line":71,"column":45},"end":{"line":74,"column":12}}]},"14":{"type":"branch","line":73,"loc":{"start":{"line":73,"column":22},"end":{"line":73,"column":35}},"locations":[{"start":{"line":73,"column":22},"end":{"line":73,"column":35}}]},"15":{"type":"branch","line":73,"loc":{"start":{"line":73,"column":26},"end":{"line":73,"column":46}},"locations":[{"start":{"line":73,"column":26},"end":{"line":73,"column":46}}]},"16":{"type":"branch","line":73,"loc":{"start":{"line":73,"column":125},"end":{"line":73,"column":137}},"locations":[{"start":{"line":73,"column":125},"end":{"line":73,"column":137}}]},"17":{"type":"branch","line":74,"loc":{"start":{"line":74,"column":1},"end":{"line":92,"column":2}},"locations":[{"start":{"line":74,"column":1},"end":{"line":92,"column":2}}]},"18":{"type":"branch","line":74,"loc":{"start":{"line":74,"column":1},"end":{"line":89,"column":2}},"locations":[{"start":{"line":74,"column":1},"end":{"line":89,"column":2}}]},"19":{"type":"branch","line":74,"loc":{"start":{"line":74,"column":52},"end":{"line":77,"column":12}},"locations":[{"start":{"line":74,"column":52},"end":{"line":77,"column":12}}]},"20":{"type":"branch","line":76,"loc":{"start":{"line":76,"column":22},"end":{"line":76,"column":36}},"locations":[{"start":{"line":76,"column":22},"end":{"line":76,"column":36}}]},"21":{"type":"branch","line":76,"loc":{"start":{"line":76,"column":136},"end":{"line":76,"column":148}},"locations":[{"start":{"line":76,"column":136},"end":{"line":76,"column":148}}]},"22":{"type":"branch","line":77,"loc":{"start":{"line":77,"column":1},"end":{"line":89,"column":2}},"locations":[{"start":{"line":77,"column":1},"end":{"line":89,"column":2}}]},"23":{"type":"branch","line":77,"loc":{"start":{"line":77,"column":59},"end":{"line":80,"column":12}},"locations":[{"start":{"line":77,"column":59},"end":{"line":80,"column":12}}]},"24":{"type":"branch","line":79,"loc":{"start":{"line":79,"column":26},"end":{"line":79,"column":49}},"locations":[{"start":{"line":79,"column":26},"end":{"line":79,"column":49}}]},"25":{"type":"branch","line":79,"loc":{"start":{"line":79,"column":131},"end":{"line":79,"column":143}},"locations":[{"start":{"line":79,"column":131},"end":{"line":79,"column":143}}]},"26":{"type":"branch","line":80,"loc":{"start":{"line":80,"column":1},"end":{"line":89,"column":2}},"locations":[{"start":{"line":80,"column":1},"end":{"line":89,"column":2}}]},"27":{"type":"branch","line":80,"loc":{"start":{"line":80,"column":53},"end":{"line":83,"column":12}},"locations":[{"start":{"line":80,"column":53},"end":{"line":83,"column":12}}]},"28":{"type":"branch","line":82,"loc":{"start":{"line":82,"column":22},"end":{"line":82,"column":33}},"locations":[{"start":{"line":82,"column":22},"end":{"line":82,"column":33}}]},"29":{"type":"branch","line":82,"loc":{"start":{"line":82,"column":112},"end":{"line":82,"column":122}},"locations":[{"start":{"line":82,"column":112},"end":{"line":82,"column":122}}]},"30":{"type":"branch","line":83,"loc":{"start":{"line":83,"column":1},"end":{"line":89,"column":2}},"locations":[{"start":{"line":83,"column":1},"end":{"line":89,"column":2}}]},"31":{"type":"branch","line":83,"loc":{"start":{"line":83,"column":52},"end":{"line":86,"column":12}},"locations":[{"start":{"line":83,"column":52},"end":{"line":86,"column":12}}]},"32":{"type":"branch","line":85,"loc":{"start":{"line":85,"column":26},"end":{"line":85,"column":50}},"locations":[{"start":{"line":85,"column":26},"end":{"line":85,"column":50}}]},"33":{"type":"branch","line":85,"loc":{"start":{"line":85,"column":127},"end":{"line":85,"column":140}},"locations":[{"start":{"line":85,"column":127},"end":{"line":85,"column":140}}]},"34":{"type":"branch","line":86,"loc":{"start":{"line":86,"column":1},"end":{"line":89,"column":2}},"locations":[{"start":{"line":86,"column":1},"end":{"line":89,"column":2}}]},"35":{"type":"branch","line":86,"loc":{"start":{"line":86,"column":51},"end":{"line":89,"column":2}},"locations":[{"start":{"line":86,"column":51},"end":{"line":89,"column":2}}]},"36":{"type":"branch","line":88,"loc":{"start":{"line":88,"column":22},"end":{"line":88,"column":37}},"locations":[{"start":{"line":88,"column":22},"end":{"line":88,"column":37}}]},"37":{"type":"branch","line":88,"loc":{"start":{"line":88,"column":133},"end":{"line":88,"column":145}},"locations":[{"start":{"line":88,"column":133},"end":{"line":88,"column":145}}]},"38":{"type":"branch","line":89,"loc":{"start":{"line":89,"column":1},"end":{"line":92,"column":2}},"locations":[{"start":{"line":89,"column":1},"end":{"line":92,"column":2}}]},"39":{"type":"branch","line":96,"loc":{"start":{"line":96,"column":7},"end":{"line":103,"column":1}},"locations":[{"start":{"line":96,"column":7},"end":{"line":103,"column":1}}]},"40":{"type":"branch","line":105,"loc":{"start":{"line":105,"column":23},"end":{"line":107,"column":2}},"locations":[{"start":{"line":105,"column":23},"end":{"line":107,"column":2}}]},"41":{"type":"branch","line":106,"loc":{"start":{"line":106,"column":33},"end":{"line":106,"column":93}},"locations":[{"start":{"line":106,"column":33},"end":{"line":106,"column":93}}]},"42":{"type":"branch","line":109,"loc":{"start":{"line":109,"column":23},"end":{"line":115,"column":2}},"locations":[{"start":{"line":109,"column":23},"end":{"line":115,"column":2}}]},"43":{"type":"branch","line":111,"loc":{"start":{"line":111,"column":27},"end":{"line":111,"column":72}},"locations":[{"start":{"line":111,"column":27},"end":{"line":111,"column":72}}]},"44":{"type":"branch","line":117,"loc":{"start":{"line":117,"column":33},"end":{"line":124,"column":2}},"locations":[{"start":{"line":117,"column":33},"end":{"line":124,"column":2}}]},"45":{"type":"branch","line":118,"loc":{"start":{"line":118,"column":33},"end":{"line":123,"column":2}},"locations":[{"start":{"line":118,"column":33},"end":{"line":123,"column":2}}]},"46":{"type":"branch","line":119,"loc":{"start":{"line":119,"column":14},"end":{"line":119,"column":50}},"locations":[{"start":{"line":119,"column":14},"end":{"line":119,"column":50}}]},"47":{"type":"branch","line":119,"loc":{"start":{"line":119,"column":37},"end":{"line":119,"column":81}},"locations":[{"start":{"line":119,"column":37},"end":{"line":119,"column":81}}]},"48":{"type":"branch","line":119,"loc":{"start":{"line":119,"column":81},"end":{"line":121,"column":3}},"locations":[{"start":{"line":119,"column":81},"end":{"line":121,"column":3}}]},"49":{"type":"branch","line":121,"loc":{"start":{"line":121,"column":2},"end":{"line":122,"column":15}},"locations":[{"start":{"line":121,"column":2},"end":{"line":122,"column":15}}]},"50":{"type":"branch","line":126,"loc":{"start":{"line":126,"column":35},"end":{"line":133,"column":2}},"locations":[{"start":{"line":126,"column":35},"end":{"line":133,"column":2}}]},"51":{"type":"branch","line":127,"loc":{"start":{"line":127,"column":39},"end":{"line":132,"column":2}},"locations":[{"start":{"line":127,"column":39},"end":{"line":132,"column":2}}]},"52":{"type":"branch","line":128,"loc":{"start":{"line":128,"column":6},"end":{"line":128,"column":41}},"locations":[{"start":{"line":128,"column":6},"end":{"line":128,"column":41}}]},"53":{"type":"branch","line":128,"loc":{"start":{"line":128,"column":41},"end":{"line":130,"column":3}},"locations":[{"start":{"line":128,"column":41},"end":{"line":130,"column":3}}]},"54":{"type":"branch","line":130,"loc":{"start":{"line":130,"column":2},"end":{"line":131,"column":15}},"locations":[{"start":{"line":130,"column":2},"end":{"line":131,"column":15}}]},"55":{"type":"branch","line":135,"loc":{"start":{"line":135,"column":7},"end":{"line":146,"column":1}},"locations":[{"start":{"line":135,"column":7},"end":{"line":146,"column":1}}]},"56":{"type":"branch","line":136,"loc":{"start":{"line":136,"column":15},"end":{"line":136,"column":28}},"locations":[{"start":{"line":136,"column":15},"end":{"line":136,"column":28}}]},"57":{"type":"branch","line":139,"loc":{"start":{"line":139,"column":30},"end":{"line":141,"column":2}},"locations":[{"start":{"line":139,"column":30},"end":{"line":141,"column":2}}]},"58":{"type":"branch","line":144,"loc":{"start":{"line":144,"column":19},"end":{"line":146,"column":1}},"locations":[{"start":{"line":144,"column":19},"end":{"line":146,"column":1}}]},"59":{"type":"branch","line":137,"loc":{"start":{"line":137,"column":53},"end":{"line":137,"column":73}},"locations":[{"start":{"line":137,"column":53},"end":{"line":137,"column":73}}]},"60":{"type":"branch","line":148,"loc":{"start":{"line":148,"column":7},"end":{"line":158,"column":1}},"locations":[{"start":{"line":148,"column":7},"end":{"line":158,"column":1}}]},"61":{"type":"branch","line":149,"loc":{"start":{"line":149,"column":15},"end":{"line":149,"column":28}},"locations":[{"start":{"line":149,"column":15},"end":{"line":149,"column":28}}]},"62":{"type":"branch","line":151,"loc":{"start":{"line":151,"column":36},"end":{"line":153,"column":2}},"locations":[{"start":{"line":151,"column":36},"end":{"line":153,"column":2}}]},"63":{"type":"branch","line":153,"loc":{"start":{"line":153,"column":1},"end":{"line":154,"column":51}},"locations":[{"start":{"line":153,"column":1},"end":{"line":154,"column":51}}]},"64":{"type":"branch","line":154,"loc":{"start":{"line":154,"column":51},"end":{"line":156,"column":2}},"locations":[{"start":{"line":154,"column":51},"end":{"line":156,"column":2}}]},"65":{"type":"branch","line":156,"loc":{"start":{"line":156,"column":1},"end":{"line":158,"column":1}},"locations":[{"start":{"line":156,"column":1},"end":{"line":158,"column":1}}]},"66":{"type":"branch","line":160,"loc":{"start":{"line":160,"column":7},"end":{"line":162,"column":1}},"locations":[{"start":{"line":160,"column":7},"end":{"line":162,"column":1}}]},"67":{"type":"branch","line":161,"loc":{"start":{"line":161,"column":52},"end":{"line":161,"column":69}},"locations":[{"start":{"line":161,"column":52},"end":{"line":161,"column":69}}]},"68":{"type":"branch","line":161,"loc":{"start":{"line":161,"column":23},"end":{"line":161,"column":52}},"locations":[{"start":{"line":161,"column":23},"end":{"line":161,"column":52}}]}},"b":{"0":[32],"1":[11],"2":[32],"3":[23],"4":[9],"5":[11],"6":[22],"7":[19],"8":[180],"9":[41],"10":[15],"11":[14],"12":[1],"13":[9],"14":[4],"15":[5],"16":[0],"17":[7],"18":[6],"19":[1],"20":[0],"21":[0],"22":[5],"23":[1],"24":[0],"25":[0],"26":[4],"27":[1],"28":[0],"29":[0],"30":[3],"31":[1],"32":[0],"33":[0],"34":[2],"35":[1],"36":[0],"37":[0],"38":[1],"39":[4],"40":[3],"41":[9],"42":[3],"43":[9],"44":[56],"45":[1160],"46":[1105],"47":[1104],"48":[56],"49":[1104],"50":[24],"51":[432],"52":[384],"53":[24],"54":[408],"55":[2],"56":[0],"57":[0],"58":[1],"59":[3],"60":[3],"61":[0],"62":[1],"63":[2],"64":[0],"65":[2],"66":[9],"67":[0],"68":[12]},"fnMap":{"0":{"name":"isDateThisYear","decl":{"start":{"line":4,"column":23},"end":{"line":6,"column":2}},"loc":{"start":{"line":4,"column":23},"end":{"line":6,"column":2}},"line":4},"1":{"name":"createCachedFormatter","decl":{"start":{"line":9,"column":0},"end":{"line":31,"column":1}},"loc":{"start":{"line":9,"column":0},"end":{"line":31,"column":1}},"line":9},"2":{"name":"isSegmentInvalid","decl":{"start":{"line":37,"column":32},"end":{"line":39,"column":2}},"loc":{"start":{"line":37,"column":32},"end":{"line":39,"column":2}},"line":37},"3":{"name":"isSegmentPlaceholder","decl":{"start":{"line":42,"column":36},"end":{"line":44,"column":2}},"loc":{"start":{"line":42,"column":36},"end":{"line":44,"column":2}},"line":42},"4":{"name":"formatSegmentText","decl":{"start":{"line":55,"column":33},"end":{"line":92,"column":2}},"loc":{"start":{"line":55,"column":33},"end":{"line":92,"column":2}},"line":55},"5":{"name":"createInitialSchedule","decl":{"start":{"line":96,"column":7},"end":{"line":103,"column":1}},"loc":{"start":{"line":96,"column":7},"end":{"line":103,"column":1}},"line":96},"6":{"name":"sumDose","decl":{"start":{"line":105,"column":23},"end":{"line":107,"column":2}},"loc":{"start":{"line":105,"column":23},"end":{"line":107,"column":2}},"line":105},"7":{"name":"sumDays","decl":{"start":{"line":109,"column":23},"end":{"line":115,"column":2}},"loc":{"start":{"line":109,"column":23},"end":{"line":115,"column":2}},"line":109},"8":{"name":"serializeSchedule","decl":{"start":{"line":117,"column":33},"end":{"line":124,"column":2}},"loc":{"start":{"line":117,"column":33},"end":{"line":124,"column":2}},"line":117},"9":{"name":"deserializeSchedule","decl":{"start":{"line":126,"column":35},"end":{"line":133,"column":2}},"loc":{"start":{"line":126,"column":35},"end":{"line":133,"column":2}},"line":126},"10":{"name":"isSegmentAfterPlaceholder","decl":{"start":{"line":135,"column":7},"end":{"line":146,"column":1}},"loc":{"start":{"line":135,"column":7},"end":{"line":146,"column":1}},"line":135},"11":{"name":"segmentIsOrAfterPlaceholder","decl":{"start":{"line":148,"column":7},"end":{"line":158,"column":1}},"loc":{"start":{"line":148,"column":7},"end":{"line":158,"column":1}},"line":148},"12":{"name":"getLanguageFromKey","decl":{"start":{"line":160,"column":7},"end":{"line":162,"column":1}},"loc":{"start":{"line":160,"column":7},"end":{"line":162,"column":1}},"line":160}},"f":{"0":32,"1":11,"2":22,"3":180,"4":15,"5":4,"6":3,"7":3,"8":56,"9":24,"10":2,"11":3,"12":9}}
,"/Users/stuarthanberg/dev/Taper/src/components/AddSegmentButton.svelte": {"path":"/Users/stuarthanberg/dev/Taper/src/components/AddSegmentButton.svelte","all":false,"statementMap":{"0":{"start":{"line":1,"column":0},"end":{"line":1,"column":8}},"1":{"start":{"line":2,"column":0},"end":{"line":2,"column":48}},"2":{"start":{"line":3,"column":0},"end":{"line":3,"column":0}},"3":{"start":{"line":4,"column":0},"end":{"line":4,"column":42}},"4":{"start":{"line":5,"column":0},"end":{"line":5,"column":0}},"5":{"start":{"line":6,"column":0},"end":{"line":6,"column":25}},"6":{"start":{"line":7,"column":0},"end":{"line":7,"column":25}},"7":{"start":{"line":8,"column":0},"end":{"line":8,"column":2}},"8":{"start":{"line":9,"column":0},"end":{"line":9,"column":9}},"9":{"start":{"line":10,"column":0},"end":{"line":10,"column":0}},"10":{"start":{"line":11,"column":0},"end":{"line":11,"column":62}},"11":{"start":{"line":12,"column":0},"end":{"line":12,"column":0}},"12":{"start":{"line":13,"column":0},"end":{"line":13,"column":7}},"13":{"start":{"line":14,"column":0},"end":{"line":14,"column":8}},"14":{"start":{"line":15,"column":0},"end":{"line":15,"column":69}},"15":{"start":{"line":16,"column":0},"end":{"line":16,"column":2}},"16":{"start":{"line":17,"column":0},"end":{"line":17,"column":0}},"17":{"start":{"line":18,"column":0},"end":{"line":18,"column":9}},"18":{"start":{"line":19,"column":0},"end":{"line":19,"column":15}},"19":{"start":{"line":20,"column":0},"end":{"line":20,"column":14}},"20":{"start":{"line":21,"column":0},"end":{"line":21,"column":32}},"21":{"start":{"line":22,"column":0},"end":{"line":22,"column":15}},"22":{"start":{"line":23,"column":0},"end":{"line":23,"column":12}},"23":{"start":{"line":24,"column":0},"end":{"line":24,"column":12}},"24":{"start":{"line":25,"column":0},"end":{"line":25,"column":55}},"25":{"start":{"line":26,"column":0},"end":{"line":26,"column":14}},"26":{"start":{"line":27,"column":0},"end":{"line":27,"column":21}},"27":{"start":{"line":28,"column":0},"end":{"line":28,"column":88}},"28":{"start":{"line":29,"column":0},"end":{"line":29,"column":0}},"29":{"start":{"line":30,"column":0},"end":{"line":30,"column":11}},"30":{"start":{"line":31,"column":0},"end":{"line":31,"column":15}},"31":{"start":{"line":32,"column":0},"end":{"line":32,"column":18}},"32":{"start":{"line":33,"column":0},"end":{"line":33,"column":22}},"33":{"start":{"line":34,"column":0},"end":{"line":34,"column":12}},"34":{"start":{"line":35,"column":0},"end":{"line":35,"column":11}},"35":{"start":{"line":36,"column":0},"end":{"line":36,"column":12}},"36":{"start":{"line":37,"column":0},"end":{"line":37,"column":44}},"37":{"start":{"line":38,"column":0},"end":{"line":38,"column":37}},"38":{"start":{"line":39,"column":0},"end":{"line":39,"column":23}},"39":{"start":{"line":40,"column":0},"end":{"line":40,"column":41}},"40":{"start":{"line":41,"column":0},"end":{"line":41,"column":23}},"41":{"start":{"line":42,"column":0},"end":{"line":42,"column":14}},"42":{"start":{"line":43,"column":0},"end":{"line":43,"column":3}},"43":{"start":{"line":44,"column":0},"end":{"line":44,"column":2}},"44":{"start":{"line":45,"column":0},"end":{"line":45,"column":0}},"45":{"start":{"line":46,"column":0},"end":{"line":46,"column":14}},"46":{"start":{"line":47,"column":0},"end":{"line":47,"column":15}},"47":{"start":{"line":48,"column":0},"end":{"line":48,"column":16}},"48":{"start":{"line":49,"column":0},"end":{"line":49,"column":0}},"49":{"start":{"line":50,"column":0},"end":{"line":50,"column":11}},"50":{"start":{"line":51,"column":0},"end":{"line":51,"column":37}},"51":{"start":{"line":52,"column":0},"end":{"line":52,"column":14}},"52":{"start":{"line":53,"column":0},"end":{"line":53,"column":41}},"53":{"start":{"line":54,"column":0},"end":{"line":54,"column":3}},"54":{"start":{"line":55,"column":0},"end":{"line":55,"column":2}},"55":{"start":{"line":56,"column":0},"end":{"line":56,"column":8}}},"s":{"0":1,"1":1,"2":1,"3":1,"4":1,"5":1,"6":1,"7":1,"8":1,"9":1,"10":1,"11":1,"12":1,"13":1,"14":1,"15":1,"16":1,"17":1,"18":1,"19":1,"20":1,"21":1,"22":1,"23":1,"24":1,"25":1,"26":1,"27":1,"28":1,"29":1,"30":1,"31":1,"32":1,"33":1,"34":1,"35":1,"36":1,"37":1,"38":1,"39":1,"40":1,"41":1,"42":1,"43":1,"44":1,"45":1,"46":1,"47":1,"48":1,"49":1,"50":1,"51":1,"52":1,"53":1,"54":1,"55":1},"branchMap":{},"b":{},"fnMap":{},"f":{}}
,"/Users/stuarthanberg/dev/Taper/src/components/Badge.svelte": {"path":"/Users/stuarthanberg/dev/Taper/src/components/Badge.svelte","all":false,"statementMap":{"0":{"start":{"line":1,"column":0},"end":{"line":1,"column":18}},"1":{"start":{"line":2,"column":0},"end":{"line":2,"column":9}},"2":{"start":{"line":3,"column":0},"end":{"line":3,"column":0}},"3":{"start":{"line":4,"column":0},"end":{"line":4,"column":6}},"4":{"start":{"line":5,"column":0},"end":{"line":5,"column":9}},"5":{"start":{"line":6,"column":0},"end":{"line":6,"column":7}},"6":{"start":{"line":7,"column":0},"end":{"line":7,"column":0}},"7":{"start":{"line":8,"column":0},"end":{"line":8,"column":7}},"8":{"start":{"line":9,"column":0},"end":{"line":9,"column":7}},"9":{"start":{"line":10,"column":0},"end":{"line":10,"column":24}},"10":{"start":{"line":11,"column":0},"end":{"line":11,"column":25}},"11":{"start":{"line":12,"column":0},"end":{"line":12,"column":22}},"12":{"start":{"line":13,"column":0},"end":{"line":13,"column":22}},"13":{"start":{"line":14,"column":0},"end":{"line":14,"column":26}},"14":{"start":{"line":15,"column":0},"end":{"line":15,"column":19}},"15":{"start":{"line":16,"column":0},"end":{"line":16,"column":29}},"16":{"start":{"line":17,"column":0},"end":{"line":17,"column":18}},"17":{"start":{"line":18,"column":0},"end":{"line":18,"column":19}},"18":{"start":{"line":19,"column":0},"end":{"line":19,"column":46}},"19":{"start":{"line":20,"column":0},"end":{"line":20,"column":42}},"20":{"start":{"line":21,"column":0},"end":{"line":21,"column":21}},"21":{"start":{"line":22,"column":0},"end":{"line":22,"column":19}},"22":{"start":{"line":23,"column":0},"end":{"line":23,"column":2}},"23":{"start":{"line":24,"column":0},"end":{"line":24,"column":8}}},"s":{"0":1,"1":1,"2":1,"3":1,"4":1,"5":1,"6":1,"7":1,"8":1,"9":1,"10":1,"11":1,"12":1,"13":1,"14":1,"15":1,"16":1,"17":1,"18":1,"19":1,"20":1,"21":1,"22":1,"23":1},"branchMap":{"0":{"type":"branch","line":1,"loc":{"start":{"line":1,"column":0},"end":{"line":1,"column":17}},"locations":[{"start":{"line":1,"column":0},"end":{"line":1,"column":17}}]},"1":{"type":"branch","line":1,"loc":{"start":{"line":1,"column":0},"end":{"line":1,"column":17}},"locations":[{"start":{"line":1,"column":0},"end":{"line":1,"column":17}}]}},"b":{"0":[2],"1":[2]},"fnMap":{},"f":{}}
,"/Users/stuarthanberg/dev/Taper/src/components/FormHeader.svelte": {"path":"/Users/stuarthanberg/dev/Taper/src/components/FormHeader.svelte","all":false,"statementMap":{"0":{"start":{"line":1,"column":0},"end":{"line":1,"column":18}},"1":{"start":{"line":2,"column":0},"end":{"line":2,"column":50}},"2":{"start":{"line":3,"column":0},"end":{"line":3,"column":36}},"3":{"start":{"line":4,"column":0},"end":{"line":4,"column":46}},"4":{"start":{"line":5,"column":0},"end":{"line":5,"column":38}},"5":{"start":{"line":6,"column":0},"end":{"line":6,"column":0}},"6":{"start":{"line":7,"column":0},"end":{"line":7,"column":90}},"7":{"start":{"line":8,"column":0},"end":{"line":8,"column":93}},"8":{"start":{"line":9,"column":0},"end":{"line":9,"column":0}},"9":{"start":{"line":10,"column":0},"end":{"line":10,"column":8}},"10":{"start":{"line":11,"column":0},"end":{"line":11,"column":56}},"11":{"start":{"line":12,"column":0},"end":{"line":12,"column":0}},"12":{"start":{"line":13,"column":0},"end":{"line":13,"column":12}},"13":{"start":{"line":14,"column":0},"end":{"line":14,"column":57}},"14":{"start":{"line":15,"column":0},"end":{"line":15,"column":0}},"15":{"start":{"line":16,"column":0},"end":{"line":16,"column":12}},"16":{"start":{"line":17,"column":0},"end":{"line":17,"column":57}},"17":{"start":{"line":18,"column":0},"end":{"line":18,"column":63}},"18":{"start":{"line":19,"column":0},"end":{"line":19,"column":59}},"19":{"start":{"line":20,"column":0},"end":{"line":20,"column":0}},"20":{"start":{"line":21,"column":0},"end":{"line":21,"column":18}},"21":{"start":{"line":22,"column":0},"end":{"line":22,"column":41}},"22":{"start":{"line":23,"column":0},"end":{"line":23,"column":46}},"23":{"start":{"line":24,"column":0},"end":{"line":24,"column":60}},"24":{"start":{"line":25,"column":0},"end":{"line":25,"column":3}},"25":{"start":{"line":26,"column":0},"end":{"line":26,"column":0}},"26":{"start":{"line":27,"column":0},"end":{"line":27,"column":48}},"27":{"start":{"line":28,"column":0},"end":{"line":28,"column":46}},"28":{"start":{"line":29,"column":0},"end":{"line":29,"column":40}},"29":{"start":{"line":30,"column":0},"end":{"line":30,"column":3}},"30":{"start":{"line":31,"column":0},"end":{"line":31,"column":0}},"31":{"start":{"line":32,"column":0},"end":{"line":32,"column":55}},"32":{"start":{"line":33,"column":0},"end":{"line":33,"column":46}},"33":{"start":{"line":34,"column":0},"end":{"line":34,"column":28}},"34":{"start":{"line":35,"column":0},"end":{"line":35,"column":10}},"35":{"start":{"line":36,"column":0},"end":{"line":36,"column":3}},"36":{"start":{"line":37,"column":0},"end":{"line":37,"column":3}},"37":{"start":{"line":38,"column":0},"end":{"line":38,"column":0}},"38":{"start":{"line":39,"column":0},"end":{"line":39,"column":45}},"39":{"start":{"line":40,"column":0},"end":{"line":40,"column":47}},"40":{"start":{"line":41,"column":0},"end":{"line":41,"column":43}},"41":{"start":{"line":42,"column":0},"end":{"line":42,"column":3}},"42":{"start":{"line":43,"column":0},"end":{"line":43,"column":9}},"43":{"start":{"line":44,"column":0},"end":{"line":44,"column":0}},"44":{"start":{"line":45,"column":0},"end":{"line":45,"column":23}},"45":{"start":{"line":46,"column":0},"end":{"line":46,"column":21}},"46":{"start":{"line":47,"column":0},"end":{"line":47,"column":31}},"47":{"start":{"line":48,"column":0},"end":{"line":48,"column":29}},"48":{"start":{"line":49,"column":0},"end":{"line":49,"column":9}},"49":{"start":{"line":50,"column":0},"end":{"line":50,"column":15}},"50":{"start":{"line":51,"column":0},"end":{"line":51,"column":31}},"51":{"start":{"line":52,"column":0},"end":{"line":52,"column":39}},"52":{"start":{"line":53,"column":0},"end":{"line":53,"column":32}},"53":{"start":{"line":54,"column":0},"end":{"line":54,"column":5}},"54":{"start":{"line":55,"column":0},"end":{"line":55,"column":10}},"55":{"start":{"line":56,"column":0},"end":{"line":56,"column":0}},"56":{"start":{"line":57,"column":0},"end":{"line":57,"column":26}},"57":{"start":{"line":58,"column":0},"end":{"line":58,"column":24}},"58":{"start":{"line":59,"column":0},"end":{"line":59,"column":97}},"59":{"start":{"line":60,"column":0},"end":{"line":60,"column":46}},"60":{"start":{"line":61,"column":0},"end":{"line":61,"column":49}},"61":{"start":{"line":62,"column":0},"end":{"line":62,"column":11}},"62":{"start":{"line":63,"column":0},"end":{"line":63,"column":12}},"63":{"start":{"line":64,"column":0},"end":{"line":64,"column":10}},"64":{"start":{"line":65,"column":0},"end":{"line":65,"column":0}},"65":{"start":{"line":66,"column":0},"end":{"line":66,"column":26}},"66":{"start":{"line":67,"column":0},"end":{"line":67,"column":9}},"67":{"start":{"line":68,"column":0},"end":{"line":68,"column":12}},"68":{"start":{"line":69,"column":0},"end":{"line":69,"column":37}},"69":{"start":{"line":70,"column":0},"end":{"line":70,"column":30}},"70":{"start":{"line":71,"column":0},"end":{"line":71,"column":9}},"71":{"start":{"line":72,"column":0},"end":{"line":72,"column":10}},"72":{"start":{"line":73,"column":0},"end":{"line":73,"column":10}},"73":{"start":{"line":74,"column":0},"end":{"line":74,"column":25}},"74":{"start":{"line":75,"column":0},"end":{"line":75,"column":33}},"75":{"start":{"line":76,"column":0},"end":{"line":76,"column":44}},"76":{"start":{"line":77,"column":0},"end":{"line":77,"column":36}},"77":{"start":{"line":78,"column":0},"end":{"line":78,"column":4}},"78":{"start":{"line":79,"column":0},"end":{"line":79,"column":42}},"79":{"start":{"line":80,"column":0},"end":{"line":80,"column":62}},"80":{"start":{"line":81,"column":0},"end":{"line":81,"column":11}},"81":{"start":{"line":82,"column":0},"end":{"line":82,"column":41}},"82":{"start":{"line":83,"column":
[...]
7":{"start":{"line":18,"column":0},"end":{"line":18,"column":5}},"18":{"start":{"line":19,"column":0},"end":{"line":19,"column":50}},"19":{"start":{"line":20,"column":0},"end":{"line":20,"column":31}},"20":{"start":{"line":21,"column":0},"end":{"line":21,"column":11}},"21":{"start":{"line":22,"column":0},"end":{"line":22,"column":20}},"22":{"start":{"line":23,"column":0},"end":{"line":23,"column":92}},"23":{"start":{"line":24,"column":0},"end":{"line":24,"column":9}},"24":{"start":{"line":25,"column":0},"end":{"line":25,"column":56}},"25":{"start":{"line":26,"column":0},"end":{"line":26,"column":70}},"26":{"start":{"line":27,"column":0},"end":{"line":27,"column":56}},"27":{"start":{"line":28,"column":0},"end":{"line":28,"column":0}},"28":{"start":{"line":29,"column":0},"end":{"line":29,"column":53}},"29":{"start":{"line":30,"column":0},"end":{"line":30,"column":49}},"30":{"start":{"line":31,"column":0},"end":{"line":31,"column":2}},"31":{"start":{"line":32,"column":0},"end":{"line":32,"column":9}},"32":{"start":{"line":33,"column":0},"end":{"line":33,"column":0}},"33":{"start":{"line":34,"column":0},"end":{"line":34,"column":31}},"34":{"start":{"line":35,"column":0},"end":{"line":35,"column":48}},"35":{"start":{"line":36,"column":0},"end":{"line":36,"column":93}},"36":{"start":{"line":37,"column":0},"end":{"line":37,"column":6}},"37":{"start":{"line":38,"column":0},"end":{"line":38,"column":5}},"38":{"start":{"line":39,"column":0},"end":{"line":39,"column":0}},"39":{"start":{"line":40,"column":0},"end":{"line":40,"column":7}},"40":{"start":{"line":41,"column":0},"end":{"line":41,"column":13}},"41":{"start":{"line":42,"column":0},"end":{"line":42,"column":31}},"42":{"start":{"line":43,"column":0},"end":{"line":43,"column":2}},"43":{"start":{"line":44,"column":0},"end":{"line":44,"column":24}},"44":{"start":{"line":45,"column":0},"end":{"line":45,"column":31}},"45":{"start":{"line":46,"column":0},"end":{"line":46,"column":2}},"46":{"start":{"line":47,"column":0},"end":{"line":47,"column":12}},"47":{"start":{"line":48,"column":0},"end":{"line":48,"column":24}},"48":{"start":{"line":49,"column":0},"end":{"line":49,"column":29}},"49":{"start":{"line":50,"column":0},"end":{"line":50,"column":30}},"50":{"start":{"line":51,"column":0},"end":{"line":51,"column":33}},"51":{"start":{"line":52,"column":0},"end":{"line":52,"column":2}},"52":{"start":{"line":53,"column":0},"end":{"line":53,"column":8}}},"s":{"0":1,"1":1,"2":1,"3":1,"4":1,"5":1,"6":1,"7":1,"8":1,"9":1,"10":1,"11":1,"12":1,"13":1,"14":1,"15":1,"16":1,"17":1,"18":1,"19":1,"20":1,"21":1,"22":1,"23":1,"24":1,"25":1,"26":1,"27":1,"28":1,"29":1,"30":1,"31":1,"32":1,"33":1,"34":1,"35":1,"36":1,"37":1,"38":1,"39":1,"40":1,"41":1,"42":1,"43":1,"44":1,"45":1,"46":1,"47":1,"48":1,"49":1,"50":1,"51":1,"52":1},"branchMap":{"0":{"type":"branch","line":34,"loc":{"start":{"line":34,"column":30},"end":{"line":34,"column":31}},"locations":[{"start":{"line":34,"column":30},"end":{"line":34,"column":31}}]},"1":{"type":"branch","line":13,"loc":{"start":{"line":13,"column":45},"end":{"line":13,"column":74}},"locations":[{"start":{"line":13,"column":45},"end":{"line":13,"column":74}}]},"2":{"type":"branch","line":14,"loc":{"start":{"line":14,"column":37},"end":{"line":14,"column":67}},"locations":[{"start":{"line":14,"column":37},"end":{"line":14,"column":67}}]},"3":{"type":"branch","line":15,"loc":{"start":{"line":15,"column":60},"end":{"line":15,"column":84}},"locations":[{"start":{"line":15,"column":60},"end":{"line":15,"column":84}}]},"4":{"type":"branch","line":23,"loc":{"start":{"line":23,"column":11},"end":{"line":23,"column":86}},"locations":[{"start":{"line":23,"column":11},"end":{"line":23,"column":86}}]}},"b":{"0":[12],"1":[3],"2":[11],"3":[4],"4":[13]},"fnMap":{},"f":{}}
,"/Users/stuarthanberg/dev/Taper/src/components/ScheduleTable.svelte": {"path":"/Users/stuarthanberg/dev/Taper/src/components/ScheduleTable.svelte","all":false,"statementMap":{"0":{"start":{"line":1,"column":0},"end":{"line":1,"column":18}},"1":{"start":{"line":2,"column":0},"end":{"line":2,"column":38}},"2":{"start":{"line":3,"column":0},"end":{"line":3,"column":60}},"3":{"start":{"line":4,"column":0},"end":{"line":4,"column":70}},"4":{"start":{"line":5,"column":0},"end":{"line":5,"column":56}},"5":{"start":{"line":6,"column":0},"end":{"line":6,"column":9}},"6":{"start":{"line":7,"column":0},"end":{"line":7,"column":0}},"7":{"start":{"line":8,"column":0},"end":{"line":8,"column":20}},"8":{"start":{"line":9,"column":0},"end":{"line":9,"column":8}},"9":{"start":{"line":10,"column":0},"end":{"line":10,"column":6}},"10":{"start":{"line":11,"column":0},"end":{"line":11,"column":27}},"11":{"start":{"line":12,"column":0},"end":{"line":12,"column":29}},"12":{"start":{"line":13,"column":0},"end":{"line":13,"column":12}},"13":{"start":{"line":14,"column":0},"end":{"line":14,"column":7}},"14":{"start":{"line":15,"column":0},"end":{"line":15,"column":9}},"15":{"start":{"line":16,"column":0},"end":{"line":16,"column":8}},"16":{"start":{"line":17,"column":0},"end":{"line":17,"column":55}},"17":{"start":{"line":18,"column":0},"end":{"line":18,"column":75}},"18":{"start":{"line":19,"column":0},"end":{"line":19,"column":8}},"19":{"start":{"line":20,"column":0},"end":{"line":20,"column":78}},"20":{"start":{"line":21,"column":0},"end":{"line":21,"column":23}},"21":{"start":{"line":22,"column":0},"end":{"line":22,"column":80}},"22":{"start":{"line":23,"column":0},"end":{"line":23,"column":8}},"23":{"start":{"line":24,"column":0},"end":{"line":24,"column":10}},"24":{"start":{"line":25,"column":0},"end":{"line":25,"column":9}},"25":{"start":{"line":26,"column":0},"end":{"line":26,"column":8}},"26":{"start":{"line":27,"column":0},"end":{"line":27,"column":15}},"27":{"start":{"line":28,"column":0},"end":{"line":28,"column":42}},"28":{"start":{"line":29,"column":0},"end":{"line":29,"column":13}},"29":{"start":{"line":30,"column":0},"end":{"line":30,"column":11}},"30":{"start":{"line":31,"column":0},"end":{"line":31,"column":65}},"31":{"start":{"line":32,"column":0},"end":{"line":32,"column":75}},"32":{"start":{"line":33,"column":0},"end":{"line":33,"column":5}},"33":{"start":{"line":34,"column":0},"end":{"line":34,"column":9}},"34":{"start":{"line":35,"column":0},"end":{"line":35,"column":9}},"35":{"start":{"line":36,"column":0},"end":{"line":36,"column":8}},"36":{"start":{"line":37,"column":0},"end":{"line":37,"column":0}},"37":{"start":{"line":38,"column":0},"end":{"line":38,"column":7}},"38":{"start":{"line":39,"column":0},"end":{"line":39,"column":8}},"39":{"start":{"line":40,"column":0},"end":{"line":40,"column":20}},"40":{"start":{"line":41,"column":0},"end":{"line":41,"column":2}},"41":{"start":{"line":42,"column":0},"end":{"line":42,"column":0}},"42":{"start":{"line":43,"column":0},"end":{"line":43,"column":8}},"43":{"start":{"line":44,"column":0},"end":{"line":44,"column":28}},"44":{"start":{"line":45,"column":0},"end":{"line":45,"column":34}},"45":{"start":{"line":46,"column":0},"end":{"line":46,"column":17}},"46":{"start":{"line":47,"column":0},"end":{"line":47,"column":0}},"47":{"start":{"line":48,"column":0},"end":{"line":48,"column":8}},"48":{"start":{"line":49,"column":0},"end":{"line":49,"column":43}},"49":{"start":{"line":50,"column":0},"end":{"line":50,"column":3}},"50":{"start":{"line":51,"column":0},"end":{"line":51,"column":0}},"51":{"start":{"line":52,"column":0},"end":{"line":52,"column":7}},"52":{"start":{"line":53,"column":0},"end":{"line":53,"column":8}},"53":{"start":{"line":54,"column":0},"end":{"line":54,"column":14}},"54":{"start":{"line":55,"column":0},"end":{"line":55,"column":41}},"55":{"start":{"line":56,"column":0},"end":{"line":56,"column":20}},"56":{"start":{"line":57,"column":0},"end":{"line":57,"column":21}},"57":{"start":{"line":58,"column":0},"end":{"line":58,"column":3}},"58":{"start":{"line":59,"column":0},"end":{"line":59,"column":0}},"59":{"start":{"line":60,"column":0},"end":{"line":60,"column":13}},"60":{"start":{"line":61,"column":0},"end":{"line":61,"column":15}},"61":{"start":{"line":62,"column":0},"end":{"line":62,"column":0}},"62":{"start":{"line":63,"column":0},"end":{"line":63,"column":12}},"63":{"start":{"line":64,"column":0},"end":{"line":64,"column":31}},"64":{"start":{"line":65,"column":0},"end":{"line":65,"column":34}},"65":{"start":{"line":66,"column":0},"end":{"line":66,"column":4}},"66":{"start":{"line":67,"column":0},"end":{"line":67,"column":3}},"67":{"start":{"line":68,"column":0},"end":{"line":68,"column":0}},"68":{"start":{"line":69,"column":0},"end":{"line":69,"column":13}},"69":{"start":{"line":70,"column":0},"end":{"line":70,"column":15}},"70":{"start":{"line":71,"column":0},"end":{"line":71,"column":0}},"71":{"start":{"line":72,"column":0},"end":{"line":72,"column":12}},"72":{"start":{"line":73,"column":0},"end":{"line":73,"column":30}},"73":{"start":{"line":74,"column":0},"end":{"line":74,"column":33}},"74":{"start":{"line":75,"column":0},"end":{"line":75,"column":4}},"75":{"start":{"line":76,"column":0},"end":{"line":76,"column":3}},"76":{"start":{"line":77,"column":0},"end":{"line":77,"column":0}},"77":{"start":{"line":78,"column":0},"end":{"line":78,"column":15}},"78":{"start":{"line":79,"column":0},"end":{"line":79,"column":14}},"79":{"start":{"line":80,"column":0},"end":{"line":80,"column":3}},"80":{"start":{"line":81,"column":0},"end":{"line":81,"column":2}},"81":{"start":{"line":82,"column":0},"end":{"line":82,"column":0}},"82":{"start":{"line":83,"column":0},"end":{"line":83,"column":27}},"83":{"start":{"line":84,"column":0},"end":{"line":84,"column":13}},"84":{"start":{"line":85,"column":0},"end":{"line":85,"column":25}},"85":{"start":{"line":86,"column":0},"end":{"line":86,"column":16}},"86":{"start":{"line":87,"column":0},"end":{"line":87,"column":2}},"87":{"start":{"line":88,"column":0},"end":{"line":88,"column":8}}},"s":{"0":1,"1":1,"2":1,"3":1,"4":1,"5":1,"6":1,"7":1,"8":1,"9":1,"10":1,"11":1,"12":1,"13":1,"14":1,"15":1,"16":1,"17":1,"18":1,"19":1,"20":1,"21":1,"22":1,"23":1,"24":1,"25":1,"26":1,"27":1,"28":1,"29":1,"30":1,"31":1,"32":1,"33":1,"34":1,"35":1,"36":1,"37":1,"38":1,"39":1,"40":1,"41":1,"42":1,"43":1,"44":1,"45":1,"46":1,"47":1,"48":1,"49":1,"50":1,"51":1,"52":1,"53":1,"54":1,"55":1,"56":1,"57":1,"58":1,"59":1,"60":1,"61":1,"62":1,"63":1,"64":1,"65":1,"66":1,"67":1,"68":1,"69":1,"70":1,"71":1,"72":1,"73":1,"74":1,"75":1,"76":1,"77":1,"78":1,"79":1,"80":1,"81":1,"82":1,"83":1,"84":1,"85":1,"86":1,"87":1},"branchMap":{"0":{"type":"branch","line":1,"loc":{"start":{"line":1,"column":0},"end":{"line":1,"column":18}},"locations":[{"start":{"line":1,"column":0},"end":{"line":1,"column":18}}]},"1":{"type":"branch","line":1,"loc":{"start":{"line":1,"column":0},"end":{"line":1,"column":18}},"locations":[{"start":{"line":1,"column":0},"end":{"line":1,"column":18}}]}},"b":{"0":[1],"1":[1]},"fnMap":{"0":{"name":"addSegment_handler","decl":{"start":{"line":22,"column":28},"end":{"line":22,"column":80}},"loc":{"start":{"line":22,"column":28},"end":{"line":22,"column":80}},"line":22},"1":{"name":"removeSegment_handler","decl":{"start":{"line":31,"column":28},"end":{"line":31,"column":65}},"loc":{"start":{"line":31,"column":28},"end":{"line":31,"column":65}},"line":31},"2":{"name":"change_handler","decl":{"start":{"line":32,"column":16},"end":{"line":32,"column":75}},"loc":{"start":{"line":32,"column":16},"end":{"line":32,"column":75}},"line":32}},"f":{"0":0,"1":0,"2":0}}
,"/Users/stuarthanberg/dev/Taper/src/routes/+layout.svelte": {"path":"/Users/stuarthanberg/dev/Taper/src/routes/+layout.svelte","all":true,"statementMap":{"0":{"start":{"line":1,"column":0},"end":{"line":1,"column":8}},"1":{"start":{"line":2,"column":0},"end":{"line":2,"column":44}},"2":{"start":{"line":3,"column":0},"end":{"line":3,"column":52}},"3":{"start":{"line":4,"column":0},"end":{"line":4,"column":23}},"4":{"start":{"line":5,"column":0},"end":{"line":5,"column":0}},"5":{"start":{"line":6,"column":0},"end":{"line":6,"column":52}},"6":{"start":{"line":7,"column":0},"end":{"line":7,"column":54}},"7":{"start":{"line":8,"column":0},"end":{"line":8,"column":9}},"8":{"start":{"line":9,"column":0},"end":{"line":9,"column":0}},"9":{"start":{"line":10,"column":0},"end":{"line":10,"column":13}},"10":{"start":{"line":11,"column":0},"end":{"line":11,"column":21}},"11":{"start":{"line":12,"column":0},"end":{"line":12,"column":14}},"12":{"start":{"line":13,"column":0},"end":{"line":13,"column":0}},"13":{"start":{"line":14,"column":0},"end":{"line":14,"column":17}},"14":{"start":{"line":15,"column":0},"end":{"line":15,"column":12}},"15":{"start":{"line":16,"column":0},"end":{"line":16,"column":9}},"16":{"start":{"line":17,"column":0},"end":{"line":17,"column":6}},"17":{"start":{"line":18,"column":0},"end":{"line":18,"column":0}},"18":{"start":{"line":19,"column":0},"end":{"line":19,"column":7}},"19":{"start":{"line":20,"column":0},"end":{"line":20,"column":7}},"20":{"start":{"line":21,"column":0},"end":{"line":21,"column":16}},"21":{"start":{"line":22,"column":0},"end":{"line":22,"column":25}},"22":{"start":{"line":23,"column":0},"end":{"line":23,"column":26}},"23":{"start":{"line":24,"column":0},"end":{"line":24,"column":22}},"24":{"start":{"line":25,"column":0},"end":{"line":25,"column":2}},"25":{"start":{"line":26,"column":0},"end":{"line":26,"column":8}}},"s":{"0":0,"1":0,"2":0,"3":0,"4":0,"5":0,"6":0,"7":0,"8":0,"9":0,"10":0,"11":0,"12":0,"13":0,"14":0,"15":0,"16":0,"17":0,"18":0,"19":0,"20":0,"21":0,"22":0,"23":0,"24":0,"25":0},"branchMap":{"0":{"type":"branch","line":1,"loc":{"start":{"line":1,"column":472},"end":{"line":26,"column":8}},"locations":[{"start":{"line":1,"column":472},"end":{"line":26,"column":8}}]}},"b":{"0":[0]},"fnMap":{"0":{"name":"(empty-report)","decl":{"start":{"line":1,"column":472},"end":{"line":26,"column":8}},"loc":{"start":{"line":1,"column":472},"end":{"line":26,"column":8}},"line":1}},"f":{"0":0}}
,"/Users/stuarthanberg/dev/Taper/src/routes/+page.svelte": {"path":"/Users/stuarthanberg/dev/Taper/src/routes/+page.svelte","all":true,"statementMap":{"0":{"start":{"line":1,"column":0},"end":{"line":1,"column":18}},"1":{"start":{"line":2,"column":0},"end":{"line":2,"column":45}},"2":{"start":{"line":3,"column":0},"end":{"line":3,"column":38}},"3":{"start":{"line":4,"column":0},"end":{"line":4,"column":58}},"4":{"start":{"line":5,"column":0},"end":{"line":5,"column":64}},"5":{"start":{"line":6,"column":0},"end":{"line":6,"column":46}},"6":{"start":{"line":7,"column":0},"end":{"line":7,"column":0}},"7":{"start":{"line":8,"column":0},"end":{"line":8,"column":43}},"8":{"start":{"line":9,"column":0},"end":{"line":9,"column":48}},"9":{"start":{"line":10,"column":0},"end":{"line":10,"column":0}},"10":{"start":{"line":11,"column":0},"end":{"line":11,"column":44}},"11":{"start":{"line":12,"column":0},"end":{"line":12,"column":22}},"12":{"start":{"line":13,"column":0},"end":{"line":13,"column":18}},"13":{"start":{"line":14,"column":0},"end":{"line":14,"column":20}},"14":{"start":{"line":15,"column":0},"end":{"line":15,"column":11}},"15":{"start":{"line":16,"column":0},"end":{"line":16,"column":20}},"16":{"start":{"line":17,"column":0},"end":{"line":17,"column":4}},"17":{"start":{"line":18,"column":0},"end":{"line":18,"column":51}},"18":{"start":{"line":19,"column":0},"end":{"line":19,"column":22}},"19":{"start":{"line":20,"column":0},"end":{"line":20,"column":19}},"20":{"start":{"line":21,"column":0},"end":{"line":21,"column":3}},"21":{"start":{"line":22,"column":0},"end":{"line":22,"column":2}},"22":{"start":{"line":23,"column":0},"end":{"line":23,"column":0}},"23":{"start":{"line":24,"column":0},"end":{"line":24,"column":16}},"24":{"start":{"line":25,"column":0},"end":{"line":25,"column":38}},"25":{"start":{"line":26,"column":0},"end":{"line":26,"column":53}},"26":{"start":{"line":27,"column":0},"end":{"line":27,"column":3}},"27":{"start":{"line":28,"column":0},"end":{"line":28,"column":4}},"28":{"start":{"line":29,"column":0},"end":{"line":29,"column":0}},"29":{"start":{"line":30,"column":0},"end":{"line":30,"column":18}},"30":{"start":{"line":31,"column":0},"end":{"line":31,"column":38}},"31":{"start":{"line":32,"column":0},"end":{"line":32,"column":56}},"32":{"start":{"line":33,"column":0},"end":{"line":33,"column":3}},"33":{"start":{"line":34,"column":0},"end":{"line":34,"column":4}},"34":{"start":{"line":35,"column":0},"end":{"line":35,"column":9}},"35":{"start":{"line":36,"column":0},"end":{"line":36,"column":0}},"36":{"start":{"line":37,"column":0},"end":{"line":37,"column":6}},"37":{"start":{"line":38,"column":0},"end":{"line":38,"column":15}},"38":{"start":{"line":39,"column":0},"end":{"line":39,"column":0}},"39":{"start":{"line":40,"column":0},"end":{"line":40,"column":19}},"40":{"start":{"line":41,"column":0},"end":{"line":41,"column":19}},"41":{"start":{"line":42,"column":0},"end":{"line":42,"column":10}},"42":{"start":{"line":43,"column":0},"end":{"line":43,"column":7}},"43":{"start":{"line":44,"column":0},"end":{"line":44,"column":7}},"44":{"start":{"line":45,"column":0},"end":{"line":45,"column":0}},"45":{"start":{"line":46,"column":0},"end":{"line":46,"column":7}},"46":{"start":{"line":47,"column":0},"end":{"line":47,"column":7}},"47":{"start":{"line":48,"column":0},"end":{"line":48,"column":16}},"48":{"start":{"line":49,"column":0},"end":{"line":49,"column":25}},"49":{"start":{"line":50,"column":0},"end":{"line":50,"column":49}},"50":{"start":{"line":51,"column":0},"end":{"line":51,"column":17}},"51":{"start":{"line":52,"column":0},"end":{"line":52,"column":35}},"52":{"start":{"line":53,"column":0},"end":{"line":53,"column":46}},"53":{"start":{"line":54,"column":0},"end":{"line":54,"column":15}},"54":{"start":{"line":55,"column":0},"end":{"line":55,"column":2}},"55":{"start":{"line":56,"column":0},"end":{"line":56,"column":0}},"56":{"start":{"line":57,"column":0},"end":{"line":57,"column":8}},"57":{"start":{"line":58,"column":0},"end":{"line":58,"column":16}},"58":{"start":{"line":59,"column":0},"end":{"line":59,"column":22}},"59":{"start":{"line":60,"column":0},"end":{"line":60,"column":12}},"60":{"start":{"line":61,"column":0},"end":{"line":61,"column":16}},"61":{"start":{"line":62,"column":0},"end":{"line":62,"column":19}},"62":{"start":{"line":63,"column":0},"end":{"line":63,"column":2}},"63":{"start":{"line":64,"column":0},"end":{"line":64,"column":8}}},"s":{"0":0,"1":0,"2":0,"3":0,"4":0,"5":0,"6":0,"7":0,"8":0,"9":0,"10":0,"11":0,"12":0,"13":0,"14":0,"15":0,"16":0,"17":0,"18":0,"19":0,"20":0,"21":0,"22":0,"23":0,"24":0,"25":0,"26":0,"27":0,"28":0,"29":0,"30":0,"31":0,"32":0,"33":0,"34":0,"35":0,"36":0,"37":0,"38":0,"39":0,"40":0,"41":0,"42":0,"43":0,"44":0,"45":0,"46":0,"47":0,"48":0,"49":0,"50":0,"51":0,"52":0,"53":0,"54":0,"55":0,"56":0,"57":0,"58":0,"59":0,"60":0,"61":0,"62":0,"63":0},"branchMap":{"0":{"type":"branch","line":1,"loc":{"start":{"line":1,"column":1306},"end":{"line":64,"column":8}},"locations":[{"start":{"line":1,"column":1306},"end":{"line":64,"column":8}}]}},"b":{"0":[0]},"fnMap":{"0":{"name":"(empty-report)","decl":{"start":{"line":1,"column":1306},"end":{"line":64,"column":8}},"loc":{"start":{"line":1,"column":1306},"end":{"line":64,"column":8}},"line":1}},"f":{"0":0}}
,"/Users/stuarthanberg/dev/Taper/src/routes/+page.ts": {"path":"/Users/stuarthanberg/dev/Taper/src/routes/+page.ts","all":true,"statementMap":{"0":{"start":{"line":1,"column":0},"end":{"line":1,"column":55}},"1":{"start":{"line":2,"column":0},"end":{"line":2,"column":60}},"2":{"start":{"line":3,"column":0},"end":{"line":3,"column":30}}},"s":{"0":0,"1":0,"2":0},"branchMap":{"0":{"type":"branch","line":1,"loc":{"start":{"line":1,"column":147},"end":{"line":3,"column":30}},"locations":[{"start":{"line":1,"column":147},"end":{"line":3,"column":30}}]}},"b":{"0":[0]},"fnMap":{"0":{"name":"(empty-report)","decl":{"start":{"line":1,"column":147},"end":{"line":3,"column":30}},"loc":{"start":{"line":1,"column":147},"end":{"line":3,"column":30}},"line":1}},"f":{"0":0}}
}
