{"/Users/stuarthanberg/dev/Taper/svelte.config.js": {"path":"/Users/stuarthanberg/dev/Taper/svelte.config.js","all":true,"statementMap":{"0":{"start":{"line":1,"column":0},"end":{"line":1,"column":45}},"1":{"start":{"line":2,"column":0},"end":{"line":2,"column":43}},"2":{"start":{"line":3,"column":0},"end":{"line":3,"column":0}},"3":{"start":{"line":4,"column":0},"end":{"line":4,"column":45}},"4":{"start":{"line":5,"column":0},"end":{"line":5,"column":16}},"5":{"start":{"line":6,"column":0},"end":{"line":6,"column":57}},"6":{"start":{"line":7,"column":0},"end":{"line":7,"column":44}},"7":{"start":{"line":8,"column":0},"end":{"line":8,"column":25}},"8":{"start":{"line":9,"column":0},"end":{"line":9,"column":18}},"9":{"start":{"line":10,"column":0},"end":{"line":10,"column":4}},"10":{"start":{"line":11,"column":0},"end":{"line":11,"column":0}},"11":{"start":{"line":12,"column":0},"end":{"line":12,"column":7}},"12":{"start":{"line":13,"column":0},"end":{"line":13,"column":20}},"13":{"start":{"line":14,"column":0},"end":{"line":14,"column":2}},"14":{"start":{"line":15,"column":0},"end":{"line":15,"column":2}},"15":{"start":{"line":16,"column":0},"end":{"line":16,"column":0}},"16":{"start":{"line":17,"column":0},"end":{"line":17,"column":22}}},"s":{"0":0,"1":0,"2":0,"3":0,"4":0,"5":0,"6":0,"7":0,"8":0,"9":0,"10":0,"11":0,"12":0,"13":0,"14":0,"15":0,"16":0},"branchMap":{"0":{"type":"branch","line":1,"loc":{"start":{"line":1,"column":0},"end":{"line":17,"column":-108}},"locations":[{"start":{"line":1,"column":0},"end":{"line":17,"column":-108}}]}},"b":{"0":[0]},"fnMap":{"0":{"name":"(empty-report)","decl":{"start":{"line":1,"column":0},"end":{"line":17,"column":-108}},"loc":{"start":{"line":1,"column":0},"end":{"line":17,"column":-108}},"line":1}},"f":{"0":0}}
,"/Users/stuarthanberg/dev/Taper/src/TaperDate.ts": {"path":"/Users/stuarthanberg/dev/Taper/src/TaperDate.ts","all":false,"statementMap":{"0":{"start":{"line":1,"column":0},"end":{"line":1,"column":24}},"1":{"start":{"line":2,"column":0},"end":{"line":2,"column":20}},"2":{"start":{"line":3,"column":0},"end":{"line":3,"column":0}},"3":{"start":{"line":4,"column":0},"end":{"line":4,"column":37}},"4":{"start":{"line":5,"column":0},"end":{"line":5,"column":34}},"5":{"start":{"line":6,"column":0},"end":{"line":6,"column":41}},"6":{"start":{"line":7,"column":0},"end":{"line":7,"column":37}},"7":{"start":{"line":8,"column":0},"end":{"line":8,"column":24}},"8":{"start":{"line":9,"column":0},"end":{"line":9,"column":77}},"9":{"start":{"line":10,"column":0},"end":{"line":10,"column":5}},"10":{"start":{"line":11,"column":0},"end":{"line":11,"column":10}},"11":{"start":{"line":12,"column":0},"end":{"line":12,"column":26}},"12":{"start":{"line":13,"column":0},"end":{"line":13,"column":93}},"13":{"start":{"line":14,"column":0},"end":{"line":14,"column":3}},"14":{"start":{"line":15,"column":0},"end":{"line":15,"column":23}},"15":{"start":{"line":16,"column":0},"end":{"line":16,"column":2}},"16":{"start":{"line":17,"column":0},"end":{"line":17,"column":0}},"17":{"start":{"line":18,"column":0},"end":{"line":18,"column":48}},"18":{"start":{"line":19,"column":0},"end":{"line":19,"column":83}},"19":{"start":{"line":20,"column":0},"end":{"line":20,"column":91}},"20":{"start":{"line":21,"column":0},"end":{"line":21,"column":2}},"21":{"start":{"line":22,"column":0},"end":{"line":22,"column":0}},"22":{"start":{"line":23,"column":0},"end":{"line":23,"column":32}},"23":{"start":{"line":24,"column":0},"end":{"line":24,"column":98}},"24":{"start":{"line":25,"column":0},"end":{"line":25,"column":2}},"25":{"start":{"line":26,"column":0},"end":{"line":26,"column":0}},"26":{"start":{"line":27,"column":0},"end":{"line":27,"column":29}},"27":{"start":{"line":28,"column":0},"end":{"line":28,"column":51}},"28":{"start":{"line":29,"column":0},"end":{"line":29,"column":23}},"29":{"start":{"line":30,"column":0},"end":{"line":30,"column":14}},"30":{"start":{"line":31,"column":0},"end":{"line":31,"column":2}},"31":{"start":{"line":32,"column":0},"end":{"line":32,"column":0}},"32":{"start":{"line":33,"column":0},"end":{"line":33,"column":45}},"33":{"start":{"line":34,"column":0},"end":{"line":34,"column":54}},"34":{"start":{"line":35,"column":0},"end":{"line":35,"column":23}},"35":{"start":{"line":36,"column":0},"end":{"line":36,"column":14}},"36":{"start":{"line":37,"column":0},"end":{"line":37,"column":2}},"37":{"start":{"line":38,"column":0},"end":{"line":38,"column":0}},"38":{"start":{"line":39,"column":0},"end":{"line":39,"column":39}},"39":{"start":{"line":40,"column":0},"end":{"line":40,"column":34}},"40":{"start":{"line":41,"column":0},"end":{"line":41,"column":41}},"41":{"start":{"line":42,"column":0},"end":{"line":42,"column":37}},"42":{"start":{"line":43,"column":0},"end":{"line":43,"column":24}},"43":{"start":{"line":44,"column":0},"end":{"line":44,"column":77}},"44":{"start":{"line":45,"column":0},"end":{"line":45,"column":5}},"45":{"start":{"line":46,"column":0},"end":{"line":46,"column":10}},"46":{"start":{"line":47,"column":0},"end":{"line":47,"column":67}},"47":{"start":{"line":48,"column":0},"end":{"line":48,"column":3}},"48":{"start":{"line":49,"column":0},"end":{"line":49,"column":23}},"49":{"start":{"line":50,"column":0},"end":{"line":50,"column":14}},"50":{"start":{"line":51,"column":0},"end":{"line":51,"column":2}},"51":{"start":{"line":52,"column":0},"end":{"line":52,"column":0}},"52":{"start":{"line":53,"column":0},"end":{"line":53,"column":39}},"53":{"start":{"line":54,"column":0},"end":{"line":54,"column":42}},"54":{"start":{"line":55,"column":0},"end":{"line":55,"column":115}},"55":{"start":{"line":56,"column":0},"end":{"line":56,"column":65}},"56":{"start":{"line":57,"column":0},"end":{"line":57,"column":54}},"57":{"start":{"line":58,"column":0},"end":{"line":58,"column":2}},"58":{"start":{"line":59,"column":0},"end":{"line":59,"column":0}},"59":{"start":{"line":60,"column":0},"end":{"line":60,"column":40}},"60":{"start":{"line":61,"column":0},"end":{"line":61,"column":45}},"61":{"start":{"line":62,"column":0},"end":{"line":62,"column":2}},"62":{"start":{"line":63,"column":0},"end":{"line":63,"column":1}}},"s":{"0":1,"1":1,"2":1,"3":1,"4":133,"5":93,"6":133,"7":35,"8":35,"9":35,"10":36,"11":5,"12":5,"13":5,"14":133,"15":133,"16":1,"17":1,"18":94,"19":94,"20":94,"21":1,"22":1,"23":164,"24":164,"25":1,"26":1,"27":1,"28":1,"29":1,"30":1,"31":1,"32":1,"33":28,"34":28,"35":28,"36":28,"37":1,"38":1,"39":3,"40":1,"41":3,"42":1,"43":1,"44":1,"45":1,"46":1,"47":1,"48":2,"49":2,"50":3,"51":1,"52":1,"53":70,"54":70,"55":70,"56":70,"57":70,"58":1,"59":1,"60":86,"61":86,"62":1},"branchMap":{"0":{"type":"branch","line":4,"loc":{"start":{"line":4,"column":1},"end":{"line":16,"column":2}},"locations":[{"start":{"line":4,"column":1},"end":{"line":16,"column":2}}]},"1":{"type":"branch","line":5,"loc":{"start":{"line":5,"column":33},"end":{"line":7,"column":13}},"locations":[{"start":{"line":5,"column":33},"end":{"line":7,"column":13}}]},"2":{"type":"branch","line":7,"loc":{"start":{"line":7,"column":2},"end":{"line":14,"column":3}},"locations":[{"start":{"line":7,"column":2},"end":{"line":14,"column":3}}]},"3":{"type":"branch","line":7,"loc":{"start":{"line":7,"column":36},"end":{"line":14,"column":3}},"locations":[{"start":{"line":7,"column":36},"end":{"line":14,"column":3}}]},"4":{"type":"branch","line":7,"loc":{"start":{"line":7,"column":36},"end":{"line":11,"column":9}},"locations":[{"start":{"line":7,"column":36},"end":{"line":11,"column":9}}]},"5":{"type":"branch","line":11,"loc":{"start":{"line":11,"column":2},"end":{"line":14,"column":3}},"locations":[{"start":{"line":11,"column":2},"end":{"line":14,"column":3}}]},"6":{"type":"branch","line":18,"loc":{"start":{"line":18,"column":9},"end":{"line":21,"column":2}},"locations":[{"start":{"line":18,"column":9},"end":{"line":21,"column":2}}]},"7":{"type":"branch","line":19,"loc":{"start":{"line":19,"column":53},"end":{"line":19,"column":81}},"locations":[{"start":{"line":19,"column":53},"end":{"line":19,"column":81}}]},"8":{"type":"branch","line":23,"loc":{"start":{"line":23,"column":9},"end":{"line":25,"column":2}},"locations":[{"start":{"line":23,"column":9},"end":{"line":25,"column":2}}]},"9":{"type":"branch","line":27,"loc":{"start":{"line":27,"column":8},"end":{"line":31,"column":2}},"locations":[{"start":{"line":27,"column":8},"end":{"line":31,"column":2}}]},"10":{"type":"branch","line":33,"loc":{"start":{"line":33,"column":8},"end":{"line":37,"column":2}},"locations":[{"start":{"line":33,"column":8},"end":{"line":37,"column":2}}]},"11":{"type":"branch","line":39,"loc":{"start":{"line":39,"column":8},"end":{"line":51,"column":2}},"locations":[{"start":{"line":39,"column":8},"end":{"line":51,"column":2}}]},"12":{"type":"branch","line":40,"loc":{"start":{"line":40,"column":33},"end":{"line":42,"column":13}},"locations":[{"start":{"line":40,"column":33},"end":{"line":42,"column":13}}]},"13":{"type":"branch","line":42,"loc":{"start":{"line":42,"column":2},"end":{"line":50,"column":14}},"locations":[{"start":{"line":42,"column":2},"end":{"line":50,"column":14}}]},"14":{"type":"branch","line":42,"loc":{"start":{"line":42,"column":36},"end":{"line":48,"column":3}},"locations":[{"start":{"line":42,"column":36},"end":{"line":48,"column":3}}]},"15":{"type":"branch","line":53,"loc":{"start":{"line":53,"column":8},"end":{"line":58,"column":2}},"locations":[{"start":{"line":53,"column":8},"end":{"line":58,"column":2}}]},"16":{"type":"branch","line":60,"loc":{"start":{"line":60,"column":8},"end":{"line":62,"column":2}},"locations":[{"start":{"line":60,"column":8},"end":{"line":62,"column":2}}]}},"b":{"0":[133],"1":[93],"2":[40],"3":[36],"4":[35],"5":[5],"6":[94],"7":[282],"8":[164],"9":[1],"10":[28],"11":[3],"12":[1],"13":[2],"14":[1],"15":[70],"16":[86]},"fnMap":{"0":{"name":"TaperDate","decl":{"start":{"line":4,"column":1},"end":{"line":16,"column":2}},"loc":{"start":{"line":4,"column":1},"end":{"line":16,"column":2}},"line":4},"1":{"name":"parseYYYYMMDD","decl":{"start":{"line":18,"column":9},"end":{"line":21,"column":2}},"loc":{"start":{"line":18,"column":9},"end":{"line":21,"column":2}},"line":18},"2":{"name":"setTo24thHour","decl":{"start":{"line":23,"column":9},"end":{"line":25,"column":2}},"loc":{"start":{"line":23,"column":9},"end":{"line":25,"column":2}},"line":23},"3":{"name":"incrementByOneDay","decl":{"start":{"line":27,"column":8},"end":{"line":31,"column":2}},"loc":{"start":{"line":27,"column":8},"end":{"line":31,"column":2}},"line":27},"4":{"name":"incrementByDays","decl":{"start":{"line":33,"column":8},"end":{"line":37,"column":2}},"loc":{"start":{"line":33,"column":8},"end":{"line":37,"column":2}},"line":33},"5":{"name":"setDate","decl":{"start":{"line":39,"column":8},"end":{"line":51,"column":2}},"loc":{"start":{"line":39,"column":8},"end":{"line":51,"column":2}},"line":39},"6":{"name":"toYYYYMMDD","decl":{"start":{"line":53,"column":8},"end":{"line":58,"column":2}},"loc":{"start":{"line":53,"column":8},"end":{"line":58,"column":2}},"line":53},"7":{"name":"toScheduleDate","decl":{"start":{"line":60,"column":8},"end":{"line":62,"column":2}},"loc":{"start":{"line":60,"column":8},"end":{"line":62,"column":2}},"line":60}},"f":{"0":133,"1":94,"2":164,"3":1,"4":28,"5":3,"6":70,"7":86}}
,"/Users/stuarthanberg/dev/Taper/src/consts.ts": {"path":"/Users/stuarthanberg/dev/Taper/src/consts.ts","all":false,"statementMap":{"0":{"start":{"line":1,"column":0},"end":{"line":1,"column":54}},"1":{"start":{"line":2,"column":0},"end":{"line":2,"column":11}},"2":{"start":{"line":3,"column":0},"end":{"line":3,"column":31}},"3":{"start":{"line":4,"column":0},"end":{"line":4,"column":31}},"4":{"start":{"line":5,"column":0},"end":{"line":5,"column":31}},"5":{"start":{"line":6,"column":0},"end":{"line":6,"column":29}},"6":{"start":{"line":7,"column":0},"end":{"line":7,"column":3}},"7":{"start":{"line":8,"column":0},"end":{"line":8,"column":26}},"8":{"start":{"line":9,"column":0},"end":{"line":9,"column":31}},"9":{"start":{"line":10,"column":0},"end":{"line":10,"column":31}},"10":{"start":{"line":11,"column":0},"end":{"line":11,"column":31}},"11":{"start":{"line":12,"column":0},"end":{"line":12,"column":31}},"12":{"start":{"line":13,"column":0},"end":{"line":13,"column":31}},"13":{"start":{"line":14,"column":0},"end":{"line":14,"column":31}},"14":{"start":{"line":15,"column":0},"end":{"line":15,"column":31}},"15":{"start":{"line":16,"column":0},"end":{"line":16,"column":31}},"16":{"start":{"line":17,"column":0},"end":{"line":17,"column":34}},"17":{"start":{"line":18,"column":0},"end":{"line":18,"column":31}},"18":{"start":{"line":19,"column":0},"end":{"line":19,"column":30}},"19":{"start":{"line":20,"column":0},"end":{"line":20,"column":30}},"20":{"start":{"line":21,"column":0},"end":{"line":21,"column":30}},"21":{"start":{"line":22,"column":0},"end":{"line":22,"column":31}},"22":{"start":{"line":23,"column":0},"end":{"line":23,"column":31}},"23":{"start":{"line":24,"column":0},"end":{"line":24,"column":31}},"24":{"start":{"line":25,"column":0},"end":{"line":25,"column":31}},"25":{"start":{"line":26,"column":0},"end":{"line":26,"column":31}},"26":{"start":{"line":27,"column":0},"end":{"line":27,"column":30}},"27":{"start":{"line":28,"column":0},"end":{"line":28,"column":3}},"28":{"start":{"line":29,"column":0},"end":{"line":29,"column":27}},"29":{"start":{"line":30,"column":0},"end":{"line":30,"column":31}},"30":{"start":{"line":31,"column":0},"end":{"line":31,"column":31}},"31":{"start":{"line":32,"column":0},"end":{"line":32,"column":31}},"32":{"start":{"line":33,"column":0},"end":{"line":33,"column":31}},"33":{"start":{"line":34,"column":0},"end":{"line":34,"column":31}},"34":{"start":{"line":35,"column":0},"end":{"line":35,"column":31}},"35":{"start":{"line":36,"column":0},"end":{"line":36,"column":31}},"36":{"start":{"line":37,"column":0},"end":{"line":37,"column":34}},"37":{"start":{"line":38,"column":0},"end":{"line":38,"column":32}},"38":{"start":{"line":39,"column":0},"end":{"line":39,"column":33}},"39":{"start":{"line":40,"column":0},"end":{"line":40,"column":32}},"40":{"start":{"line":41,"column":0},"end":{"line":41,"column":31}},"41":{"start":{"line":42,"column":0},"end":{"line":42,"column":31}},"42":{"start":{"line":43,"column":0},"end":{"line":43,"column":31}},"43":{"start":{"line":44,"column":0},"end":{"line":44,"column":31}},"44":{"start":{"line":45,"column":0},"end":{"line":45,"column":31}},"45":{"start":{"line":46,"column":0},"end":{"line":46,"column":31}},"46":{"start":{"line":47,"column":0},"end":{"line":47,"column":31}},"47":{"start":{"line":48,"column":0},"end":{"line":48,"column":31}},"48":{"start":{"line":49,"column":0},"end":{"line":49,"column":30}},"49":{"start":{"line":50,"column":0},"end":{"line":50,"column":3}},"50":{"start":{"line":51,"column":0},"end":{"line":51,"column":15}},"51":{"start":{"line":52,"column":0},"end":{"line":52,"column":32}},"52":{"start":{"line":53,"column":0},"end":{"line":53,"column":34}},"53":{"start":{"line":54,"column":0},"end":{"line":54,"column":32}},"54":{"start":{"line":55,"column":0},"end":{"line":55,"column":31}},"55":{"start":{"line":56,"column":0},"end":{"line":56,"column":31}},"56":{"start":{"line":57,"column":0},"end":{"line":57,"column":31}},"57":{"start":{"line":58,"column":0},"end":{"line":58,"column":31}},"58":{"start":{"line":59,"column":0},"end":{"line":59,"column":31}},"59":{"start":{"line":60,"column":0},"end":{"line":60,"column":31}},"60":{"start":{"line":61,"column":0},"end":{"line":61,"column":31}},"61":{"start":{"line":62,"column":0},"end":{"line":62,"column":31}},"62":{"start":{"line":63,"column":0},"end":{"line":63,"column":30}},"63":{"start":{"line":64,"column":0},"end":{"line":64,"column":2}},"64":{"start":{"line":65,"column":0},"end":{"line":65,"column":2}},"65":{"start":{"line":66,"column":0},"end":{"line":66,"column":0}},"66":{"start":{"line":67,"column":0},"end":{"line":67,"column":70}},"67":{"start":{"line":68,"column":0},"end":{"line":68,"column":0}},"68":{"start":{"line":69,"column":0},"end":{"line":69,"column":38}},"69":{"start":{"line":70,"column":0},"end":{"line":70,"column":67}},"70":{"start":{"line":71,"column":0},"end":{"line":71,"column":64}},"71":{"start":{"line":72,"column":0},"end":{"line":72,"column":66}},"72":{"start":{"line":73,"column":0},"end":{"line":73,"column":72}},"73":{"start":{"line":74,"column":0},"end":{"line":74,"column":65}},"74":{"start":{"line":75,"column":0},"end":{"line":75,"column":63}},"75":{"start":{"line":76,"column":0},"end":{"line":76,"column":2}},"76":{"start":{"line":77,"column":0},"end":{"line":77,"column":0}},"77":{"start":{"line":78,"column":0},"end":{"line":78,"column":62}},"78":{"start":{"line":79,"column":0},"end":{"line":79,"column":0}},"79":{"start":{"line":80,"column":0},"end":{"line":80,"column":72}}},"s":{"0":1,"1":1,"2":1,"3":1,"4":1,"5":1,"6":1,"7":1,"8":1,"9":1,"10":1,"11":1,"12":1,"13":1,"14":1,"15":1,"16":1,"17":1,"18":1,"19":1,"20":1,"21":1,"22":1,"23":1,"24":1,"25":1,"26":1,"27":1,"28":1,"29":1,"30":1,"31":1,"32":1,"33":1,"34":1,"35":1,"36":1,"37":1,"38":1,"39":1,"40":1,"41":1,"42":1,"43":1,"44":1,"45":1,"46":1,"47":1,"48":1,"49":1,"50":1,"51":1,"52":1,"53":1,"54":1,"55":1,"56":1,"57":1,"58":1,"59":1,"60":1,"61":1,"62":1,"63":1,"64":1,"65":1,"66":1,"67":1,"68":1,"69":1,"70":1,"71":1,"72":1,"73":1,"74":1,"75":1,"76":1,"77":1,"78":1,"79":1},"branchMap":{},"b":{},"fnMap":{},"f":{}}
,"/Users/stuarthanberg/dev/Taper/src/stores.ts": {"path":"/Users/stuarthanberg/dev/Taper/src/stores.ts","all":false,"statementMap":{"0":{"start":{"line":1,"column":0},"end":{"line":1,"column":55}},"1":{"start":{"line":2,"column":0},"end":{"line":2,"column":8}},"2":{"start":{"line":3,"column":0},"end":{"line":3,"column":23}},"3":{"start":{"line":4,"column":0},"end":{"line":4,"column":22}},"4":{"start":{"line":5,"column":0},"end":{"line":5,"column":19}},"5":{"start":{"line":6,"column":0},"end":{"line":6,"column":20}},"6":{"start":{"line":7,"column":0},"end":{"line":7,"column":17}},"7":{"start":{"line":8,"column":0},"end":{"line":8,"column":58}},"8":{"start":{"line":9,"column":0},"end":{"line":9,"column":40}},"9":{"start":{"line":10,"column":0},"end":{"line":10,"column":0}},"10":{"start":{"line":11,"column":0},"end":{"line":11,"column":48}},"11":{"start":{"line":12,"column":0},"end":{"line":12,"column":26}},"12":{"start":{"line":13,"column":0},"end":{"line":13,"column":0}},"13":{"start":{"line":14,"column":0},"end":{"line":14,"column":46}},"14":{"start":{"line":15,"column":0},"end":{"line":15,"column":27}},"15":{"start":{"line":16,"column":0},"end":{"line":16,"column":15}},"16":{"start":{"line":17,"column":0},"end":{"line":17,"column":15}},"17":{"start":{"line":18,"column":0},"end":{"line":18,"column":75}},"18":{"start":{"line":19,"column":0},"end":{"line":19,"column":2}},"19":{"start":{"line":20,"column":0},"end":{"line":20,"column":0}},"20":{"start":{"line":21,"column":0},"end":{"line":21,"column":92}},"21":{"start":{"line":22,"column":0},"end":{"line":22,"column":37}},"22":{"start":{"line":23,"column":0},"end":{"line":23,"column":60}},"23":{"start":{"line":24,"column":0},"end":{"line":24,"column":96}},"24":{"start":{"line":25,"column":0},"end":{"line":25,"column":22}},"25":{"start":{"line":26,"column":0},"end":{"line":26,"column":12}},"26":{"start":{"line":27,"column":0},"end":{"line":27,"column":54}},"27":{"start":{"line":28,"column":0},"end":{"line":28,"column":87}},"28":{"start":{"line":29,"column":0},"end":{"line":29,"column":62}},"29":{"start":{"line":30,"column":0},"end":{"line":30,"column":23}},"30":{"start":{"line":31,"column":0},"end":{"line":31,"column":13}},"31":{"start":{"line":32,"column":0},"end":{"line":32,"column":45}},"32":{"start":{"line":33,"column":0},"end":{"line":33,"column":67}},"33":{"start":{"line":34,"column":0},"end":{"line":34,"column":6}},"34":{"start":{"line":35,"column":0},"end":{"line":35,"column":5}},"35":{"start":{"line":36,"column":0},"end":{"line":36,"column":4}},"36":{"start":{"line":37,"column":0},"end":{"line":37,"column":0}},"37":{"start":{"line":38,"column":0},"end":{"line":38,"column":45}},"38":{"start":{"line":39,"column":0},"end":{"line":39,"column":70}},"39":{"start":{"line":40,"column":0},"end":{"line":40,"column":68}},"40":{"start":{"line":41,"column":0},"end":{"line":41,"column":53}},"41":{"start":{"line":42,"column":0},"end":{"line":42,"column":62}},"42":{"start":{"line":43,"column":0},"end":{"line":43,"column":50}},"43":{"start":{"line":44,"column":0},"end":{"line":44,"column":47}},"44":{"start":{"line":45,"column":0},"end":{"line":45,"column":19}},"45":{"start":{"line":46,"column":0},"end":{"line":46,"column":18}},"46":{"start":{"line":47,"column":0},"end":{"line":47,"column":18}},"47":{"start":{"line":48,"column":0},"end":{"line":48,"column":2}},"48":{"start":{"line":49,"column":0},"end":{"line":49,"column":0}},"49":{"start":{"line":50,"column":0},"end":{"line":50,"column":44}},"50":{"start":{"line":51,"column":0},"end":{"line":51,"column":76}},"51":{"start":{"line":52,"column":0},"end":{"line":52,"column":0}},"52":{"start":{"line":53,"column":0},"end":{"line":53,"column":62}},"53":{"start":{"line":54,"column":0},"end":{"line":54,"column":63}},"54":{"start":{"line":55,"column":0},"end":{"line":55,"column":87}},"55":{"start":{"line":56,"column":0},"end":{"line":56,"column":62}},"56":{"start":{"line":57,"column":0},"end":{"line":57,"column":3}},"57":{"start":{"line":58,"column":0},"end":{"line":58,"column":0}},"58":{"start":{"line":59,"column":0},"end":{"line":59,"column":9}},"59":{"start":{"line":60,"column":0},"end":{"line":60,"column":12}},"60":{"start":{"line":61,"column":0},"end":{"line":61,"column":6}},"61":{"start":{"line":62,"column":0},"end":{"line":62,"column":9}},"62":{"start":{"line":63,"column":0},"end":{"line":63,"column":20}},"63":{"start":{"line":64,"column":0},"end":{"line":64,"column":23}},"64":{"start":{"line":65,"column":0},"end":{"line":65,"column":13}},"65":{"start":{"line":66,"column":0},"end":{"line":66,"column":43}},"66":{"start":{"line":67,"column":0},"end":{"line":67,"column":18}},"67":{"start":{"line":68,"column":0},"end":{"line":68,"column":18}},"68":{"start":{"line":69,"column":0},"end":{"line":69,"column":64}},"69":{"start":{"line":70,"column":0},"end":{"line":70,"column":7}},"70":{"start":{"line":71,"column":0},"end":{"line":71,"column":71}},"71":{"start":{"line":72,"column":0},"end":{"line":72,"column":22}},"72":{"start":{"line":73,"column":0},"end":{"line":73,"column":54}},"73":{"start":{"line":74,"column":0},"end":{"line":74,"column":49}},"74":{"start":{"line":75,"column":0},"end":{"line":75,"column":40}},"75":{"start":{"line":76,"column":0},"end":{"line":76,"column":0}},"76":{"start":{"line":77,"column":0},"end":{"line":77,"column":50}},"77":{"start":{"line":78,"column":0},"end":{"line":78,"column":64}},"78":{"start":{"line":79,"column":0},"end":{"line":79,"column":0}},"79":{"start":{"line":80,"column":0},"end":{"line":80,"column":40}},"80":{"start":{"line":81,"column":0},"end":{"line":81,"column":0}},"81":{"start":{"line":82,"column":0},"end":{"line":82,"column":79}},"82":{"start":{"line":83,"column":0},"end":{"line":83,"column":0}},"83":{"start":{"line":84,"column":0},"end":{"line":84,"column":58}},"84":{"start":{"line":85,"column":0},"end":{"line":85,"column":64}},"85":{"start":{"line":86,"column":0},"end":{"line":86,"column":5}},"86":{"start":{"line":87,"column":0},"end":{"line":87,"column":0}},"87":{"start":{"line":88,"column":0},"end":{"line":88,"column":79}},"88":{"start":{"line":89,"column":0},"end":{"line":89,"column":0}},"89":{"start":{"line":90,"column":0},"end":{"line":90,"column":86}},"90":{"start":{"line":91,"column":0},"end":{"line":91,"column":6}},"91":{"start":{"line":92,"column":0},"end":{"line":92,"column":69}},"92":{"start":{"line":93,"column":0},"end":{"line":93,"column":22}},"93":{"start":{"line":94,"column":0},"end":{"line":94,"column":49}},"94":{"start":{"line":95,"column":0},"end":{"line":95,"column":24}},"95":{"start":{"line":96,"column":0},"end":{"line":96,"column":83}},"96":{"start":{"line":97,"column":0},"end":{"line":97,"column":12}},"97":{"start":{"line":98,"column":0},"end":{"line":98,"column":17}},"98":{"start":{"line":99,"column":0},"end":{"line":99,"column":82}},"99":{"start":{"line":100,"column":0},"end":{"line":100,"column":51}},"100":{"start":{"line":101,"column":0},"end":{"line":101,"column":6}},"101":{"start":{"line":102,"column":0},"end":{"line":102,"column":6}},"102":{"start":{"line":103,"column":0},"end":{"line":103,"column":56}},"103":{"start":{"line":104,"column":0},"end":{"line":104,"column":22}},"104":{"start":{"line":105,"column":0},"end":{"line":105,"column":49}},"105":{"start":{"line":106,"column":0},"end":{"line":106,"column":12}},"106":{"start":{"line":107,"column":0},"end":{"line":107,"column":17}},"107":{"start":{"line":108,"column":0},"end":{"line":108,"column":68}},"108":{"start":{"line":109,"column":0},"end":{"line":109,"column":6}},"109":{"start":{"line":110,"column":0},"end":{"line":110,"column":6}},"110":{"start":{"line":111,"column":0},"end":{"line":111,"column":4}},"111":{"start":{"line":112,"column":0},"end":{"line":112,"column":63}},"112":{"start":{"line":113,"column":0},"end":{"line":113,"column":22}},"113":{"start":{"line":114,"column":0},"end":{"line":114,"column":49}},"114":{"start":{"line":115,"column":0},"end":{"line":115,"column":51}},"115":{"start":{"line":116,"column":0},"end":{"line":116,"column":55}},"116":{"start":{"line":117,"column":0},"end":{"line":117,"column":75}},"117":{"start":{"line":118,"column":0},"end":{"line":118,"column":28}},"118":{"start":{"line":119,"column":0},"end":{"line":119,"column":6}},"119":{"start":{"line":120,"column":0},"end":{"line":120,"column":0}},"120":{"start":{"line":121,"column":0},"end":{"line":121,"column":45}},"121":{"start":{"line":122,"column":0},"end":{"line":122,"column":42}},"122":{"start":{"line":123,"column":0},"end":{"line":123,"column":62}},"123":{"start":{"line":124,"column":0},"end":{"line":124,"column":87}},"124":{"start":{"line":125,"column":0},"end":{"line":125,"column":5}},"125":{"start":{"line":126,"column":0},"end":{"line":126,"column":0}},"126":{"start":{"line":127,"column":0},"end":{"line":127,"column":91}},"127":{"start":{"line":128,"column":0},"end":{"line":128,"column":86}},"128":{"start":{"line":129,"column":0},"end":{"line":129,"column":0}},"129":{"start":{"line":130,"column":0},"end":{"line":130,"column":88}},"130":{"start":{"line":131,"column":0},"end":{"line":131,"column":50}},"131":{"start":{"line":132,"column":0},"end":{"line":132,"column":50}},"132":{"start":{"line":133,"column":0},"end":{"line":133,"column":5}},"133":{"start":{"line":134,"column":0},"end":{"line":134,"column":0}},"134":{"start":{"line":135,"column":0},"end":{"line":135,"column":47}},"135":{"start":{"line":136,"column":0},"end":{"line":136,"column":75}},"136":{"start":{"line":137,"column":0},"end":{"line":137,"column":12}},"137":{"start":{"line":138,"column":0},"end":{"line":138,"column":66}},"138":{"start":{"line":139,"column":0},"end":{"line":139,"column":5}},"139":{"start":{"line":140,"column":0},"end":{"line":140,"column":86}},"140":{"start":{"line":141,"column":0},"end":{"line":141,"column":6}},"141":{"start":{"line":142,"column":0},"end":{"line":142,"column":51}},"142":{"start":{"line":143,"column":0},"end":{"line":143,"column":22}},"143":{"start":{"line":144,"column":0},"end":{"line":144,"column":49}},"144":{"start":{"line":145,"column":0},"end":{"line":145,"column":12}},"145":{"start":{"line":146,"column":0},"end":{"line":146,"column":17}},"146":{"start":{"line":147,"column":0},"end":{"line":147,"column":16}},"147":{"start":{"line":148,"column":0},"end":{"line":148,"column":27}},"148":{"start":{"line":149,"column":0},"end":{"line":149,"column":75}},"149":{"start":{"line":150,"column":0},"end":{"line":150,"column":33}},"150":{"start":{"line":151,"column":0},"end":{"line":151,"column":6}},"151":{"start":{"line":152,"column":0},"end":{"line":152,"column":6}},"152":{"start":{"line":153,"column":0},"end":{"line":153,"column":6}},"153":{"start":{"line":154,"column":0},"end":{"line":154,"column":48}},"154":{"start":{"line":155,"column":0},"end":{"line":155,"column":22}},"155":{"start":{"line":156,"column":0},"end":{"line":156,"column":49}},"156":{"start":{"line":157,"column":0},"end":{"line":157,"column":56}},"157":{"start":{"line":158,"column":0},"end":{"line":158,"column":33}},"158":{"start":{"line":159,"column":0},"end":{"line":159,"column":86}},"159":{"start":{"line":160,"column":0},"end":{"line":160,"column":6}},"160":{"start":{"line":161,"column":0},"end":{"line":161,"column":19}},"161":{"start":{"line":162,"column":0},"end":{"line":162,"column":22}},"162":{"start":{"line":163,"column":0},"end":{"line":163,"column":37}},"163":{"start":{"line":164,"column":0},"end":{"line":164,"column":47}},"164":{"start":{"line":165,"column":0},"end":{"line":165,"column":82}},"165":{"start":{"line":166,"column":0},"end":{"line":166,"column":66}},"166":{"start":{"line":167,"column":0},"end":{"line":167,"column":82}},"167":{"start":{"line":168,"column":0},"end":{"line":168,"column":5}},"168":{"start":{"line":169,"column":0},"end":{"line":169,"column":17}},"169":{"start":{"line":170,"column":0},"end":{"line":170,"column":6}},"170":{"start":{"line":171,"column":0},"end":{"line":171,"column":19}},"171":{"start":{"line":172,"column":0},"end":{"line":172,"column":22}},"172":{"start":{"line":173,"column":0},"end":{"line":173,"column":37}},"173":{"start":{"line":174,"column":0},"end":{"line":174,"column":47}},"174":{"start":{"line":175,"column":0},"end":{"line":175,"column":82}},"175":{"start":{"line":176,"column":0},"end":{"line":176,"column":66}},"176":{"start":{"line":177,"column":0},"end":{"line":177,"column":0}},"177":{"start":{"line":178,"column":0},"end":{"line":178,"column":82}},"178":{"start":{"line":179,"column":0},"end":{"line":179,"column":5}},"179":{"start":{"line":180,"column":0},"end":{"line":180,"column":17}},"180":{"start":{"line":181,"column":0},"end":{"line":181,"column":5}},"181":{"start":{"line":182,"column":0},"end":{"line":182,"column":3}},"182":{"start":{"line":183,"column":0},"end":{"line":183,"column":1}},"183":{"start":{"line":184,"column":0},"end":{"line":184,"column":0}},"184":{"start":{"line":185,"column":0},"end":{"line":185,"column":41}}},"s":{"0":1,"1":1,"2":1,"3":1,"4":1,"5":1,"6":1,"7":1,"8":1,"9":1,"10":1,"11":1,"12":1,"13":1,"14":1,"15":1,"16":1,"17":1,"18":1,"19":1,"20":1,"21":1,"22":1,"23":1,"24":1,"25":1,"26":1,"27":1,"28":1,"29":1,"30":1,"31":1,"32":1,"33":1,"34":1,"35":1,"36":1,"37":1,"38":1,"39":1,"40":1,"41":1,"42":1,"43":1,"44":1,"45":1,"46":1,"47":1,"48":1,"49":1,"50":5,"51":5,"52":5,"53":30,"54":30,"55":30,"56":30,"57":5,"58":5,"59":5,"60":5,"61":5,"62":5,"63":15,"64":15,"65":15,"66":15,"67":15,"68":15,"69":15,"70":5,"71":15,"72":15,"73":15,"74":15,"75":15,"76":15,"77":15,"78":15,"79":15,"80":15,"81":15,"82":15,"83":15,"84":1,"85":1,"86":15,"87":15,"88":15,"89":15,"90":15,"91":5,"92":2,"93":2,"94":2,"95":2,"96":2,"97":2,"98":2,"99":2,"100":2,"101":2,"102":5,"103":1,"104":1,"105":1,"106":1,"107":1,"108":1,"109":1,"110":1,"111":5,"112":7,"113":7,"114":7,"115":7,"116":7,"117":24,"118":7,"119":7,"120":7,"121":4,"122":4,"123":4,"124":4,"125":3,"126":3,"127":3,"128":3,"129":3,"130":3,"131":3,"132":3,"133":3,"134":7,"135":1,"136":7,"137":2,"138":2,"139":3,"140":7,"141":5,"142":2,"143":2,"144":2,"145":2,"146":2,"147":2,"148":2,"149":2,"150":2,"151":2,"152":2,"153":5,"154":3,"155":3,"156":3,"157":3,"158":3,"159":3,"160":5,"161":14,"162":14,"163":14,"164":14,"165":14,"166":14,"167":14,"168":0,"169":14,"170":5,"171":5,"172":5,"173":5,"174":5,"175":5,"176":5,"177":5,"178":5,"179":0,"180":5,"181":5,"182":5,"183":1,"184":1},"branchMap":{"0":{"type":"branch","line":50,"loc":{"start":{"line":50,"column":7},"end":{"line":183,"column":1}},"locations":[{"start":{"line":50,"column":7},"end":{"line":183,"column":1}}]},"1":{"type":"branch","line":53,"loc":{"start":{"line":53,"column":30},"end":{"line":57,"column":3}},"locations":[{"start":{"line":53,"column":30},"end":{"line":57,"column":3}}]},"2":{"type":"branch","line":63,"loc":{"start":{"line":63,"column":9},"end":{"line":70,"column":7}},"locations":[{"start":{"line":63,"column":9},"end":{"line":70,"column":7}}]},"3":{"type":"branch","line":64,"loc":{"start":{"line":64,"column":10},"end":{"line":70,"column":5}},"locations":[{"start":{"line":64,"column":10},"end":{"line":70,"column":5}}]},"4":{"type":"branch","line":71,"loc":{"start":{"line":71,"column":22},"end":{"line":91,"column":6}},"locations":[{"start":{"line":71,"column":22},"end":{"line":91,"column":6}}]},"5":{"type":"branch","line":72,"loc":{"start":{"line":72,"column":10},"end":{"line":91,"column":4}},"locations":[{"start":{"line":72,"column":10},"end":{"line":91,"column":4}}]},"6":{"type":"branch","line":77,"loc":{"start":{"line":77,"column":41},"end":{"line":77,"column":50}},"locations":[{"start":{"line":77,"column":41},"end":{"line":77,"column":50}}]},"7":{"type":"branch","line":78,"loc":{"start":{"line":78,"column":48},"end":{"line":78,"column":64}},"locations":[{"start":{"line":78,"column":48},"end":{"line":78,"column":64}}]},"8":{"type":"branch","line":84,"loc":{"start":{"line":84,"column":57},"end":{"line":86,"column":5}},"locations":[{"start":{"line":84,"column":57},"end":{"line":86,"column":5}}]},"9":{"type":"branch","line":84,"loc":{"start":{"line":84,"column":26},"end":{"line":84,"column":54}},"locations":[{"start":{"line":84,"column":26},"end":{"line":84,"column":54}}]},"10":{"type":"branch","line":92,"loc":{"start":{"line":92,"column":19},"end":{"line":102,"column":6}},"locations":[{"start":{"line":92,"column":19},"end":{"line":102,"column":6}}]},"11":{"type":"branch","line":93,"loc":{"start":{"line":93,"column":10},"end":{"line":102,"column":4}},"locations":[{"start":{"line":93,"column":10},"end":{"line":102,"column":4}}]},"12":{"type":"branch","line":96,"loc":{"start":{"line":96,"column":17},"end":{"line":96,"column":60}},"locations":[{"start":{"line":96,"column":17},"end":{"line":96,"column":60}}]},"13":{"type":"branch","line":103,"loc":{"start":{"line":103,"column":21},"end":{"line":111,"column":4}},"locations":[{"start":{"line":103,"column":21},"end":{"line":111,"column":4}}]},"14":{"type":"branch","line":104,"loc":{"start":{"line":104,"column":10},"end":{"line":110,"column":4}},"locations":[{"start":{"line":104,"column":10},"end":{"line":110,"column":4}}]},"15":{"type":"branch","line":112,"loc":{"start":{"line":112,"column":39},"end":{"line":141,"column":6}},"locations":[{"start":{"line":112,"column":39},"end":{"line":141,"column":6}}]},"16":{"type":"branch","line":113,"loc":{"start":{"line":113,"column":10},"end":{"line":141,"column":4}},"locations":[{"start":{"line":113,"column":10},"end":{"line":141,"column":4}}]},"17":{"type":"branch","line":121,"loc":{"start":{"line":121,"column":44},"end":{"line":125,"column":5}},"locations":[{"start":{"line":121,"column":44},"end":{"line":125,"column":5}}]},"18":{"type":"branch","line":125,"loc":{"start":{"line":125,"column":4},"end":{"line":135,"column":46}},"locations":[{"start":{"line":125,"column":4},"end":{"line":135,"column":46}}]},"19":{"type":"branch","line":135,"loc":{"start":{"line":135,"column":46},"end":{"line":137,"column":11}},"locations":[{"start":{"line":135,"column":46},"end":{"line":137,"column":11}}]},"20":{"type":"branch","line":137,"loc":{"start":{"line":137,"column":4},"end":{"line":139,"column":5}},"locations":[{"start":{"line":137,"column":4},"end":{"line":139,"column":5}}]},"21":{"type":"branch","line":139,"loc":{"start":{"line":139,"column":4},"end":{"line":140,"column":86}},"locations":[{"start":{"line":139,"column":4},"end":{"line":140,"column":86}}]},"22":{"type":"branch","line":117,"loc":{"start":{"line":117,"column":69},"end":{"line":118,"column":28}},"locations":[{"start":{"line":117,"column":69},"end":{"line":118,"column":28}}]},"23":{"type":"branch","line":130,"loc":{"start":{"line":130,"column":43},"end":{"line":130,"column":86}},"locations":[{"start":{"line":130,"column":43},"end":{"line":130,"column":86}}]},"24":{"type":"branch","line":142,"loc":{"start":{"line":142,"column":18},"end":{"line":153,"column":6}},"locations":[{"start":{"line":142,"column":18},"end":{"line":153,"column":6}}]},"25":{"type":"branch","line":143,"loc":{"start":{"line":143,"column":10},"end":{"line":153,"column":4}},"locations":[{"start":{"line":143,"column":10},"end":{"line":153,"column":4}}]},"26":{"type":"branch","line":154,"loc":{"start":{"line":154,"column":24},"end":{"line":160,"column":6}},"locations":[{"start":{"line":154,"column":24},"end":{"line":160,"column":6}}]},"27":{"type":"branch","line":155,"loc":{"start":{"line":155,"column":10},"end":{"line":160,"column":4}},"locations":[{"start":{"line":155,"column":10},"end":{"line":160,"column":4}}]},"28":{"type":"branch","line":161,"loc":{"start":{"line":161,"column":8},"end":{"line":170,"column":6}},"locations":[{"start":{"line":161,"column":8},"end":{"line":170,"column":6}}]},"29":{"type":"branch","line":162,"loc":{"start":{"line":162,"column":10},"end":{"line":170,"column":4}},"locations":[{"start":{"line":162,"column":10},"end":{"line":170,"column":4}}]},"30":{"type":"branch","line":168,"loc":{"start":{"line":168,"column":4},"end":{"line":169,"column":17}},"locations":[{"start":{"line":168,"column":4},"end":{"line":169,"column":17}}]},"31":{"type":"branch","line":171,"loc":{"start":{"line":171,"column":8},"end":{"line":181,"column":5}},"locations":[{"start":{"line":171,"column":8},"end":{"line":181,"column":5}}]},"32":{"type":"branch","line":172,"loc":{"start":{"line":172,"column":10},"end":{"line":181,"column":4}},"locations":[{"start":{"line":172,"column":10},"end":{"line":181,"column":4}}]},"33":{"type":"branch","line":179,"loc":{"start":{"line":179,"column":4},"end":{"line":180,"column":17}},"locations":[{"start":{"line":179,"column":4},"end":{"line":180,"column":17}}]}},"b":{"0":[5],"1":[30],"2":[15],"3":[15],"4":[15],"5":[15],"6":[0],"7":[1],"8":[1],"9":[65],"10":[2],"11":[2],"12":[0],"13":[1],"14":[1],"15":[7],"16":[7],"17":[4],"18":[3],"19":[1],"20":[2],"21":[3],"22":[24],"23":[14],"24":[2],"25":[2],"26":[3],"27":[3],"28":[14],"29":[14],"30":[0],"31":[5],"32":[5],"33":[0]},"fnMap":{"0":{"name":"createAppStore","decl":{"start":{"line":50,"column":7},"end":{"line":183,"column":1}},"loc":{"start":{"line":50,"column":7},"end":{"line":183,"column":1}},"line":50},"1":{"name":"_saveScheduleForUndo","decl":{"start":{"line":53,"column":30},"end":{"line":57,"column":3}},"loc":{"start":{"line":53,"column":30},"end":{"line":57,"column":3}},"line":53},"2":{"name":"reset","decl":{"start":{"line":63,"column":9},"end":{"line":70,"column":7}},"loc":{"start":{"line":63,"column":9},"end":{"line":70,"column":7}},"line":63},"3":{"name":"editSegmentAtIndex","decl":{"start":{"line":71,"column":22},"end":{"line":91,"column":6}},"loc":{"start":{"line":71,"column":22},"end":{"line":91,"column":6}},"line":71},"4":{"name":"changeStartDate","decl":{"start":{"line":92,"column":19},"end":{"line":102,"column":6}},"loc":{"start":{"line":92,"column":19},"end":{"line":102,"column":6}},"line":92},"5":{"name":"changeLanguageKey","decl":{"start":{"line":103,"column":21},"end":{"line":111,"column":4}},"loc":{"start":{"line":103,"column":21},"end":{"line":111,"column":4}},"line":103},"6":{"name":"insertPlaceholderSegmentBeforeIndex","decl":{"start":{"line":112,"column":39},"end":{"line":141,"column":6}},"loc":{"start":{"line":112,"column":39},"end":{"line":141,"column":6}},"line":112},"7":{"name":"switchTemplate","decl":{"start":{"line":142,"column":18},"end":{"line":153,"column":6}},"loc":{"start":{"line":142,"column":18},"end":{"line":153,"column":6}},"line":142},"8":{"name":"deleteSegmentAtIndex","decl":{"start":{"line":154,"column":24},"end":{"line":160,"column":6}},"loc":{"start":{"line":154,"column":24},"end":{"line":160,"column":6}},"line":154},"9":{"name":"undo","decl":{"start":{"line":161,"column":8},"end":{"line":170,"column":6}},"loc":{"start":{"line":161,"column":8},"end":{"line":170,"column":6}},"line":161},"10":{"name":"redo","decl":{"start":{"line":171,"column":8},"end":{"line":181,"column":5}},"loc":{"start":{"line":171,"column":8},"end":{"line":181,"column":5}},"line":171}},"f":{"0":5,"1":30,"2":15,"3":15,"4":2,"5":1,"6":7,"7":2,"8":3,"9":14,"10":5}}
,"/Users/stuarthanberg/dev/Taper/src/utils.ts": {"path":"/Users/stuarthanberg/dev/Taper/src/utils.ts","all":false,"statementMap":{"0":{"start":{"line":1,"column":0},"end":{"line":1,"column":92}},"1":{"start":{"line":2,"column":0},"end":{"line":2,"column":40}},"2":{"start":{"line":3,"column":0},"end":{"line":3,"column":0}},"3":{"start":{"line":4,"column":0},"end":{"line":4,"column":57}},"4":{"start":{"line":5,"column":0},"end":{"line":5,"column":56}},"5":{"start":{"line":6,"column":0},"end":{"line":6,"column":2}},"6":{"start":{"line":7,"column":0},"end":{"line":7,"column":0}},"7":{"start":{"line":8,"column":0},"end":{"line":8,"column":57}},"8":{"start":{"line":9,"column":0},"end":{"line":9,"column":34}},"9":{"start":{"line":10,"column":0},"end":{"line":10,"column":39}},"10":{"start":{"line":11,"column":0},"end":{"line":11,"column":0}},"11":{"start":{"line":12,"column":0},"end":{"line":12,"column":75}},"12":{"start":{"line":13,"column":0},"end":{"line":13,"column":66}},"13":{"start":{"line":14,"column":0},"end":{"line":14,"column":43}},"14":{"start":{"line":15,"column":0},"end":{"line":15,"column":0}},"15":{"start":{"line":16,"column":0},"end":{"line":16,"column":51}},"16":{"start":{"line":17,"column":0},"end":{"line":17,"column":43}},"17":{"start":{"line":18,"column":0},"end":{"line":18,"column":54}},"18":{"start":{"line":19,"column":0},"end":{"line":19,"column":52}},"19":{"start":{"line":20,"column":0},"end":{"line":20,"column":19}},"20":{"start":{"line":21,"column":0},"end":{"line":21,"column":19}},"21":{"start":{"line":22,"column":0},"end":{"line":22,"column":20}},"22":{"start":{"line":23,"column":0},"end":{"line":23,"column":6}},"23":{"start":{"line":24,"column":0},"end":{"line":24,"column":48}},"24":{"start":{"line":25,"column":0},"end":{"line":25,"column":3}},"25":{"start":{"line":26,"column":0},"end":{"line":26,"column":0}},"26":{"start":{"line":27,"column":0},"end":{"line":27,"column":29}},"27":{"start":{"line":28,"column":0},"end":{"line":28,"column":54}},"28":{"start":{"line":29,"column":0},"end":{"line":29,"column":46}},"29":{"start":{"line":30,"column":0},"end":{"line":30,"column":3}},"30":{"start":{"line":31,"column":0},"end":{"line":31,"column":1}},"31":{"start":{"line":32,"column":0},"end":{"line":32,"column":0}},"32":{"start":{"line":33,"column":0},"end":{"line":33,"column":40}},"33":{"start":{"line":34,"column":0},"end":{"line":34,"column":56}},"34":{"start":{"line":35,"column":0},"end":{"line":35,"column":0}},"35":{"start":{"line":36,"column":0},"end":{"line":36,"column":58}},"36":{"start":{"line":37,"column":0},"end":{"line":37,"column":64}},"37":{"start":{"line":38,"column":0},"end":{"line":38,"column":54}},"38":{"start":{"line":39,"column":0},"end":{"line":39,"column":2}},"39":{"start":{"line":40,"column":0},"end":{"line":40,"column":0}},"40":{"start":{"line":41,"column":0},"end":{"line":41,"column":54}},"41":{"start":{"line":42,"column":0},"end":{"line":42,"column":68}},"42":{"start":{"line":43,"column":0},"end":{"line":43,"column":56}},"43":{"start":{"line":44,"column":0},"end":{"line":44,"column":2}},"44":{"start":{"line":45,"column":0},"end":{"line":45,"column":0}},"45":{"start":{"line":46,"column":0},"end":{"line":46,"column":36}},"46":{"start":{"line":47,"column":0},"end":{"line":47,"column":42}},"47":{"start":{"line":48,"column":0},"end":{"line":48,"column":3}},"48":{"start":{"line":49,"column":0},"end":{"line":49,"column":70}},"49":{"start":{"line":50,"column":0},"end":{"line":50,"column":28}},"50":{"start":{"line":51,"column":0},"end":{"line":51,"column":41}},"51":{"start":{"line":52,"column":0},"end":{"line":52,"column":0}},"52":{"start":{"line":53,"column":0},"end":{"line":53,"column":26}},"53":{"start":{"line":54,"column":0},"end":{"line":54,"column":34}},"54":{"start":{"line":55,"column":0},"end":{"line":55,"column":25}},"55":{"start":{"line":56,"column":0},"end":{"line":56,"column":25}},"56":{"start":{"line":57,"column":0},"end":{"line":57,"column":0}},"57":{"start":{"line":58,"column":0},"end":{"line":58,"column":27}},"58":{"start":{"line":59,"column":0},"end":{"line":59,"column":73}},"59":{"start":{"line":60,"column":0},"end":{"line":60,"column":31}},"60":{"start":{"line":61,"column":0},"end":{"line":61,"column":2}},"61":{"start":{"line":62,"column":0},"end":{"line":62,"column":0}},"62":{"start":{"line":63,"column":0},"end":{"line":63,"column":90}},"63":{"start":{"line":64,"column":0},"end":{"line":64,"column":1}},"64":{"start":{"line":65,"column":0},"end":{"line":65,"column":0}},"65":{"start":{"line":66,"column":0},"end":{"line":66,"column":32}},"66":{"start":{"line":67,"column":0},"end":{"line":67,"column":18}},"67":{"start":{"line":68,"column":0},"end":{"line":68,"column":32}},"68":{"start":{"line":69,"column":0},"end":{"line":69,"column":30}},"69":{"start":{"line":70,"column":0},"end":{"line":70,"column":15}},"70":{"start":{"line":71,"column":0},"end":{"line":71,"column":28}},"71":{"start":{"line":72,"column":0},"end":{"line":72,"column":2}},"72":{"start":{"line":73,"column":0},"end":{"line":73,"column":0}},"73":{"start":{"line":74,"column":0},"end":{"line":74,"column":56}},"74":{"start":{"line":75,"column":0},"end":{"line":75,"column":35}},"75":{"start":{"line":76,"column":0},"end":{"line":76,"column":9}},"76":{"start":{"line":77,"column":0},"end":{"line":77,"column":18}},"77":{"start":{"line":78,"column":0},"end":{"line":78,"column":16}},"78":{"start":{"line":79,"column":0},"end":{"line":79,"column":7}},"79":{"start":{"line":80,"column":0},"end":{"line":80,"column":17}},"80":{"start":{"line":81,"column":0},"end":{"line":81,"column":40}},"81":{"start":{"line":82,"column":0},"end":{"line":82,"column":40}},"82":{"start":{"line":83,"column":0},"end":{"line":83,"column":0}},"83":{"start":{"line":84,"column":0},"end":{"line":84,"column":16}},"84":{"start":{"line":85,"column":0},"end":{"line":85,"column":50}},"85":{"start":{"line":86,"column":0},"end":{"line":86,"column":45}},"86":{"start":{"line":87,"column":0},"end":{"line":87,"column":3}},"87":{"start":{"line":88,"column":0},"end":{"line":88,"column":27}},"88":{"start":{"line":89,"column":0},"end":{"line":89,"column":84}},"89":{"start":{"line":90,"column":0},"end":{"line":90,"column":0}},"90":{"start":{"line":91,"column":0},"end":{"line":91,"column":46}},"91":{"start":{"line":92,"column":0},"end":{"line":92,"column":12}},"92":{"start":{"line":93,"column":0},"end":{"line":93,"column":170}},"93":{"start":{"line":94,"column":0},"end":{"line":94,"column":53}},"94":{"start":{"line":95,"column":0},"end":{"line":95,"column":12}},"95":{"start":{"line":96,"column":0},"end":{"line":96,"column":181}},"96":{"start":{"line":97,"column":0},"end":{"line":97,"column":60}},"97":{"start":{"line":98,"column":0},"end":{"line":98,"column":19}},"98":{"start":{"line":99,"column":0},"end":{"line":99,"column":175}},"99":{"start":{"line":100,"column":0},"end":{"line":100,"column":54}},"100":{"start":{"line":101,"column":0},"end":{"line":101,"column":13}},"101":{"start":{"line":102,"column":0},"end":{"line":102,"column":152}},"102":{"start":{"line":103,"column":0},"end":{"line":103,"column":53}},"103":{"start":{"line":104,"column":0},"end":{"line":104,"column":12}},"104":{"start":{"line":105,"column":0},"end":{"line":105,"column":173}},"105":{"start":{"line":106,"column":0},"end":{"line":106,"column":52}},"106":{"start":{"line":107,"column":0},"end":{"line":107,"column":11}},"107":{"start":{"line":108,"column":0},"end":{"line":108,"column":177}},"108":{"start":{"line":109,"column":0},"end":{"line":109,"column":2}},"109":{"start":{"line":110,"column":0},"end":{"line":110,"column":0}},"110":{"start":{"line":111,"column":0},"end":{"line":111,"column":11}},"111":{"start":{"line":112,"column":0},"end":{"line":112,"column":2}},"112":{"start":{"line":113,"column":0},"end":{"line":113,"column":0}},"113":{"start":{"line":114,"column":0},"end":{"line":114,"column":65}},"114":{"start":{"line":115,"column":0},"end":{"line":115,"column":0}},"115":{"start":{"line":116,"column":0},"end":{"line":116,"column":51}},"116":{"start":{"line":117,"column":0},"end":{"line":117,"column":9}},"117":{"start":{"line":118,"column":0},"end":{"line":118,"column":56}},"118":{"start":{"line":119,"column":0},"end":{"line":119,"column":46}},"119":{"start":{"line":120,"column":0},"end":{"line":120,"column":36}},"120":{"start":{"line":121,"column":0},"end":{"line":121,"column":35}},"121":{"start":{"line":122,"column":0},"end":{"line":122,"column":3}},"122":{"start":{"line":123,"column":0},"end":{"line":123,"column":1}},"123":{"start":{"line":124,"column":0},"end":{"line":124,"column":0}},"124":{"start":{"line":125,"column":0},"end":{"line":125,"column":56}},"125":{"start":{"line":126,"column":0},"end":{"line":126,"column":96}},"126":{"start":{"line":127,"column":0},"end":{"line":127,"column":2}},"127":{"start":{"line":128,"column":0},"end":{"line":128,"column":0}},"128":{"start":{"line":129,"column":0},"end":{"line":129,"column":56}},"129":{"start":{"line":130,"column":0},"end":{"line":130,"column":9}},"130":{"start":{"line":131,"column":0},"end":{"line":131,"column":76}},"131":{"start":{"line":132,"column":0},"end":{"line":132,"column":28}},"132":{"start":{"line":133,"column":0},"end":{"line":133,"column":3}},"133":{"start":{"line":134,"column":0},"end":{"line":134,"column":3}},"134":{"start":{"line":135,"column":0},"end":{"line":135,"column":2}},"135":{"start":{"line":136,"column":0},"end":{"line":136,"column":0}},"136":{"start":{"line":137,"column":0},"end":{"line":137,"column":71}},"137":{"start":{"line":138,"column":0},"end":{"line":138,"column":22}},"138":{"start":{"line":139,"column":0},"end":{"line":139,"column":82}},"139":{"start":{"line":140,"column":0},"end":{"line":140,"column":20}},"140":{"start":{"line":141,"column":0},"end":{"line":141,"column":2}},"141":{"start":{"line":142,"column":0},"end":{"line":142,"column":0}},"142":{"start":{"line":143,"column":0},"end":{"line":143,"column":78}},"143":{"start":{"line":144,"column":0},"end":{"line":144,"column":50}},"144":{"start":{"line":145,"column":0},"end":{"line":145,"column":82}},"145":{"start":{"line":146,"column":0},"end":{"line":146,"column":72}},"146":{"start":{"line":147,"column":0},"end":{"line":147,"column":3}},"147":{"start":{"line":148,"column":0},"end":{"line":148,"column":15}},"148":{"start":{"line":149,"column":0},"end":{"line":149,"column":26}},"149":{"start":{"line":150,"column":0},"end":{"line":150,"column":2}},"150":{"start":{"line":151,"column":0},"end":{"line":151,"column":0}},"151":{"start":{"line":152,"column":0},"end":{"line":152,"column":90}},"152":{"start":{"line":153,"column":0},"end":{"line":153,"column":56}},"153":{"start":{"line":154,"column":0},"end":{"line":154,"column":42}},"154":{"start":{"line":155,"column":0},"end":{"line":155,"column":54}},"155":{"start":{"line":156,"column":0},"end":{"line":156,"column":3}},"156":{"start":{"line":157,"column":0},"end":{"line":157,"column":15}},"157":{"start":{"line":158,"column":0},"end":{"line":158,"column":16}},"158":{"start":{"line":159,"column":0},"end":{"line":159,"column":2}},"159":{"start":{"line":160,"column":0},"end":{"line":160,"column":0}},"160":{"start":{"line":161,"column":0},"end":{"line":161,"column":82}},"161":{"start":{"line":162,"column":0},"end":{"line":162,"column":28}},"162":{"start":{"line":163,"column":0},"end":{"line":163,"column":75}},"163":{"start":{"line":164,"column":0},"end":{"line":164,"column":0}},"164":{"start":{"line":165,"column":0},"end":{"line":165,"column":31}},"165":{"start":{"line":166,"column":0},"end":{"line":166,"column":15}},"166":{"start":{"line":167,"column":0},"end":{"line":167,"column":2}},"167":{"start":{"line":168,"column":0},"end":{"line":168,"column":0}},"168":{"start":{"line":169,"column":0},"end":{"line":169,"column":61}},"169":{"start":{"line":170,"column":0},"end":{"line":170,"column":32}},"170":{"start":{"line":171,"column":0},"end":{"line":171,"column":42}},"171":{"start":{"line":172,"column":0},"end":{"line":172,"column":1}},"172":{"start":{"line":173,"column":0},"end":{"line":173,"column":0}},"173":{"start":{"line":174,"column":0},"end":{"line":174,"column":84}},"174":{"start":{"line":175,"column":0},"end":{"line":175,"column":28}},"175":{"start":{"line":176,"column":0},"end":{"line":176,"column":0}},"176":{"start":{"line":177,"column":0},"end":{"line":177,"column":37}},"177":{"start":{"line":178,"column":0},"end":{"line":178,"column":14}},"178":{"start":{"line":179,"column":0},"end":{"line":179,"column":2}},"179":{"start":{"line":180,"column":0},"end":{"line":180,"column":52}},"180":{"start":{"line":181,"column":0},"end":{"line":181,"column":14}},"181":{"start":{"line":182,"column":0},"end":{"line":182,"column":2}},"182":{"start":{"line":183,"column":0},"end":{"line":183,"column":14}},"183":{"start":{"line":184,"column":0},"end":{"line":184,"column":1}},"184":{"start":{"line":185,"column":0},"end":{"line":185,"column":0}},"185":{"start":{"line":186,"column":0},"end":{"line":186,"column":67}},"186":{"start":{"line":187,"column":0},"end":{"line":187,"column":69}},"187":{"start":{"line":188,"column":0},"end":{"line":188,"column":1}}},"s":{"0":1,"1":1,"2":1,"3":1,"4":30,"5":30,"6":1,"7":1,"8":12,"9":12,"10":12,"11":12,"12":30,"13":30,"14":30,"15":30,"16":30,"17":10,"18":10,"19":10,"20":10,"21":10,"22":10,"23":10,"24":10,"25":30,"26":30,"27":30,"28":30,"29":30,"30":12,"31":1,"32":1,"33":1,"34":1,"35":1,"36":1,"37":22,"38":22,"39":1,"40":1,"41":1,"42":176,"43":176,"44":1,"45":1,"46":1,"47":1,"48":1,"49":2,"50":2,"51":2,"52":2,"53":2,"54":2,"55":2,"56":2,"57":2,"58":2,"59":1,"60":1,"61":1,"62":1,"63":1,"64":1,"65":1,"66":1,"67":1,"68":1,"69":1,"70":1,"71":1,"72":1,"73":1,"74":1,"75":14,"76":14,"77":14,"78":14,"79":14,"80":14,"81":14,"82":14,"83":14,"84":14,"85":14,"86":14,"87":14,"88":14,"89":14,"90":14,"91":9,"92":9,"93":14,"94":1,"95":1,"96":5,"97":1,"98":1,"99":4,"100":1,"101":1,"102":3,"103":1,"104":1,"105":1,"106":1,"107":1,"108":1,"109":0,"110":0,"111":0,"112":1,"113":1,"114":1,"115":1,"116":4,"117":4,"118":4,"119":4,"120":4,"121":4,"122":4,"123":1,"124":1,"125":3,"126":3,"127":1,"128":1,"129":3,"130":3,"131":3,"132":3,"133":3,"134":3,"135":1,"136":1,"137":0,"138":0,"139":0,"140":0,"141":1,"142":1,"143":53,"144":1103,"145":53,"146":53,"147":1050,"148":53,"149":53,"150":1,"151":1,"152":22,"153":394,"154":22,"155":22,"156":372,"157":22,"158":22,"159":1,"160":1,"161":2,"162":2,"163":2,"164":2,"165":0,"166":0,"167":2,"168":2,"169":2,"170":1,"171":1,"172":1,"173":1,"174":3,"175":3,"176":3,"177":1,"178":1,"179":3,"180":0,"181":0,"182":2,"183":2,"184":1,"185":1,"186":9,"187":9},"branchMap":{"0":{"type":"branch","line":4,"loc":{"start":{"line":4,"column":23},"end":{"line":6,"column":2}},"locations":[{"start":{"line":4,"column":23},"end":{"line":6,"column":2}}]},"1":{"type":"branch","line":9,"loc":{"start":{"line":9,"column":0},"end":{"line":31,"column":1}},"locations":[{"start":{"line":9,"column":0},"end":{"line":31,"column":1}}]},"2":{"type":"branch","line":12,"loc":{"start":{"line":12,"column":8},"end":{"line":30,"column":3}},"locations":[{"start":{"line":12,"column":8},"end":{"line":30,"column":3}}]},"3":{"type":"branch","line":13,"loc":{"start":{"line":13,"column":40},"end":{"line":13,"column":56}},"locations":[{"start":{"line":13,"column":40},"end":{"line":13,"column":56}}]},"4":{"type":"branch","line":13,"loc":{"start":{"line":13,"column":44},"end":{"line":13,"column":66}},"locations":[{"start":{"line":13,"column":44},"end":{"line":13,"column":66}}]},"5":{"type":"branch","line":17,"loc":{"start":{"line":17,"column":42},"end":{"line":25,"column":3}},"locations":[{"start":{"line":17,"column":42},"end":{"line":25,"column":3}}]},"6":{"type":"branch","line":37,"loc":{"start":{"line":37,"column":32},"end":{"line":39,"column":2}},"locations":[{"start":{"line":37,"column":32},"end":{"line":39,"column":2}}]},"7":{"type":"branch","line":38,"loc":{"start":{"line":38,"column":24},"end":{"line":38,"column":54}},"locations":[{"start":{"line":38,"column":24},"end":{"line":38,"column":54}}]},"8":{"type":"branch","line":42,"loc":{"start":{"line":42,"column":36},"end":{"line":44,"column":2}},"locations":[{"start":{"line":42,"column":36},"end":{"line":44,"column":2}}]},"9":{"type":"branch","line":43,"loc":{"start":{"line":43,"column":25},"end":{"line":43,"column":56}},"locations":[{"start":{"line":43,"column":25},"end":{"line":43,"column":56}}]},"10":{"type":"branch","line":49,"loc":{"start":{"line":49,"column":7},"end":{"line":64,"column":1}},"locations":[{"start":{"line":49,"column":7},"end":{"line":64,"column":1}}]},"11":{"type":"branch","line":51,"loc":{"start":{"line":51,"column":12},"end":{"line":51,"column":41}},"locations":[{"start":{"line":51,"column":12},"end":{"line":51,"column":41}}]},"12":{"type":"branch","line":59,"loc":{"start":{"line":59,"column":24},"end":{"line":59,"column":51}},"locations":[{"start":{"line":59,"column":24},"end":{"line":59,"column":51}}]},"13":{"type":"branch","line":59,"loc":{"start":{"line":59,"column":46},"end":{"line":59,"column":72}},"locations":[{"start":{"line":59,"column":46},"end":{"line":59,"column":72}}]},"14":{"type":"branch","line":59,"loc":{"start":{"line":59,"column":72},"end":{"line":64,"column":1}},"locations":[{"start":{"line":59,"column":72},"end":{"line":64,"column":1}}]},"15":{"type":"branch","line":75,"loc":{"start":{"line":75,"column":33},"end":{"line":112,"column":2}},"locations":[{"start":{"line":75,"column":33},"end":{"line":112,"column":2}}]},"16":{"type":"branch","line":89,"loc":{"start":{"line":89,"column":10},"end":{"line":89,"column":52}},"locations":[{"start":{"line":89,"column":10},"end":{"line":89,"column":52}}]},"17":{"type":"branch","line":89,"loc":{"start":{"line":89,"column":47},"end":{"line":89,"column":84}},"locations":[{"start":{"line":89,"column":47},"end":{"line":89,"column":84}}]},"18":{"type":"branch","line":91,"loc":{"start":{"line":91,"column":45},"end":{"line":94,"column":12}},"locations":[{"start":{"line":91,"column":45},"end":{"line":94,"column":12}}]},"19":{"type":"branch","line":93,"loc":{"start":{"line":93,"column":22},"end":{"line":93,"column":35}},"locations":[{"start":{"line":93,"column":22},"end":{"line":93,"column":35}}]},"20":{"type":"branch","line":93,"loc":{"start":{"line":93,"column":26},"end":{"line":93,"column":46}},"locations":[{"start":{"line":93,"column":26},"end":{"line":93,"column":46}}]},"21":{"type":"branch","line":93,"loc":{"start":{"line":93,"column":125},"end":{"line":93,"column":137}},"locations":[{"start":{"line":93,"column":125},"end":{"line":93,"column":137}}]},"22":{"type":"branch","line":94,"loc":{"start":{"line":94,"column":1},"end":{"line":112,"column":2}},"locations":[{"start":{"line":94,"column":1},"end":{"line":112,"column":2}}]},"23":{"type":"branch","line":94,"loc":{"start":{"line":94,"column":1},"end":{"line":109,"column":2}},"locations":[{"start":{"line":94,"column":1},"end":{"line":109,"column":2}}]},"24":{"type":"branch","line":94,"loc":{"start":{"line":94,"column":52},"end":{"line":97,"column":12}},"locations":[{"start":{"line":94,"column":52},"end":{"line":97,"column":12}}]},"25":{"type":"branch","line":96,"loc":{"start":{"line":96,"column":22},"end":{"line":96,"column":36}},"locations":[{"start":{"line":96,"column":22},"end":{"line":96,"column":36}}]},"26":{"type":"branch","line":96,"loc":{"start":{"line":96,"column":136},"end":{"line":96,"column":148}},"locations":[{"start":{"line":96,"column":136},"end":{"line":96,"column":148}}]},"27":{"type":"branch","line":97,"loc":{"start":{"line":97,"column":1},"end":{"line":109,"column":2}},"locations":[{"start":{"line":97,"column":1},"end":{"line":109,"column":2}}]},"28":{"type":"branch","line":97,"loc":{"start":{"line":97,"column":59},"end":{"line":100,"column":12}},"locations":[{"start":{"line":97,"column":59},"end":{"line":100,"column":12}}]},"29":{"type":"branch","line":99,"loc":{"start":{"line":99,"column":26},"end":{"line":99,"column":49}},"locations":[{"start":{"line":99,"column":26},"end":{"line":99,"column":49}}]},"30":{"type":"branch","line":99,"loc":{"start":{"line":99,"column":131},"end":{"line":99,"column":143}},"locations":[{"start":{"line":99,"column":131},"end":{"line":99,"column":143}}]},"31":{"type":"branch","line":100,"loc":{"start":{"line":100,"column":1},"end":{"line":109,"column":2}},"locations":[{"start":{"line":100,"column":1},"end":{"line":109,"column":2}}]},"32":{"type":"branch","line":100,"loc":{"start":{"line":100,"column":53},"end":{"line":103,"column":12}},"locations":[{"start":{"line":100,"column":53},"end":{"line":103,"column":12}}]},"33":{"type":"branch","line":102,"loc":{"start":{"line":102,"column":22},"end":{"line":102,"column":33}},"locations":[{"start":{"line":102,"column":22},"end":{"line":102,"column":33}}]},"34":{"type":"branch","line":102,"loc":{"start":{"line":102,"column":112},"end":{"line":102,"column":122}},"locations":[{"start":{"line":102,"column":112},"end":{"line":102,"column":122}}]},"35":{"type":"branch","line":103,"loc":{"start":{"line":103,"column":1},"end":{"line":109,"column":2}},"locations":[{"start":{"line":103,"column":1},"end":{"line":109,"column":2}}]},"36":{"type":"branch","line":103,"loc":{"start":{"line":103,"column":52},"end":{"line":109,"column":2}},"locations":[{"start":{"line":103,"column":52},"end":{"line":109,"column":2}}]},"37":{"type":"branch","line":105,"loc":{"start":{"line":105,"column":26},"end":{"line":105,"column":50}},"locations":[{"start":{"line":105,"column":26},"end":{"line":105,"column":50}}]},"38":{"type":"branch","line":105,"loc":{"start":{"line":105,"column":127},"end":{"line":105,"column":140}},"locations":[{"start":{"line":105,"column":127},"end":{"line":105,"column":140}}]},"39":{"type":"branch","line":108,"loc":{"start":{"line":108,"column":22},"end":{"line":108,"column":37}},"locations":[{"start":{"line":108,"column":22},"end":{"line":108,"column":37}}]},"40":{"type":"branch","line":108,"loc":{"start":{"line":108,"column":133},"end":{"line":108,"column":145}},"locations":[{"start":{"line":108,"column":133},"end":{"line":108,"column":145}}]},"41":{"type":"branch","line":109,"loc":{"start":{"line":109,"column":1},"end":{"line":112,"column":2}},"locations":[{"start":{"line":109,"column":1},"end":{"line":112,"column":2}}]},"42":{"type":"branch","line":116,"loc":{"start":{"line":116,"column":7},"end":{"line":123,"column":1}},"locations":[{"start":{"line":116,"column":7},"end":{"line":123,"column":1}}]},"43":{"type":"branch","line":125,"loc":{"start":{"line":125,"column":23},"end":{"line":127,"column":2}},"locations":[{"start":{"line":125,"column":23},"end":{"line":127,"column":2}}]},"44":{"type":"branch","line":126,"loc":{"start":{"line":126,"column":33},"end":{"line":126,"column":93}},"locations":[{"start":{"line":126,"column":33},"end":{"line":126,"column":93}}]},"45":{"type":"branch","line":129,"loc":{"start":{"line":129,"column":23},"end":{"line":135,"column":2}},"locations":[{"start":{"line":129,"column":23},"end":{"line":135,"column":2}}]},"46":{"type":"branch","line":131,"loc":{"start":{"line":131,"column":27},"end":{"line":131,"column":72}},"locations":[{"start":{"line":131,"column":27},"end":{"line":131,"column":72}}]},"47":{"type":"branch","line":143,"loc":{"start":{"line":143,"column":33},"end":{"line":150,"column":2}},"locations":[{"start":{"line":143,"column":33},"end":{"line":150,"column":2}}]},"48":{"type":"branch","line":144,"loc":{"start":{"line":144,"column":33},"end":{"line":149,"column":2}},"locations":[{"start":{"line":144,"column":33},"end":{"line":149,"column":2}}]},"49":{"type":"branch","line":145,"loc":{"start":{"line":145,"column":14},"end":{"line":145,"column":50}},"locations":[{"start":{"line":145,"column":14},"end":{"line":145,"column":50}}]},"50":{"type":"branch","line":145,"loc":{"start":{"line":145,"column":37},"end":{"line":145,"column":81}},"locations":[{"start":{"line":145,"column":37},"end":{"line":145,"column":81}}]},"51":{"type":"branch","line":145,"loc":{"start":{"line":145,"column":81},"end":{"line":147,"column":3}},"locations":[{"start":{"line":145,"column":81},"end":{"line":147,"column":3}}]},"52":{"type":"branch","line":147,"loc":{"start":{"line":147,"column":2},"end":{"line":148,"column":15}},"locations":[{"start":{"line":147,"column":2},"end":{"line":148,"column":15}}]},"53":{"type":"branch","line":152,"loc":{"start":{"line":152,"column":35},"end":{"line":159,"column":2}},"locations":[{"start":{"line":152,"column":35},"end":{"line":159,"column":2}}]},"54":{"type":"branch","line":153,"loc":{"start":{"line":153,"column":39},"end":{"line":158,"column":2}},"locations":[{"start":{"line":153,"column":39},"end":{"line":158,"column":2}}]},"55":{"type":"branch","line":154,"loc":{"start":{"line":154,"column":6},"end":{"line":154,"column":41}},"locations":[{"start":{"line":154,"column":6},"end":{"line":154,"column":41}}]},"56":{"type":"branch","line":154,"loc":{"start":{"line":154,"column":41},"end":{"line":156,"column":3}},"locations":[{"start":{"line":154,"column":41},"end":{"line":156,"column":3}}]},"57":{"type":"branch","line":156,"loc":{"start":{"line":156,"column":2},"end":{"line":157,"column":15}},"locations":[{"start":{"line":156,"column":2},"end":{"line":157,"column":15}}]},"58":{"type":"branch","line":161,"loc":{"start":{"line":161,"column":7},"end":{"line":172,"column":1}},"locations":[{"start":{"line":161,"column":7},"end":{"line":172,"column":1}}]},"59":{"type":"branch","line":162,"loc":{"start":{"line":162,"column":15},"end":{"line":162,"column":28}},"locations":[{"start":{"line":162,"column":15},"end":{"line":162,"column":28}}]},"60":{"type":"branch","line":165,"loc":{"start":{"line":165,"column":30},"end":{"line":167,"column":2}},"locations":[{"start":{"line":165,"column":30},"end":{"line":167,"column":2}}]},"61":{"type":"branch","line":170,"loc":{"start":{"line":170,"column":19},"end":{"line":172,"column":1}},"locations":[{"start":{"line":170,"column":19},"end":{"line":172,"column":1}}]},"62":{"type":"branch","line":163,"loc":{"start":{"line":163,"column":53},"end":{"line":163,"column":73}},"locations":[{"start":{"line":163,"column":53},"end":{"line":163,"column":73}}]},"63":{"type":"branch","line":174,"loc":{"start":{"line":174,"column":7},"end":{"line":184,"column":1}},"locations":[{"start":{"line":174,"column":7},"end":{"line":184,"column":1}}]},"64":{"type":"branch","line":175,"loc":{"start":{"line":175,"column":15},"end":{"line":175,"column":28}},"locations":[{"start":{"line":175,"column":15},"end":{"line":175,"column":28}}]},"65":{"type":"branch","line":177,"loc":{"start":{"line":177,"column":36},"end":{"line":179,"column":2}},"locations":[{"start":{"line":177,"column":36},"end":{"line":179,"column":2}}]},"66":{"type":"branch","line":179,"loc":{"start":{"line":179,"column":1},"end":{"line":180,"column":51}},"locations":[{"start":{"line":179,"column":1},"end":{"line":180,"column":51}}]},"67":{"type":"branch","line":180,"loc":{"start":{"line":180,"column":51},"end":{"line":182,"column":2}},"locations":[{"start":{"line":180,"column":51},"end":{"line":182,"column":2}}]},"68":{"type":"branch","line":182,"loc":{"start":{"line":182,"column":1},"end":{"line":184,"column":1}},"locations":[{"start":{"line":182,"column":1},"end":{"line":184,"column":1}}]},"69":{"type":"branch","line":186,"loc":{"start":{"line":186,"column":7},"end":{"line":188,"column":1}},"locations":[{"start":{"line":186,"column":7},"end":{"line":188,"column":1}}]},"70":{"type":"branch","line":187,"loc":{"start":{"line":187,"column":52},"end":{"line":187,"column":69}},"locations":[{"start":{"line":187,"column":52},"end":{"line":187,"column":69}}]},"71":{"type":"branch","line":187,"loc":{"start":{"line":187,"column":23},"end":{"line":187,"column":52}},"locations":[{"start":{"line":187,"column":23},"end":{"line":187,"column":52}}]}},"b":{"0":[30],"1":[12],"2":[30],"3":[21],"4":[9],"5":[10],"6":[22],"7":[19],"8":[176],"9":[40],"10":[2],"11":[0],"12":[1],"13":[1],"14":[1],"15":[14],"16":[13],"17":[1],"18":[9],"19":[4],"20":[5],"21":[0],"22":[6],"23":[5],"24":[1],"25":[0],"26":[0],"27":[4],"28":[1],"29":[0],"30":[0],"31":[3],"32":[1],"33":[0],"34":[0],"35":[2],"36":[1],"37":[0],"38":[0],"39":[0],"40":[0],"41":[0],"42":[4],"43":[3],"44":[9],"45":[3],"46":[9],"47":[53],"48":[1103],"49":[1051],"50":[1050],"51":[53],"52":[1050],"53":[22],"54":[394],"55":[350],"56":[22],"57":[372],"58":[2],"59":[0],"60":[0],"61":[1],"62":[3],"63":[3],"64":[0],"65":[1],"66":[2],"67":[0],"68":[2],"69":[9],"70":[0],"71":[12]},"fnMap":{"0":{"name":"isDateThisYear","decl":{"start":{"line":4,"column":23},"end":{"line":6,"column":2}},"loc":{"start":{"line":4,"column":23},"end":{"line":6,"column":2}},"line":4},"1":{"name":"createCachedFormatter","decl":{"start":{"line":9,"column":0},"end":{"line":31,"column":1}},"loc":{"start":{"line":9,"column":0},"end":{"line":31,"column":1}},"line":9},"2":{"name":"isSegmentInvalid","decl":{"start":{"line":37,"column":32},"end":{"line":39,"column":2}},"loc":{"start":{"line":37,"column":32},"end":{"line":39,"column":2}},"line":37},"3":{"name":"isSegmentPlaceholder","decl":{"start":{"line":42,"column":36},"end":{"line":44,"column":2}},"loc":{"start":{"line":42,"column":36},"end":{"line":44,"column":2}},"line":42},"4":{"name":"yyyymmdd","decl":{"start":{"line":49,"column":7},"end":{"line":64,"column":1}},"loc":{"start":{"line":49,"column":7},"end":{"line":64,"column":1}},"line":49},"5":{"name":"formatSegmentText","decl":{"start":{"line":75,"column":33},"end":{"line":112,"column":2}},"loc":{"start":{"line":75,"column":33},"end":{"line":112,"column":2}},"line":75},"6":{"name":"createInitialSchedule","decl":{"start":{"line":116,"column":7},"end":{"line":123,"column":1}},"loc":{"start":{"line":116,"column":7},"end":{"line":123,"column":1}},"line":116},"7":{"name":"sumDose","decl":{"start":{"line":125,"column":23},"end":{"line":127,"column":2}},"loc":{"start":{"line":125,"column":23},"end":{"line":127,"column":2}},"line":125},"8":{"name":"sumDays","decl":{"start":{"line":129,"column":23},"end":{"line":135,"column":2}},"loc":{"start":{"line":129,"column":23},"end":{"line":135,"column":2}},"line":129},"9":{"name":"calculateEndDate","decl":{"start":{"line":137,"column":32},"end":{"line":141,"column":2}},"loc":{"start":{"line":137,"column":32},"end":{"line":141,"column":2}},"line":137},"10":{"name":"serializeSchedule","decl":{"start":{"line":143,"column":33},"end":{"line":150,"column":2}},"loc":{"start":{"line":143,"column":33},"end":{"line":150,"column":2}},"line":143},"11":{"name":"deserializeSchedule","decl":{"start":{"line":152,"column":35},"end":{"line":159,"column":2}},"loc":{"start":{"line":152,"column":35},"end":{"line":159,"column":2}},"line":152},"12":{"name":"isSegmentAfterPlaceholder","decl":{"start":{"line":161,"column":7},"end":{"line":172,"column":1}},"loc":{"start":{"line":161,"column":7},"end":{"line":172,"column":1}},"line":161},"13":{"name":"segmentIsOrAfterPlaceholder","decl":{"start":{"line":174,"column":7},"end":{"line":184,"column":1}},"loc":{"start":{"line":174,"column":7},"end":{"line":184,"column":1}},"line":174},"14":{"name":"getLanguageFromKey","decl":{"start":{"line":186,"column":7},"end":{"line":188,"column":1}},"loc":{"start":{"line":186,"column":7},"end":{"line":188,"column":1}},"line":186}},"f":{"0":30,"1":12,"2":22,"3":176,"4":2,"5":14,"6":4,"7":3,"8":3,"9":0,"10":53,"11":22,"12":2,"13":3,"14":9}}
,"/Users/stuarthanberg/dev/Taper/src/components/AddSegmentButton.svelte": {"path":"/Users/stuarthanberg/dev/Taper/src/components/AddSegmentButton.svelte","all":false,"statementMap":{"0":{"start":{"line":1,"column":0},"end":{"line":1,"column":8}},"1":{"start":{"line":2,"column":0},"end":{"line":2,"column":48}},"2":{"start":{"line":3,"column":0},"end":{"line":3,"column":0}},"3":{"start":{"line":4,"column":0},"end":{"line":4,"column":42}},"4":{"start":{"line":5,"column":0},"end":{"line":5,"column":0}},"5":{"start":{"line":6,"column":0},"end":{"line":6,"column":25}},"6":{"start":{"line":7,"column":0},"end":{"line":7,"column":25}},"7":{"start":{"line":8,"column":0},"end":{"line":8,"column":2}},"8":{"start":{"line":9,"column":0},"end":{"line":9,"column":9}},"9":{"start":{"line":10,"column":0},"end":{"line":10,"column":0}},"10":{"start":{"line":11,"column":0},"end":{"line":11,"column":62}},"11":{"start":{"line":12,"column":0},"end":{"line":12,"column":0}},"12":{"start":{"line":13,"column":0},"end":{"line":13,"column":7}},"13":{"start":{"line":14,"column":0},"end":{"line":14,"column":8}},"14":{"start":{"line":15,"column":0},"end":{"line":15,"column":69}},"15":{"start":{"line":16,"column":0},"end":{"line":16,"column":2}},"16":{"start":{"line":17,"column":0},"end":{"line":17,"column":0}},"17":{"start":{"line":18,"column":0},"end":{"line":18,"column":9}},"18":{"start":{"line":19,"column":0},"end":{"line":19,"column":15}},"19":{"start":{"line":20,"column":0},"end":{"line":20,"column":14}},"20":{"start":{"line":21,"column":0},"end":{"line":21,"column":32}},"21":{"start":{"line":22,"column":0},"end":{"line":22,"column":15}},"22":{"start":{"line":23,"column":0},"end":{"line":23,"column":12}},"23":{"start":{"line":24,"column":0},"end":{"line":24,"column":12}},"24":{"start":{"line":25,"column":0},"end":{"line":25,"column":55}},"25":{"start":{"line":26,"column":0},"end":{"line":26,"column":14}},"26":{"start":{"line":27,"column":0},"end":{"line":27,"column":21}},"27":{"start":{"line":28,"column":0},"end":{"line":28,"column":88}},"28":{"start":{"line":29,"column":0},"end":{"line":29,"column":0}},"29":{"start":{"line":30,"column":0},"end":{"line":30,"column":11}},"30":{"start":{"line":31,"column":0},"end":{"line":31,"column":15}},"31":{"start":{"line":32,"column":0},"end":{"line":32,"column":18}},"32":{"start":{"line":33,"column":0},"end":{"line":33,"column":22}},"33":{"start":{"line":34,"column":0},"end":{"line":34,"column":12}},"34":{"start":{"line":35,"column":0},"end":{"line":35,"column":11}},"35":{"start":{"line":36,"column":0},"end":{"line":36,"column":12}},"36":{"start":{"line":37,"column":0},"end":{"line":37,"column":44}},"37":{"start":{"line":38,"column":0},"end":{"line":38,"column":37}},"38":{"start":{"line":39,"column":0},"end":{"line":39,"column":23}},"39":{"start":{"line":40,"column":0},"end":{"line":40,"column":41}},"40":{"start":{"line":41,"column":0},"end":{"line":41,"column":23}},"41":{"start":{"line":42,"column":0},"end":{"line":42,"column":14}},"42":{"start":{"line":43,"column":0},"end":{"line":43,"column":3}},"43":{"start":{"line":44,"column":0},"end":{"line":44,"column":2}},"44":{"start":{"line":45,"column":0},"end":{"line":45,"column":0}},"45":{"start":{"line":46,"column":0},"end":{"line":46,"column":14}},"46":{"start":{"line":47,"column":0},"end":{"line":47,"column":15}},"47":{"start":{"line":48,"column":0},"end":{"line":48,"column":16}},"48":{"start":{"line":49,"column":0},"end":{"line":49,"column":0}},"49":{"start":{"line":50,"column":0},"end":{"line":50,"column":11}},"50":{"start":{"line":51,"column":0},"end":{"line":51,"column":37}},"51":{"start":{"line":52,"column":0},"end":{"line":52,"column":14}},"52":{"start":{"line":53,"column":0},"end":{"line":53,"column":41}},"53":{"start":{"line":54,"column":0},"end":{"line":54,"column":3}},"54":{"start":{"line":55,"column":0},"end":{"line":55,"column":2}},"55":{"start":{"line":56,"column":0},"end":{"line":56,"column":8}}},"s":{"0":1,"1":1,"2":1,"3":1,"4":1,"5":1,"6":1,"7":1,"8":1,"9":1,"10":1,"11":1,"12":1,"13":1,"14":1,"15":1,"16":1,"17":1,"18":1,"19":1,"20":1,"21":1,"22":1,"23":1,"24":1,"25":1,"26":1,"27":1,"28":1,"29":1,"30":1,"31":1,"32":1,"33":1,"34":1,"35":1,"36":1,"37":1,"38":1,"39":1,"40":1,"41":1,"42":1,"43":1,"44":1,"45":1,"46":1,"47":1,"48":1,"49":1,"50":1,"51":1,"52":1,"53":1,"54":1,"55":1},"branchMap":{},"b":{},"fnMap":{},"f":{}}
,"/Users/stuarthanberg/dev/Taper/src/components/Badge.svelte": {"path":"/Users/stuarthanberg/dev/Taper/src/components/Badge.svelte","all":false,"statementMap":{"0":{"start":{"line":1,"column":0},"end":{"line":1,"column":18}},"1":{"start":{"line":2,"column":0},"end":{"line":2,"column":9}},"2":{"start":{"line":3,"column":0},"end":{"line":3,"column":0}},"3":{"start":{"line":4,"column":0},"end":{"line":4,"column":6}},"4":{"start":{"line":5,"column":0},"end":{"line":5,"column":9}},"5":{"start":{"line":6,"column":0},"end":{"line":6,"column":7}},"6":{"start":{"line":7,"column":0},"end":{"line":7,"column":0}},"7":{"start":{"line":8,"column":0},"end":{"line":8,"column":7}},"8":{"start":{"line":9,"column":0},"end":{"line":9,"column":7}},"9":{"start":{"line":10,"column":0},"end":{"line":10,"column":24}},"10":{"start":{"line":11,"column":0},"end":{"line":11,"column":25}},"11":{"start":{"line":12,"column":0},"end":{"line":12,"column":22}},"12":{"start":{"line":13,"column":0},"end":{"line":13,"column":22}},"13":{"start":{"line":14,"column":0},"end":{"line":14,"column":26}},"14":{"start":{"line":15,"column":0},"end":{"line":15,"column":19}},"15":{"start":{"line":16,"column":0},"end":{"line":16,"column":29}},"16":{"start":{"line":17,"column":0},"end":{"line":17,"column":18}},"17":{"start":{"line":18,"column":0},"end":{"line":18,"column":19}},"18":{"start":{"line":19,"column":0},"end":{"line":19,"column":46}},"19":{"start":{"line":20,"column":0},"end":{"line":20,"column":42}},"20":{"start":{"line":21,"column":0},"end":{"line":21,"column":21}},"21":{"start":{"line":22,"column":0},"end":{"line":22,"column":19}},"22":{"start":{"line":23,"column":0},"end":{"line":23,"column":2}},"23":{"start":{"line":24,"column":0},"end":{"line":24,"column":8}}},"s":{"0":1,"1":1,"2":1,"3":1,"4":1,"5":1,"6":1,"7":1,"8":1,"9":1,"10":1,"11":1,"12":1,"13":1,"14":1,"15":1,"16":1,"17":1,"18":1,"19":1,"20":1,"21":1,"22":1,"23":1},"branchMap":{"0":{"type":"branch","line":1,"loc":{"start":{"line":1,"column":0},"end":{"line":1,"column":17}},"locations":[{"start":{"line":1,"column":0},"end":{"line":1,"column":17}}]},"1":{"type":"branch","line":1,"loc":{"start":{"line":1,"column":0},"end":{"line":1,"column":17}},"locations":[{"start":{"line":1,"column":0},"end":{"line":1,"column":17}}]}},"b":{"0":[2],"1":[2]},"fnMap":{},"f":{}}
[...]
7":{"start":{"line":18,"column":0},"end":{"line":18,"column":5}},"18":{"start":{"line":19,"column":0},"end":{"line":19,"column":50}},"19":{"start":{"line":20,"column":0},"end":{"line":20,"column":31}},"20":{"start":{"line":21,"column":0},"end":{"line":21,"column":11}},"21":{"start":{"line":22,"column":0},"end":{"line":22,"column":20}},"22":{"start":{"line":23,"column":0},"end":{"line":23,"column":92}},"23":{"start":{"line":24,"column":0},"end":{"line":24,"column":9}},"24":{"start":{"line":25,"column":0},"end":{"line":25,"column":56}},"25":{"start":{"line":26,"column":0},"end":{"line":26,"column":70}},"26":{"start":{"line":27,"column":0},"end":{"line":27,"column":56}},"27":{"start":{"line":28,"column":0},"end":{"line":28,"column":0}},"28":{"start":{"line":29,"column":0},"end":{"line":29,"column":53}},"29":{"start":{"line":30,"column":0},"end":{"line":30,"column":49}},"30":{"start":{"line":31,"column":0},"end":{"line":31,"column":2}},"31":{"start":{"line":32,"column":0},"end":{"line":32,"column":9}},"32":{"start":{"line":33,"column":0},"end":{"line":33,"column":0}},"33":{"start":{"line":34,"column":0},"end":{"line":34,"column":31}},"34":{"start":{"line":35,"column":0},"end":{"line":35,"column":48}},"35":{"start":{"line":36,"column":0},"end":{"line":36,"column":93}},"36":{"start":{"line":37,"column":0},"end":{"line":37,"column":6}},"37":{"start":{"line":38,"column":0},"end":{"line":38,"column":5}},"38":{"start":{"line":39,"column":0},"end":{"line":39,"column":0}},"39":{"start":{"line":40,"column":0},"end":{"line":40,"column":7}},"40":{"start":{"line":41,"column":0},"end":{"line":41,"column":13}},"41":{"start":{"line":42,"column":0},"end":{"line":42,"column":31}},"42":{"start":{"line":43,"column":0},"end":{"line":43,"column":2}},"43":{"start":{"line":44,"column":0},"end":{"line":44,"column":24}},"44":{"start":{"line":45,"column":0},"end":{"line":45,"column":31}},"45":{"start":{"line":46,"column":0},"end":{"line":46,"column":2}},"46":{"start":{"line":47,"column":0},"end":{"line":47,"column":12}},"47":{"start":{"line":48,"column":0},"end":{"line":48,"column":24}},"48":{"start":{"line":49,"column":0},"end":{"line":49,"column":29}},"49":{"start":{"line":50,"column":0},"end":{"line":50,"column":30}},"50":{"start":{"line":51,"column":0},"end":{"line":51,"column":33}},"51":{"start":{"line":52,"column":0},"end":{"line":52,"column":2}},"52":{"start":{"line":53,"column":0},"end":{"line":53,"column":8}}},"s":{"0":1,"1":1,"2":1,"3":1,"4":1,"5":1,"6":1,"7":1,"8":1,"9":1,"10":1,"11":1,"12":1,"13":1,"14":1,"15":1,"16":1,"17":1,"18":1,"19":1,"20":1,"21":1,"22":1,"23":1,"24":1,"25":1,"26":1,"27":1,"28":1,"29":1,"30":1,"31":1,"32":1,"33":1,"34":1,"35":1,"36":1,"37":1,"38":1,"39":1,"40":1,"41":1,"42":1,"43":1,"44":1,"45":1,"46":1,"47":1,"48":1,"49":1,"50":1,"51":1,"52":1},"branchMap":{"0":{"type":"branch","line":34,"loc":{"start":{"line":34,"column":30},"end":{"line":34,"column":31}},"locations":[{"start":{"line":34,"column":30},"end":{"line":34,"column":31}}]},"1":{"type":"branch","line":13,"loc":{"start":{"line":13,"column":45},"end":{"line":13,"column":74}},"locations":[{"start":{"line":13,"column":45},"end":{"line":13,"column":74}}]},"2":{"type":"branch","line":14,"loc":{"start":{"line":14,"column":37},"end":{"line":14,"column":67}},"locations":[{"start":{"line":14,"column":37},"end":{"line":14,"column":67}}]},"3":{"type":"branch","line":15,"loc":{"start":{"line":15,"column":60},"end":{"line":15,"column":84}},"locations":[{"start":{"line":15,"column":60},"end":{"line":15,"column":84}}]},"4":{"type":"branch","line":23,"loc":{"start":{"line":23,"column":11},"end":{"line":23,"column":86}},"locations":[{"start":{"line":23,"column":11},"end":{"line":23,"column":86}}]}},"b":{"0":[12],"1":[3],"2":[11],"3":[4],"4":[13]},"fnMap":{},"f":{}}
,"/Users/stuarthanberg/dev/Taper/src/components/ScheduleTable.svelte": {"path":"/Users/stuarthanberg/dev/Taper/src/components/ScheduleTable.svelte","all":false,"statementMap":{"0":{"start":{"line":1,"column":0},"end":{"line":1,"column":18}},"1":{"start":{"line":2,"column":0},"end":{"line":2,"column":38}},"2":{"start":{"line":3,"column":0},"end":{"line":3,"column":60}},"3":{"start":{"line":4,"column":0},"end":{"line":4,"column":70}},"4":{"start":{"line":5,"column":0},"end":{"line":5,"column":56}},"5":{"start":{"line":6,"column":0},"end":{"line":6,"column":9}},"6":{"start":{"line":7,"column":0},"end":{"line":7,"column":0}},"7":{"start":{"line":8,"column":0},"end":{"line":8,"column":20}},"8":{"start":{"line":9,"column":0},"end":{"line":9,"column":8}},"9":{"start":{"line":10,"column":0},"end":{"line":10,"column":6}},"10":{"start":{"line":11,"column":0},"end":{"line":11,"column":27}},"11":{"start":{"line":12,"column":0},"end":{"line":12,"column":29}},"12":{"start":{"line":13,"column":0},"end":{"line":13,"column":12}},"13":{"start":{"line":14,"column":0},"end":{"line":14,"column":7}},"14":{"start":{"line":15,"column":0},"end":{"line":15,"column":9}},"15":{"start":{"line":16,"column":0},"end":{"line":16,"column":8}},"16":{"start":{"line":17,"column":0},"end":{"line":17,"column":55}},"17":{"start":{"line":18,"column":0},"end":{"line":18,"column":75}},"18":{"start":{"line":19,"column":0},"end":{"line":19,"column":8}},"19":{"start":{"line":20,"column":0},"end":{"line":20,"column":78}},"20":{"start":{"line":21,"column":0},"end":{"line":21,"column":23}},"21":{"start":{"line":22,"column":0},"end":{"line":22,"column":80}},"22":{"start":{"line":23,"column":0},"end":{"line":23,"column":8}},"23":{"start":{"line":24,"column":0},"end":{"line":24,"column":10}},"24":{"start":{"line":25,"column":0},"end":{"line":25,"column":9}},"25":{"start":{"line":26,"column":0},"end":{"line":26,"column":8}},"26":{"start":{"line":27,"column":0},"end":{"line":27,"column":15}},"27":{"start":{"line":28,"column":0},"end":{"line":28,"column":42}},"28":{"start":{"line":29,"column":0},"end":{"line":29,"column":13}},"29":{"start":{"line":30,"column":0},"end":{"line":30,"column":11}},"30":{"start":{"line":31,"column":0},"end":{"line":31,"column":65}},"31":{"start":{"line":32,"column":0},"end":{"line":32,"column":75}},"32":{"start":{"line":33,"column":0},"end":{"line":33,"column":5}},"33":{"start":{"line":34,"column":0},"end":{"line":34,"column":9}},"34":{"start":{"line":35,"column":0},"end":{"line":35,"column":9}},"35":{"start":{"line":36,"column":0},"end":{"line":36,"column":8}},"36":{"start":{"line":37,"column":0},"end":{"line":37,"column":0}},"37":{"start":{"line":38,"column":0},"end":{"line":38,"column":7}},"38":{"start":{"line":39,"column":0},"end":{"line":39,"column":8}},"39":{"start":{"line":40,"column":0},"end":{"line":40,"column":20}},"40":{"start":{"line":41,"column":0},"end":{"line":41,"column":2}},"41":{"start":{"line":42,"column":0},"end":{"line":42,"column":0}},"42":{"start":{"line":43,"column":0},"end":{"line":43,"column":8}},"43":{"start":{"line":44,"column":0},"end":{"line":44,"column":28}},"44":{"start":{"line":45,"column":0},"end":{"line":45,"column":34}},"45":{"start":{"line":46,"column":0},"end":{"line":46,"column":17}},"46":{"start":{"line":47,"column":0},"end":{"line":47,"column":0}},"47":{"start":{"line":48,"column":0},"end":{"line":48,"column":8}},"48":{"start":{"line":49,"column":0},"end":{"line":49,"column":43}},"49":{"start":{"line":50,"column":0},"end":{"line":50,"column":3}},"50":{"start":{"line":51,"column":0},"end":{"line":51,"column":0}},"51":{"start":{"line":52,"column":0},"end":{"line":52,"column":7}},"52":{"start":{"line":53,"column":0},"end":{"line":53,"column":8}},"53":{"start":{"line":54,"column":0},"end":{"line":54,"column":14}},"54":{"start":{"line":55,"column":0},"end":{"line":55,"column":41}},"55":{"start":{"line":56,"column":0},"end":{"line":56,"column":20}},"56":{"start":{"line":57,"column":0},"end":{"line":57,"column":21}},"57":{"start":{"line":58,"column":0},"end":{"line":58,"column":3}},"58":{"start":{"line":59,"column":0},"end":{"line":59,"column":0}},"59":{"start":{"line":60,"column":0},"end":{"line":60,"column":13}},"60":{"start":{"line":61,"column":0},"end":{"line":61,"column":15}},"61":{"start":{"line":62,"column":0},"end":{"line":62,"column":0}},"62":{"start":{"line":63,"column":0},"end":{"line":63,"column":12}},"63":{"start":{"line":64,"column":0},"end":{"line":64,"column":31}},"64":{"start":{"line":65,"column":0},"end":{"line":65,"column":34}},"65":{"start":{"line":66,"column":0},"end":{"line":66,"column":4}},"66":{"start":{"line":67,"column":0},"end":{"line":67,"column":3}},"67":{"start":{"line":68,"column":0},"end":{"line":68,"column":0}},"68":{"start":{"line":69,"column":0},"end":{"line":69,"column":13}},"69":{"start":{"line":70,"column":0},"end":{"line":70,"column":15}},"70":{"start":{"line":71,"column":0},"end":{"line":71,"column":0}},"71":{"start":{"line":72,"column":0},"end":{"line":72,"column":12}},"72":{"start":{"line":73,"column":0},"end":{"line":73,"column":30}},"73":{"start":{"line":74,"column":0},"end":{"line":74,"column":33}},"74":{"start":{"line":75,"column":0},"end":{"line":75,"column":4}},"75":{"start":{"line":76,"column":0},"end":{"line":76,"column":3}},"76":{"start":{"line":77,"column":0},"end":{"line":77,"column":0}},"77":{"start":{"line":78,"column":0},"end":{"line":78,"column":15}},"78":{"start":{"line":79,"column":0},"end":{"line":79,"column":14}},"79":{"start":{"line":80,"column":0},"end":{"line":80,"column":3}},"80":{"start":{"line":81,"column":0},"end":{"line":81,"column":2}},"81":{"start":{"line":82,"column":0},"end":{"line":82,"column":0}},"82":{"start":{"line":83,"column":0},"end":{"line":83,"column":27}},"83":{"start":{"line":84,"column":0},"end":{"line":84,"column":13}},"84":{"start":{"line":85,"column":0},"end":{"line":85,"column":25}},"85":{"start":{"line":86,"column":0},"end":{"line":86,"column":16}},"86":{"start":{"line":87,"column":0},"end":{"line":87,"column":2}},"87":{"start":{"line":88,"column":0},"end":{"line":88,"column":8}}},"s":{"0":1,"1":1,"2":1,"3":1,"4":1,"5":1,"6":1,"7":1,"8":1,"9":1,"10":1,"11":1,"12":1,"13":1,"14":1,"15":1,"16":1,"17":1,"18":1,"19":1,"20":1,"21":1,"22":1,"23":1,"24":1,"25":1,"26":1,"27":1,"28":1,"29":1,"30":1,"31":1,"32":1,"33":1,"34":1,"35":1,"36":1,"37":1,"38":1,"39":1,"40":1,"41":1,"42":1,"43":1,"44":1,"45":1,"46":1,"47":1,"48":1,"49":1,"50":1,"51":1,"52":1,"53":1,"54":1,"55":1,"56":1,"57":1,"58":1,"59":1,"60":1,"61":1,"62":1,"63":1,"64":1,"65":1,"66":1,"67":1,"68":1,"69":1,"70":1,"71":1,"72":1,"73":1,"74":1,"75":1,"76":1,"77":1,"78":1,"79":1,"80":1,"81":1,"82":1,"83":1,"84":1,"85":1,"86":1,"87":1},"branchMap":{"0":{"type":"branch","line":1,"loc":{"start":{"line":1,"column":0},"end":{"line":1,"column":18}},"locations":[{"start":{"line":1,"column":0},"end":{"line":1,"column":18}}]},"1":{"type":"branch","line":1,"loc":{"start":{"line":1,"column":0},"end":{"line":1,"column":18}},"locations":[{"start":{"line":1,"column":0},"end":{"line":1,"column":18}}]}},"b":{"0":[1],"1":[1]},"fnMap":{"0":{"name":"addSegment_handler","decl":{"start":{"line":22,"column":28},"end":{"line":22,"column":80}},"loc":{"start":{"line":22,"column":28},"end":{"line":22,"column":80}},"line":22},"1":{"name":"removeSegment_handler","decl":{"start":{"line":31,"column":28},"end":{"line":31,"column":65}},"loc":{"start":{"line":31,"column":28},"end":{"line":31,"column":65}},"line":31},"2":{"name":"change_handler","decl":{"start":{"line":32,"column":16},"end":{"line":32,"column":75}},"loc":{"start":{"line":32,"column":16},"end":{"line":32,"column":75}},"line":32}},"f":{"0":0,"1":0,"2":0}}
,"/Users/stuarthanberg/dev/Taper/src/routes/+layout.svelte": {"path":"/Users/stuarthanberg/dev/Taper/src/routes/+layout.svelte","all":true,"statementMap":{"0":{"start":{"line":1,"column":0},"end":{"line":1,"column":8}},"1":{"start":{"line":2,"column":0},"end":{"line":2,"column":44}},"2":{"start":{"line":3,"column":0},"end":{"line":3,"column":52}},"3":{"start":{"line":4,"column":0},"end":{"line":4,"column":23}},"4":{"start":{"line":5,"column":0},"end":{"line":5,"column":0}},"5":{"start":{"line":6,"column":0},"end":{"line":6,"column":52}},"6":{"start":{"line":7,"column":0},"end":{"line":7,"column":54}},"7":{"start":{"line":8,"column":0},"end":{"line":8,"column":9}},"8":{"start":{"line":9,"column":0},"end":{"line":9,"column":0}},"9":{"start":{"line":10,"column":0},"end":{"line":10,"column":13}},"10":{"start":{"line":11,"column":0},"end":{"line":11,"column":21}},"11":{"start":{"line":12,"column":0},"end":{"line":12,"column":14}},"12":{"start":{"line":13,"column":0},"end":{"line":13,"column":0}},"13":{"start":{"line":14,"column":0},"end":{"line":14,"column":17}},"14":{"start":{"line":15,"column":0},"end":{"line":15,"column":12}},"15":{"start":{"line":16,"column":0},"end":{"line":16,"column":9}},"16":{"start":{"line":17,"column":0},"end":{"line":17,"column":6}},"17":{"start":{"line":18,"column":0},"end":{"line":18,"column":0}},"18":{"start":{"line":19,"column":0},"end":{"line":19,"column":7}},"19":{"start":{"line":20,"column":0},"end":{"line":20,"column":7}},"20":{"start":{"line":21,"column":0},"end":{"line":21,"column":16}},"21":{"start":{"line":22,"column":0},"end":{"line":22,"column":25}},"22":{"start":{"line":23,"column":0},"end":{"line":23,"column":26}},"23":{"start":{"line":24,"column":0},"end":{"line":24,"column":22}},"24":{"start":{"line":25,"column":0},"end":{"line":25,"column":2}},"25":{"start":{"line":26,"column":0},"end":{"line":26,"column":8}}},"s":{"0":0,"1":0,"2":0,"3":0,"4":0,"5":0,"6":0,"7":0,"8":0,"9":0,"10":0,"11":0,"12":0,"13":0,"14":0,"15":0,"16":0,"17":0,"18":0,"19":0,"20":0,"21":0,"22":0,"23":0,"24":0,"25":0},"branchMap":{"0":{"type":"branch","line":1,"loc":{"start":{"line":1,"column":472},"end":{"line":26,"column":8}},"locations":[{"start":{"line":1,"column":472},"end":{"line":26,"column":8}}]}},"b":{"0":[0]},"fnMap":{"0":{"name":"(empty-report)","decl":{"start":{"line":1,"column":472},"end":{"line":26,"column":8}},"loc":{"start":{"line":1,"column":472},"end":{"line":26,"column":8}},"line":1}},"f":{"0":0}}
,"/Users/stuarthanberg/dev/Taper/src/routes/+page.svelte": {"path":"/Users/stuarthanberg/dev/Taper/src/routes/+page.svelte","all":true,"statementMap":{"0":{"start":{"line":1,"column":0},"end":{"line":1,"column":18}},"1":{"start":{"line":2,"column":0},"end":{"line":2,"column":45}},"2":{"start":{"line":3,"column":0},"end":{"line":3,"column":38}},"3":{"start":{"line":4,"column":0},"end":{"line":4,"column":58}},"4":{"start":{"line":5,"column":0},"end":{"line":5,"column":64}},"5":{"start":{"line":6,"column":0},"end":{"line":6,"column":46}},"6":{"start":{"line":7,"column":0},"end":{"line":7,"column":0}},"7":{"start":{"line":8,"column":0},"end":{"line":8,"column":43}},"8":{"start":{"line":9,"column":0},"end":{"line":9,"column":48}},"9":{"start":{"line":10,"column":0},"end":{"line":10,"column":0}},"10":{"start":{"line":11,"column":0},"end":{"line":11,"column":44}},"11":{"start":{"line":12,"column":0},"end":{"line":12,"column":22}},"12":{"start":{"line":13,"column":0},"end":{"line":13,"column":18}},"13":{"start":{"line":14,"column":0},"end":{"line":14,"column":20}},"14":{"start":{"line":15,"column":0},"end":{"line":15,"column":11}},"15":{"start":{"line":16,"column":0},"end":{"line":16,"column":20}},"16":{"start":{"line":17,"column":0},"end":{"line":17,"column":4}},"17":{"start":{"line":18,"column":0},"end":{"line":18,"column":51}},"18":{"start":{"line":19,"column":0},"end":{"line":19,"column":22}},"19":{"start":{"line":20,"column":0},"end":{"line":20,"column":19}},"20":{"start":{"line":21,"column":0},"end":{"line":21,"column":3}},"21":{"start":{"line":22,"column":0},"end":{"line":22,"column":2}},"22":{"start":{"line":23,"column":0},"end":{"line":23,"column":0}},"23":{"start":{"line":24,"column":0},"end":{"line":24,"column":16}},"24":{"start":{"line":25,"column":0},"end":{"line":25,"column":38}},"25":{"start":{"line":26,"column":0},"end":{"line":26,"column":53}},"26":{"start":{"line":27,"column":0},"end":{"line":27,"column":3}},"27":{"start":{"line":28,"column":0},"end":{"line":28,"column":4}},"28":{"start":{"line":29,"column":0},"end":{"line":29,"column":0}},"29":{"start":{"line":30,"column":0},"end":{"line":30,"column":18}},"30":{"start":{"line":31,"column":0},"end":{"line":31,"column":38}},"31":{"start":{"line":32,"column":0},"end":{"line":32,"column":56}},"32":{"start":{"line":33,"column":0},"end":{"line":33,"column":3}},"33":{"start":{"line":34,"column":0},"end":{"line":34,"column":4}},"34":{"start":{"line":35,"column":0},"end":{"line":35,"column":9}},"35":{"start":{"line":36,"column":0},"end":{"line":36,"column":0}},"36":{"start":{"line":37,"column":0},"end":{"line":37,"column":6}},"37":{"start":{"line":38,"column":0},"end":{"line":38,"column":15}},"38":{"start":{"line":39,"column":0},"end":{"line":39,"column":0}},"39":{"start":{"line":40,"column":0},"end":{"line":40,"column":19}},"40":{"start":{"line":41,"column":0},"end":{"line":41,"column":19}},"41":{"start":{"line":42,"column":0},"end":{"line":42,"column":10}},"42":{"start":{"line":43,"column":0},"end":{"line":43,"column":7}},"43":{"start":{"line":44,"column":0},"end":{"line":44,"column":7}},"44":{"start":{"line":45,"column":0},"end":{"line":45,"column":0}},"45":{"start":{"line":46,"column":0},"end":{"line":46,"column":7}},"46":{"start":{"line":47,"column":0},"end":{"line":47,"column":7}},"47":{"start":{"line":48,"column":0},"end":{"line":48,"column":16}},"48":{"start":{"line":49,"column":0},"end":{"line":49,"column":25}},"49":{"start":{"line":50,"column":0},"end":{"line":50,"column":49}},"50":{"start":{"line":51,"column":0},"end":{"line":51,"column":17}},"51":{"start":{"line":52,"column":0},"end":{"line":52,"column":35}},"52":{"start":{"line":53,"column":0},"end":{"line":53,"column":46}},"53":{"start":{"line":54,"column":0},"end":{"line":54,"column":15}},"54":{"start":{"line":55,"column":0},"end":{"line":55,"column":2}},"55":{"start":{"line":56,"column":0},"end":{"line":56,"column":0}},"56":{"start":{"line":57,"column":0},"end":{"line":57,"column":8}},"57":{"start":{"line":58,"column":0},"end":{"line":58,"column":16}},"58":{"start":{"line":59,"column":0},"end":{"line":59,"column":22}},"59":{"start":{"line":60,"column":0},"end":{"line":60,"column":12}},"60":{"start":{"line":61,"column":0},"end":{"line":61,"column":16}},"61":{"start":{"line":62,"column":0},"end":{"line":62,"column":19}},"62":{"start":{"line":63,"column":0},"end":{"line":63,"column":2}},"63":{"start":{"line":64,"column":0},"end":{"line":64,"column":8}}},"s":{"0":0,"1":0,"2":0,"3":0,"4":0,"5":0,"6":0,"7":0,"8":0,"9":0,"10":0,"11":0,"12":0,"13":0,"14":0,"15":0,"16":0,"17":0,"18":0,"19":0,"20":0,"21":0,"22":0,"23":0,"24":0,"25":0,"26":0,"27":0,"28":0,"29":0,"30":0,"31":0,"32":0,"33":0,"34":0,"35":0,"36":0,"37":0,"38":0,"39":0,"40":0,"41":0,"42":0,"43":0,"44":0,"45":0,"46":0,"47":0,"48":0,"49":0,"50":0,"51":0,"52":0,"53":0,"54":0,"55":0,"56":0,"57":0,"58":0,"59":0,"60":0,"61":0,"62":0,"63":0},"branchMap":{"0":{"type":"branch","line":1,"loc":{"start":{"line":1,"column":1306},"end":{"line":64,"column":8}},"locations":[{"start":{"line":1,"column":1306},"end":{"line":64,"column":8}}]}},"b":{"0":[0]},"fnMap":{"0":{"name":"(empty-report)","decl":{"start":{"line":1,"column":1306},"end":{"line":64,"column":8}},"loc":{"start":{"line":1,"column":1306},"end":{"line":64,"column":8}},"line":1}},"f":{"0":0}}
,"/Users/stuarthanberg/dev/Taper/src/routes/+page.ts": {"path":"/Users/stuarthanberg/dev/Taper/src/routes/+page.ts","all":true,"statementMap":{"0":{"start":{"line":1,"column":0},"end":{"line":1,"column":55}},"1":{"start":{"line":2,"column":0},"end":{"line":2,"column":60}},"2":{"start":{"line":3,"column":0},"end":{"line":3,"column":30}}},"s":{"0":0,"1":0,"2":0},"branchMap":{"0":{"type":"branch","line":1,"loc":{"start":{"line":1,"column":147},"end":{"line":3,"column":30}},"locations":[{"start":{"line":1,"column":147},"end":{"line":3,"column":30}}]}},"b":{"0":[0]},"fnMap":{"0":{"name":"(empty-report)","decl":{"start":{"line":1,"column":147},"end":{"line":3,"column":30}},"loc":{"start":{"line":1,"column":147},"end":{"line":3,"column":30}},"line":1}},"f":{"0":0}}
}
